Log file open, 09/30/17 20:02:56
LogWindows: Failed to load 'aqProf.dll' (GetLastError=126)
LogWindows: File 'aqProf.dll' does not exist
LogWindows: Failed to load 'VSPerf140.dll' (GetLastError=126)
LogWindows: File 'VSPerf140.dll' does not exist
LogWindows: Failed to load 'VtuneApi.dll' (GetLastError=126)
LogWindows: File 'VtuneApi.dll' does not exist
LogWindows: Failed to load 'VtuneApi32e.dll' (GetLastError=126)
LogWindows: File 'VtuneApi32e.dll' does not exist
LogInit: Display: Running engine for game: RChase
LogPlatformFile: Not using cached read wrapper
LogInit: Display: RandInit(1415426454) SRandInit(1415426454).
LogTaskGraph: Started task graph with 5 named threads and 14 total threads with 3 sets of task threads.
LogStats: Stats thread started at 0.181785
LogD3D11RHI: Aftermath initialized
LogPluginManager: Mounting plugin Paper2D
LogPluginManager: Mounting plugin LightPropagationVolume
LogPluginManager: Mounting plugin CodeLiteSourceCodeAccess
LogPluginManager: Mounting plugin GitSourceControl
LogPluginManager: Mounting plugin KDevelopSourceCodeAccess
LogPluginManager: Mounting plugin NullSourceCodeAccess
LogPluginManager: Mounting plugin PerforceSourceControl
LogPluginManager: Mounting plugin SubversionSourceControl
LogPluginManager: Mounting plugin UObjectPlugin
LogPluginManager: Mounting plugin VisualStudioSourceCodeAccess
LogPluginManager: Mounting plugin XCodeSourceCodeAccess
LogPluginManager: Mounting plugin AssetManagerEditor
LogPluginManager: Mounting plugin AudioCapture
LogPluginManager: Mounting plugin FacialAnimation
LogPluginManager: Mounting plugin GameplayTagsEditor
LogPluginManager: Mounting plugin MobileLauncherProfileWizard
LogPluginManager: Mounting plugin PluginBrowser
LogPluginManager: Mounting plugin SpeedTreeImporter
LogPluginManager: Mounting plugin AlembicImporter
LogPluginManager: Mounting plugin CharacterAI
LogPluginManager: Mounting plugin HTML5Networking
LogPluginManager: Mounting plugin RawInput
LogPluginManager: Mounting plugin AndroidMedia
LogPluginManager: Mounting plugin AvfMedia
LogPluginManager: Mounting plugin MediaPlayerEditor
LogPluginManager: Mounting plugin WmfMedia
LogPluginManager: Mounting plugin TcpMessaging
LogPluginManager: Mounting plugin UdpMessaging
LogPluginManager: Mounting plugin LevelSequenceEditor
LogPluginManager: Mounting plugin MatineeToLevelSequence
LogPluginManager: Mounting plugin OnlineSubsystemGooglePlay
LogPluginManager: Mounting plugin OnlineSubsystemIOS
LogPluginManager: Mounting plugin OnlineSubsystem
LogPluginManager: Mounting plugin OnlineSubsystemNull
LogPluginManager: Mounting plugin OnlineSubsystemUtils
LogPluginManager: Mounting plugin AndroidDeviceProfileSelector
LogPluginManager: Mounting plugin AndroidMoviePlayer
LogPluginManager: Mounting plugin AndroidPermission
LogPluginManager: Mounting plugin AppleMoviePlayer
LogPluginManager: Mounting plugin ArchVisCharacter
LogPluginManager: Mounting plugin CableComponent
LogPluginManager: Mounting plugin CustomMeshComponent
LogPluginManager: Mounting plugin ExampleDeviceProfileSelector
LogPluginManager: Mounting plugin GoogleCloudMessaging
LogPluginManager: Mounting plugin ImmediatePhysics
LogPluginManager: Mounting plugin IOSDeviceProfileSelector
LogPluginManager: Mounting plugin LinuxDeviceProfileSelector
LogPluginManager: Mounting plugin LocationServicesBPLibrary
LogPluginManager: Mounting plugin MobilePatchingUtils
LogPluginManager: Mounting plugin OculusVR
LogPluginManager: Mounting plugin PhysXVehicles
LogPluginManager: Mounting plugin ProceduralMeshComponent
LogPluginManager: Mounting plugin RuntimePhysXCooking
LogPluginManager: Mounting plugin SteamVR
LogPluginManager: Mounting plugin WindowsMoviePlayer
LogInit: Using libcurl 7.47.1
LogInit:  - built for x86_64-pc-win32
LogInit:  - supports SSL with OpenSSL/1.0.2g
LogInit:  - supports HTTP deflate (compression) using libz 1.2.8
LogInit:  - other features:
LogInit:      CURL_VERSION_SSL
LogInit:      CURL_VERSION_LIBZ
LogInit:      CURL_VERSION_IPV6
LogInit:      CURL_VERSION_ASYNCHDNS
LogInit:      CURL_VERSION_LARGEFILE
LogInit:      CURL_VERSION_IDN
LogInit:  CurlRequestOptions (configurable via config and command line):
LogInit:  - bVerifyPeer = false  - Libcurl will NOT verify peer certificate
LogInit:  - bUseHttpProxy = false  - Libcurl will NOT use HTTP proxy
LogInit:  - bDontReuseConnections = false  - Libcurl will reuse connections
LogInit:  - CertBundlePath = nullptr  - Libcurl will use whatever was configured at build time.
LogInit: Build: ++UE4+Release-4.17-CL-3658906
LogInit: Engine Version: 4.17.2-3658906+++UE4+Release-4.17
LogInit: Compatible Engine Version: 4.17.0-3573198+++UE4+Release-4.17
LogInit: Net CL: 3573198
LogDevObjectVersion: Number of dev versions registered: 16
LogDevObjectVersion:   Dev-Blueprints (B0D832E4-1F89-4F0D-ACCF-7EB736FD4AA2): 10
LogDevObjectVersion:   Dev-Build (E1C64328-A22C-4D53-A36C-8E866417BD8C): 0
LogDevObjectVersion:   Dev-Core (375EC13C-06E4-48FB-B500-84F0262A717E): 2
LogDevObjectVersion:   Dev-Editor (E4B068ED-F494-42E9-A231-DA0B2E46BB41): 20
LogDevObjectVersion:   Dev-Framework (CFFC743F-43B0-4480-9391-14DF171D2073): 28
LogDevObjectVersion:   Dev-Mobile (B02B49B5-BB20-44E9-A304-32B752E40360): 0
LogDevObjectVersion:   Dev-Networking (A4E4105C-59A1-49B5-A7C5-40C4547EDFEE): 0
LogDevObjectVersion:   Dev-Online (39C831C9-5AE6-47DC-9A44-9C173E1C8E7C): 0
LogDevObjectVersion:   Dev-Physics (78F01B33-EBEA-4F98-B9B4-84EACCB95AA2): 0
LogDevObjectVersion:   Dev-Platform (6631380F-2D4D-43E0-8009-CF276956A95A): 0
LogDevObjectVersion:   Dev-Rendering (12F88B9F-8875-4AFC-A67C-D90C383ABD29): 19
LogDevObjectVersion:   Dev-Sequencer (7B5AE74C-D270-4C10-A958-57980B212A5A): 4
LogDevObjectVersion:   Dev-VR (D7296918-1DD6-4BDD-9DE2-64A83CC13884): 0
LogDevObjectVersion:   Dev-LoadTimes (C2A15278-BFE7-4AFE-6C17-90FF531DF755): 1
LogDevObjectVersion:   Private-Geometry (6EACA3D4-40EC-4CC1-B786-8BED09428FC5): 1
LogDevObjectVersion:   Dev-AnimPhys (29E575DD-E0A3-4627-9D10-D276232CDCEA): 7
LogInit: Compiled (64-bit): Sep 22 2017 13:47:16
LogInit: Compiled with Visual C++: 19.00.24215.01
LogInit: Build Configuration: Development
LogInit: Branch Name: ++UE4+Release-4.17
LogInit: Command line:  
LogInit: Base directory: C:/Program Files/Epic Games/UE_4.17/Engine/Binaries/Win64/
LogInit: Installed Engine Build: 1
LogInit: Presizing for max 8388607 objects, including 0 objects not considered by GC, pre-allocating 0 bytes for permanent pool.
LogInit: Object subsystem initialized
[2017.10.01-00.02.57:224][  0]LogInit: Selected Device Profile: [Windows]
[2017.10.01-00.02.57:225][  0]LogInit: Applying CVar settings loaded from the selected device profile: [Windows]
[2017.10.01-00.02.57:248][  0]LogInit: Computer: DESKTOP-8T06QBE
[2017.10.01-00.02.57:248][  0]LogInit: User: macke
[2017.10.01-00.02.57:249][  0]LogInit: CPU Page size=4096, Cores=4
[2017.10.01-00.02.57:249][  0]LogInit: High frequency timer resolution =2.338446 MHz
[2017.10.01-00.02.57:249][  0]LogMemory: Memory total: Physical=12.0GB (12GB approx)
[2017.10.01-00.02.57:249][  0]LogMemory: Platform Memory Stats for Windows
[2017.10.01-00.02.57:249][  0]LogMemory: Process Physical Memory: 277.08 MB used, 277.08 MB peak
[2017.10.01-00.02.57:249][  0]LogMemory: Process Virtual Memory: 274.11 MB used, 274.11 MB peak
[2017.10.01-00.02.57:249][  0]LogMemory: Physical Memory: 4664.75 MB used,  7576.23 MB free, 12240.98 MB total
[2017.10.01-00.02.57:250][  0]LogMemory: Virtual Memory: 668.78 MB used,  7576.23 MB free, 134217728.00 MB total
[2017.10.01-00.02.57:514][  0]LogInit: Using OS detected language (en-US).
[2017.10.01-00.02.57:514][  0]LogInit: Using OS detected locale (en-US).
[2017.10.01-00.02.57:518][  0]LogTextLocalizationManager: No specific localization for 'en-US' exists, so the 'en' localization will be used.
[2017.10.01-00.02.58:266][  0]LogD3D11RHI: D3D11 adapters:
[2017.10.01-00.02.58:306][  0]LogD3D11RHI:    0. 'NVIDIA GeForce GTX 660M' (Feature Level 11_0)
[2017.10.01-00.02.58:306][  0]LogD3D11RHI:       2018/0/6120 MB DedicatedVideo/DedicatedSystem/SharedSystem, Outputs:1, VendorId:0x10de
[2017.10.01-00.02.58:307][  0]LogD3D11RHI:    1. 'Microsoft Basic Render Driver' (Feature Level 11_0)
[2017.10.01-00.02.58:307][  0]LogD3D11RHI:       0/0/6120 MB DedicatedVideo/DedicatedSystem/SharedSystem, Outputs:0, VendorId:0x1414
[2017.10.01-00.02.58:307][  0]LogD3D11RHI: Chosen D3D11 Adapter: 0
[2017.10.01-00.02.58:314][  0]LogD3D11RHI: Creating new Direct3DDevice
[2017.10.01-00.02.58:314][  0]LogD3D11RHI:     GPU DeviceId: 0xfd4 (for the marketing name, search the web for "GPU Device Id")
[2017.10.01-00.02.58:314][  0]LogWindows: EnumDisplayDevices:
[2017.10.01-00.02.58:314][  0]LogWindows:    0. 'NVIDIA GeForce GTX 660M' (P:1 D:1)
[2017.10.01-00.02.58:315][  0]LogWindows:    1. 'NVIDIA GeForce GTX 660M' (P:0 D:0)
[2017.10.01-00.02.58:315][  0]LogWindows:    2. 'NVIDIA GeForce GTX 660M' (P:0 D:0)
[2017.10.01-00.02.58:315][  0]LogWindows:    3. 'NVIDIA GeForce GTX 660M' (P:0 D:0)
[2017.10.01-00.02.58:315][  0]LogWindows: DebugString: FoundDriverCount:4 
[2017.10.01-00.02.58:315][  0]LogD3D11RHI:     Adapter Name: NVIDIA GeForce GTX 660M
[2017.10.01-00.02.58:316][  0]LogD3D11RHI:   Driver Version: 384.94 (internal:22.21.13.8494, unified:384.94)
[2017.10.01-00.02.58:316][  0]LogD3D11RHI:      Driver Date: 7-18-2017
[2017.10.01-00.02.58:316][  0]LogRHI: Texture pool is 1361 MB (70% of 1945 MB)
[2017.10.01-00.02.58:354][  0]LogD3D11RHI: Async texture creation enabled
[2017.10.01-00.02.58:370][  0]LogD3D11RHI: GPU Timing Frequency: 1000.000000 (Debug: 2 2)
[2017.10.01-00.02.58:371][  0]LogShaderCompilers: Guid format shader working directory is 2 characters bigger than the processId version (../../../../../../Users/macke/Desktop/RChase/Intermediate/Shaders/WorkingDirectory/7176/).
[2017.10.01-00.02.58:371][  0]LogShaderCompilers: Cleaned the shader compiler working directory 'C:/Users/macke/AppData/Local/Temp/UnrealShaderWorkingDir/AFE792144C7BBFFBAB165B81AA4BB33C/'.
[2017.10.01-00.02.58:371][  0]LogShaderCompilers: Display: Using Local Shader Compiler.
[2017.10.01-00.02.59:461][  0]LogTemp: Display: Loaded TP AllDesktopTargetPlatform
[2017.10.01-00.02.59:530][  0]LogTemp: Display: Loaded TP MacClientTargetPlatform
[2017.10.01-00.02.59:601][  0]LogTemp: Display: Loaded TP MacNoEditorTargetPlatform
[2017.10.01-00.02.59:671][  0]LogTemp: Display: Loaded TP MacServerTargetPlatform
[2017.10.01-00.02.59:741][  0]LogTemp: Display: Loaded TP MacTargetPlatform
[2017.10.01-00.02.59:811][  0]LogTemp: Display: Loaded TP WindowsClientTargetPlatform
[2017.10.01-00.02.59:882][  0]LogTemp: Display: Loaded TP WindowsNoEditorTargetPlatform
[2017.10.01-00.02.59:952][  0]LogTemp: Display: Loaded TP WindowsServerTargetPlatform
[2017.10.01-00.03.00:016][  0]LogTemp: Display: Loaded TP WindowsTargetPlatform
[2017.10.01-00.03.00:085][  0]LogTemp: Display: Loaded TP AndroidTargetPlatform
[2017.10.01-00.03.00:154][  0]LogTemp: Display: Loaded TP Android_ASTCTargetPlatform
[2017.10.01-00.03.00:223][  0]LogTemp: Display: Loaded TP Android_ATCTargetPlatform
[2017.10.01-00.03.00:297][  0]LogTemp: Display: Loaded TP Android_DXTTargetPlatform
[2017.10.01-00.03.00:365][  0]LogTemp: Display: Loaded TP Android_ETC1TargetPlatform
[2017.10.01-00.03.00:434][  0]LogTemp: Display: Loaded TP Android_ETC2TargetPlatform
[2017.10.01-00.03.00:572][  0]LogTemp: Display: Loaded TP Android_MultiTargetPlatform
[2017.10.01-00.03.00:572][  0]LogTemp: Display: Loaded TP Android_PVRTCTargetPlatform
[2017.10.01-00.03.00:629][  0]LogTemp: Display: Loaded TP HTML5TargetPlatform
[2017.10.01-00.03.00:785][  0]LogTemp: Display: Loaded TP IOSTargetPlatform
[2017.10.01-00.03.00:855][  0]LogTemp: Display: Loaded TP TVOSTargetPlatform
[2017.10.01-00.03.00:922][  0]LogTemp: Display: Loaded TP LinuxClientTargetPlatform
[2017.10.01-00.03.00:989][  0]LogTemp: Display: Loaded TP LinuxNoEditorTargetPlatform
[2017.10.01-00.03.01:058][  0]LogTemp: Display: Loaded TP LinuxServerTargetPlatform
[2017.10.01-00.03.01:127][  0]LogTemp: Display: Loaded TP LinuxTargetPlatform
[2017.10.01-00.03.01:127][  0]LogTargetPlatformManager: Display: Building Assets For Windows
[2017.10.01-00.03.01:810][  0]LogDerivedDataCache: Display: Max Cache Size: 512 MB
[2017.10.01-00.03.01:909][  0]LogDerivedDataCache: Loaded boot cache 0.10s 93MB C:/Users/macke/AppData/Local/UnrealEngine/4.17/DerivedDataCache/Boot.ddc.
[2017.10.01-00.03.01:909][  0]LogDerivedDataCache: Display: Loaded Boot cache: C:/Users/macke/AppData/Local/UnrealEngine/4.17/DerivedDataCache/Boot.ddc
[2017.10.01-00.03.01:909][  0]LogDerivedDataCache: FDerivedDataBackendGraph:  Pak pak cache file ../../../../../../Users/macke/Desktop/RChase/DerivedDataCache/DDC.ddp not found, will not use a pak cache.
[2017.10.01-00.03.01:909][  0]LogDerivedDataCache: Unable to find inner node Pak for hierarchical cache Hierarchy.
[2017.10.01-00.03.01:909][  0]LogDerivedDataCache: FDerivedDataBackendGraph:  CompressedPak pak cache file ../../../../../../Users/macke/Desktop/RChase/DerivedDataCache/Compressed.ddp not found, will not use a pak cache.
[2017.10.01-00.03.01:909][  0]LogDerivedDataCache: Unable to find inner node CompressedPak for hierarchical cache Hierarchy.
[2017.10.01-00.03.01:926][  0]LogDerivedDataCache: Display: Pak cache opened for reading ../../../Engine/DerivedDataCache/Compressed.ddp.
[2017.10.01-00.03.01:939][  0]LogDerivedDataCache: Using Local data cache path C:/Users/macke/AppData/Local/UnrealEngine/Common/DerivedDataCache: Writable
[2017.10.01-00.03.01:951][  0]LogMaterial: Verifying Global Shaders for PCD3D_SM5
[2017.10.01-00.03.01:952][  0]LogSlate: Using Freetype 2.6.0
[2017.10.01-00.03.01:952][  0]LogSlate: SlateFontCache - WITH_FREETYPE: 1, WITH_HARFBUZZ: 1
[2017.10.01-00.03.01:952][  0]LogSlate: SlateFontCache - WITH_FREETYPE: 1, WITH_HARFBUZZ: 1
[2017.10.01-00.03.02:307][  0]LogAssetRegistry: FAssetRegistry took 0.0270 seconds to start up
[2017.10.01-00.03.02:488][  0]LogInit: Selected Device Profile: [Windows]
[2017.10.01-00.03.02:659][  0]LogContentStreaming: Texture pool size is 0.00 MB
[2017.10.01-00.03.03:074][  0]LogSimplygon: Simplygon DLL not present - disabling.
[2017.10.01-00.03.03:132][  0]LogMeshReduction: Using SimplygonSwarm for distributed automatic mesh merging
[2017.10.01-00.03.03:132][  0]LogMeshReduction: Using QuadricMeshReduction for automatic static mesh reduction
[2017.10.01-00.03.03:132][  0]LogMeshReduction: No automatic skeletal mesh reduction module available
[2017.10.01-00.03.03:132][  0]LogMeshReduction: No automatic mesh merging module available
[2017.10.01-00.03.03:132][  0]LogMeshMerging: No automatic mesh merging module available
[2017.10.01-00.03.03:547][  0]LogNetVersion: RChase , NetCL: 3573198, EngineNetVer: 2, GameNetVer: 0 (Checksum: 3391548731)
[2017.10.01-00.03.03:809][  0]LogPackageLocalizationCache: Processed 5 localized package path(s) for 2 prioritized culture(s) in 0.047432 seconds
[2017.10.01-00.03.03:815][  0]LogUObjectArray: 35825 objects as part of root set at end of initial load.
[2017.10.01-00.03.03:815][  0]LogUObjectAllocator: 7529112 out of 0 bytes used by permanent object pool.
[2017.10.01-00.03.03:815][  0]LogUObjectArray: CloseDisregardForGC: 0/0 objects in disregard for GC pool
[2017.10.01-00.03.03:905][  0]LogInit: WinSock: version 1.1 (2.2), MaxSocks=32767, MaxUdp=65467
[2017.10.01-00.03.07:227][  0]LogTcpMessaging: Initializing TcpMessaging bridge
[2017.10.01-00.03.07:280][  0]LogUdpMessaging: Initializing bridge on interface 0.0.0.0:0 to multicast group 230.0.0.1:6666.
[2017.10.01-00.03.08:161][  0]LogMaterial: Uniform references updated for custom material expression Custom.
[2017.10.01-00.03.08:706][  0]SourceControl: Source control is disabled
[2017.10.01-00.03.08:706][  0]SourceControl: Source control is disabled
[2017.10.01-00.03.08:774][  0]SourceControl: Source control is disabled
[2017.10.01-00.03.08:842][  0]SourceControl: Source control is disabled
[2017.10.01-00.03.09:859][  0]LogAndroidPermission: UAndroidPermissionCallbackProxy::GetInstance
[2017.10.01-00.03.10:203][  0]LogOcInput: OculusInput pre-init called
[2017.10.01-00.03.10:552][  0]LogEngine: Initializing Engine...
[2017.10.01-00.03.10:554][  0]LogHMD: Failed to initialize OpenVR with code 110
[2017.10.01-00.03.10:837][  0]LogStats: UGameplayTagsManager::ConstructGameplayTagTree: Construct from data asset -  0.000 s
[2017.10.01-00.03.10:837][  0]LogStats: UGameplayTagsManager::ConstructGameplayTagTree: GameplayTagTreeChangedEvent.Broadcast -  0.000 s
[2017.10.01-00.03.11:012][  0]LogAIModule: Creating AISystem for world Untitled
[2017.10.01-00.03.11:020][  0]LogInit: XAudio2 using 'Speakers (VIA HD Audio(Win 10))' : 2 channels at 48 kHz using 32 bits per sample (channel mask 0x3)
[2017.10.01-00.03.11:057][  0]LogInit: FAudioDevice initialized.
[2017.10.01-00.03.11:237][  0]LogDerivedDataCache: Saved boot cache 0.18s 93MB C:/Users/macke/AppData/Local/UnrealEngine/4.17/DerivedDataCache/Boot.ddc.
[2017.10.01-00.03.11:257][  0]LogInit: Texture streaming: Enabled
[2017.10.01-00.03.11:439][  0]LogEngineSessionManager: EngineSessionManager initialized
[2017.10.01-00.03.11:746][  0]LogInit: Transaction tracking system initialized
[2017.10.01-00.03.12:183][  0]BlueprintLog: New page: Editor Load
[2017.10.01-00.03.13:485][  0]LocalizationService: Localization service is disabled
[2017.10.01-00.03.14:442][  0]LogConsoleResponse: Display: 
[2017.10.01-00.03.14:663][  0]LogCook: Display: Max memory allowance for cook 16384mb min free memory 0mb
[2017.10.01-00.03.14:663][  0]LogCook: Display: Mobile HDR setting 1
[2017.10.01-00.03.14:663][  0]LogGameplayTags: Display: UGameplayTagsManager::DoneAddingNativeTags. DelegateIsBound: 0
[2017.10.01-00.03.15:398][  0]LogFileCache: Scanning file cache for directory 'C:/Users/macke/Desktop/RChase/Content/' took 0.01s
[2017.10.01-00.03.16:140][  0]SourceControl: Source control is disabled
[2017.10.01-00.03.16:140][  0]Cmd: MAP LOAD FILE="../../../../../../Users/macke/Desktop/RChase/Content/VehicleBP/Maps/VehicleExampleMap.umap" TEMPLATE=0 SHOWPROGRESS=1 FEATURELEVEL=3
[2017.10.01-00.03.16:140][  0]LogEditorServer: Warning: Can't find file '../../../../../../Users/macke/Desktop/RChase/Content/VehicleBP/Maps/VehicleExampleMap.umap'
[2017.10.01-00.03.16:140][  0]Cmd: MAP CHECKDEP NOCLEARLOG
[2017.10.01-00.03.16:201][  0]MapCheck: Map check complete: 0 Error(s), 0 Warning(s), took 60.716ms to complete.
[2017.10.01-00.03.16:201][  0]LogFileHelpers: Loading map 'VehicleExampleMap' took 0.061
[2017.10.01-00.03.16:272][  0]LogWindowsTextInputMethodSystem: Display: IME system now deactivated.
[2017.10.01-00.03.16:407][  0]LogCollectionManager: Loaded 0 collections in 0.002198 seconds
[2017.10.01-00.03.16:525][  0]LogFileCache: Scanning file cache for directory 'C:/Users/macke/Desktop/RChase/Saved/Collections/' took 0.01s
[2017.10.01-00.03.16:525][  0]LogFileCache: Scanning file cache for directory 'C:/Users/macke/Desktop/RChase/Content/Developers/macke/Collections/' took 0.01s
[2017.10.01-00.03.16:525][  0]LogFileCache: Scanning file cache for directory 'C:/Users/macke/Desktop/RChase/Content/Collections/' took 0.01s
[2017.10.01-00.03.16:525][  0]LogCollectionManager: Rebuilt the GUID cache for 0 collections in 0.000001 seconds
[2017.10.01-00.03.16:535][  0]LogContentBrowser: Native class hierarchy populated in 0.0104 seconds. Added 2388 classes and 503 folders.
[2017.10.01-00.03.16:630][  0]LogContentBrowser: Native class hierarchy updated for 'WidgetCarousel' in 0.0007 seconds. Added 0 classes and 0 folders.
[2017.10.01-00.03.16:682][  0]LogContentBrowser: Native class hierarchy updated for 'AddContentDialog' in 0.0007 seconds. Added 0 classes and 0 folders.
[2017.10.01-00.03.16:763][  0]LogContentBrowser: Native class hierarchy updated for 'SceneOutliner' in 0.0008 seconds. Added 1 classes and 2 folders.
[2017.10.01-00.03.16:873][  0]LogContentBrowser: Native class hierarchy updated for 'HierarchicalLODOutliner' in 0.0008 seconds. Added 1 classes and 2 folders.
[2017.10.01-00.03.16:873][  0]LogLoad: (Engine Initialization) Total time: 21.66 seconds
[2017.10.01-00.03.16:873][  0]LogLoad: (Engine Initialization) Total Blueprint compile time: 0.00 seconds
[2017.10.01-00.03.16:873][  0]LogExternalProfiler: No external profilers were discovered.  External profiling features will not be available.
[2017.10.01-00.03.16:894][  0]LogRawInputWindows: Warning: Found device 0 devices
[2017.10.01-00.03.16:894][  0]LogRawInputWindows: Warning: Found device 0 devices
[2017.10.01-00.03.16:894][  0]LogRawInputWindows: Warning: Device was registered succesfully but not connected (Usage:4 UsagePage:1
[2017.10.01-00.03.16:894][  0]LogRawInputWindows: Warning: Found device 1 devices
[2017.10.01-00.03.16:894][  0]LogRawInputWindows: Warning: Device was registered succesfully but not connected (Usage:5 UsagePage:1
[2017.10.01-00.03.16:912][  0]LogContentStreaming: Texture pool size now 1000 MB
[2017.10.01-00.03.16:913][  0]LogSlate: Took 0.000279 seconds to synchronously load lazily loaded font '../../../Engine/Content/Slate/Fonts/Roboto-Regular.ttf' (155K)
[2017.10.01-00.03.16:915][  0]LogSlate: Took 0.000156 seconds to synchronously load lazily loaded font '../../../Engine/Content/Slate/Fonts/Roboto-Bold.ttf' (160K)
[2017.10.01-00.03.16:921][  0]LogSlate: Took 0.000193 seconds to synchronously load lazily loaded font '../../../Engine/Content/Editor/Slate/Fonts/FontAwesome.ttf' (139K)
[2017.10.01-00.03.17:024][  0]LogSlate: Took 0.000260 seconds to synchronously load lazily loaded font '../../../Engine/Content/Slate/Fonts/Roboto-Light.ttf' (159K)
[2017.10.01-00.03.17:071][  1]LogAssetRegistry: Asset discovery search completed in 14.7856 seconds
[2017.10.01-00.03.17:073][  1]LogCollectionManager: Rebuilt the object cache for 0 collections in 0.000001 seconds (found 0 objects)
[2017.10.01-00.03.17:073][  1]LogCollectionManager: Fixed up redirectors for 0 collections in 0.000059 seconds (updated 0 objects)
[2017.10.01-00.03.17:102][  2]LogRenderer: Reallocating scene render targets to support 740x396 Format 10 NumSamples 1 (Frame:1).
[2017.10.01-00.03.42:809][529]LogRenderer: Reallocating scene render targets to support 1116x628 Format 10 NumSamples 1 (Frame:1529).
[2017.10.01-00.04.12:398][295]LogSlate: Took 0.000173 seconds to synchronously load lazily loaded font '../../../Engine/Content/Slate/Fonts/Roboto-Light.ttf' (159K)
[2017.10.01-00.04.47:972][420]LogMetaData: Removing '/Game/MackStuff/FindPlayer.FindPlayer_C' ref from Metadata '/Game/Vehicle/FindPlayer.PackageMetaData'
[2017.10.01-00.04.47:972][420]LogMetaData: Removing '/Game/MackStuff/FindPlayer.SKEL_FindPlayer_C:ReceiveActivation' ref from Metadata '/Game/Vehicle/FindPlayer.PackageMetaData'
[2017.10.01-00.04.47:972][420]LogMetaData: Removing '/Game/MackStuff/FindPlayer.SKEL_FindPlayer_C:PlayerObject' ref from Metadata '/Game/Vehicle/FindPlayer.PackageMetaData'
[2017.10.01-00.04.47:972][420]LogMetaData: Removing '/Game/MackStuff/FindPlayer.SKEL_FindPlayer_C' ref from Metadata '/Game/Vehicle/FindPlayer.PackageMetaData'
[2017.10.01-00.04.47:972][420]LogMetaData: Removing '/Game/MackStuff/FindPlayer.FindPlayer_C:PlayerObject' ref from Metadata '/Game/Vehicle/FindPlayer.PackageMetaData'
[2017.10.01-00.04.47:972][420]LogMetaData: Removing '/Game/MackStuff/FindPlayer.FindPlayer_C:ReceiveActivation' ref from Metadata '/Game/Vehicle/FindPlayer.PackageMetaData'
[2017.10.01-00.04.47:972][420]LogMetaData: Removing '/Game/MackStuff/FindPlayer.FindPlayer_C:ExecuteUbergraph_FindPlayer' ref from Metadata '/Game/Vehicle/FindPlayer.PackageMetaData'
[2017.10.01-00.04.47:978][420]LogMetaData: Removing '/Game/MackStuff/T-RexAI.T-RexAI:UserConstructionScript.K2Node_FunctionEntry_0' ref from Metadata '/Game/Vehicle/T-RexAI.PackageMetaData'
[2017.10.01-00.04.47:978][420]LogMetaData: Removing '/Game/MackStuff/T-RexAI.T-RexAI_C' ref from Metadata '/Game/Vehicle/T-RexAI.PackageMetaData'
[2017.10.01-00.04.47:978][420]LogMetaData: Removing '/Game/MackStuff/T-RexAI.T-RexAI:EventGraph.K2Node_Event_0' ref from Metadata '/Game/Vehicle/T-RexAI.PackageMetaData'
[2017.10.01-00.04.47:978][420]LogMetaData: Removing '/Game/MackStuff/T-RexAI.T-RexAI:EventGraph.K2Node_Event_1' ref from Metadata '/Game/Vehicle/T-RexAI.PackageMetaData'
[2017.10.01-00.04.47:978][420]LogMetaData: Removing '/Game/MackStuff/T-RexAI.SKEL_T-RexAI_C:ReceiveBeginPlay' ref from Metadata '/Game/Vehicle/T-RexAI.PackageMetaData'
[2017.10.01-00.04.47:978][420]LogMetaData: Removing '/Game/MackStuff/T-RexAI.SKEL_T-RexAI_C:ReceiveTick' ref from Metadata '/Game/Vehicle/T-RexAI.PackageMetaData'
[2017.10.01-00.04.47:978][420]LogMetaData: Removing '/Game/MackStuff/T-RexAI.SKEL_T-RexAI_C:UserConstructionScript' ref from Metadata '/Game/Vehicle/T-RexAI.PackageMetaData'
[2017.10.01-00.04.47:978][420]LogMetaData: Removing '/Game/MackStuff/T-RexAI.SKEL_T-RexAI_C' ref from Metadata '/Game/Vehicle/T-RexAI.PackageMetaData'
[2017.10.01-00.04.47:978][420]LogMetaData: Removing '/Game/MackStuff/T-RexAI.T-RexAI_C:ReceiveBeginPlay' ref from Metadata '/Game/Vehicle/T-RexAI.PackageMetaData'
[2017.10.01-00.04.47:978][420]LogMetaData: Removing '/Game/MackStuff/T-RexAI.T-RexAI_C:UserConstructionScript' ref from Metadata '/Game/Vehicle/T-RexAI.PackageMetaData'
[2017.10.01-00.04.47:978][420]LogMetaData: Removing '/Game/MackStuff/T-RexAI.T-RexAI_C:ExecuteUbergraph_T-RexAI' ref from Metadata '/Game/Vehicle/T-RexAI.PackageMetaData'
[2017.10.01-00.04.47:989][420]LogMetaData: Removing '/Game/MackStuff/T-RexBT.T-RexBT:Behavior Tree.BehaviorTreeGraphNode_Root_0' ref from Metadata '/Game/Vehicle/T-RexBT.PackageMetaData'
[2017.10.01-00.04.47:995][420]LogMetaData: Removing '/Game/MackStuff/T-RexChar.T-RexChar:UserConstructionScript.K2Node_FunctionEntry_0' ref from Metadata '/Game/Vehicle/T-RexChar.PackageMetaData'
[2017.10.01-00.04.47:995][420]LogMetaData: Removing '/Game/MackStuff/T-RexChar.T-RexChar_C' ref from Metadata '/Game/Vehicle/T-RexChar.PackageMetaData'
[2017.10.01-00.04.47:995][420]LogMetaData: Removing '/Game/MackStuff/T-RexChar.T-RexChar:EventGraph.K2Node_Event_0' ref from Metadata '/Game/Vehicle/T-RexChar.PackageMetaData'
[2017.10.01-00.04.47:995][420]LogMetaData: Removing '/Game/MackStuff/T-RexChar.T-RexChar:EventGraph.K2Node_Event_1' ref from Metadata '/Game/Vehicle/T-RexChar.PackageMetaData'
[2017.10.01-00.04.47:995][420]LogMetaData: Removing '/Game/MackStuff/T-RexChar.T-RexChar:EventGraph.K2Node_Event_2' ref from Metadata '/Game/Vehicle/T-RexChar.PackageMetaData'
[2017.10.01-00.04.47:995][420]LogMetaData: Removing '/Game/MackStuff/T-RexChar.SKEL_T-RexChar_C:ReceiveBeginPlay' ref from Metadata '/Game/Vehicle/T-RexChar.PackageMetaData'
[2017.10.01-00.04.47:995][420]LogMetaData: Removing '/Game/MackStuff/T-RexChar.SKEL_T-RexChar_C:ReceiveActorBeginOverlap' ref from Metadata '/Game/Vehicle/T-RexChar.PackageMetaData'
[2017.10.01-00.04.47:995][420]LogMetaData: Removing '/Game/MackStuff/T-RexChar.SKEL_T-RexChar_C:ReceiveTick' ref from Metadata '/Game/Vehicle/T-RexChar.PackageMetaData'
[2017.10.01-00.04.47:995][420]LogMetaData: Removing '/Game/MackStuff/T-RexChar.SKEL_T-RexChar_C:Cube' ref from Metadata '/Game/Vehicle/T-RexChar.PackageMetaData'
[2017.10.01-00.04.47:996][420]LogMetaData: Removing '/Game/MackStuff/T-RexChar.SKEL_T-RexChar_C:UserConstructionScript' ref from Metadata '/Game/Vehicle/T-RexChar.PackageMetaData'
[2017.10.01-00.04.47:996][420]LogMetaData: Removing '/Game/MackStuff/T-RexChar.SKEL_T-RexChar_C' ref from Metadata '/Game/Vehicle/T-RexChar.PackageMetaData'
[2017.10.01-00.04.47:996][420]LogMetaData: Removing '/Game/MackStuff/T-RexChar.T-RexChar_C:Cube' ref from Metadata '/Game/Vehicle/T-RexChar.PackageMetaData'
[2017.10.01-00.04.47:996][420]LogMetaData: Removing '/Game/MackStuff/T-RexChar.T-RexChar_C:UserConstructionScript' ref from Metadata '/Game/Vehicle/T-RexChar.PackageMetaData'
[2017.10.01-00.04.48:010][420]Cmd: OBJ SAVEPACKAGE PACKAGE="/Game/MackStuff/FindPlayer" FILE="../../../../../../Users/macke/Desktop/RChase/Content/MackStuff/FindPlayer.uasset" SILENT=true
[2017.10.01-00.04.48:031][420]LogSavePackage: Save=17.62ms
[2017.10.01-00.04.48:031][420]LogSavePackage: Moving '../../../../../../Users/macke/Desktop/RChase/Saved/FindPlayerDAEB533B4DC971045D9AB7801B4D3319.tmp' to '../../../../../../Users/macke/Desktop/RChase/Content/MackStuff/FindPlayer.uasset'
[2017.10.01-00.04.48:034][420]LogSavePackage: Display: Finished SavePackage ../../../../../../Users/macke/Desktop/RChase/Content/MackStuff/FindPlayer.uasset
[2017.10.01-00.04.48:041][420]Cmd: OBJ SAVEPACKAGE PACKAGE="/Game/MackStuff/T-RexAI" FILE="../../../../../../Users/macke/Desktop/RChase/Content/MackStuff/T-RexAI.uasset" SILENT=true
[2017.10.01-00.04.48:067][420]LogSavePackage: Save=22.36ms
[2017.10.01-00.04.48:067][420]LogSavePackage: Moving '../../../../../../Users/macke/Desktop/RChase/Saved/T-RexAID664C29C426622ED7FE25C81A03C97DC.tmp' to '../../../../../../Users/macke/Desktop/RChase/Content/MackStuff/T-RexAI.uasset'
[2017.10.01-00.04.48:070][420]LogSavePackage: Display: Finished SavePackage ../../../../../../Users/macke/Desktop/RChase/Content/MackStuff/T-RexAI.uasset
[2017.10.01-00.04.48:076][420]Cmd: OBJ SAVEPACKAGE PACKAGE="/Game/MackStuff/T-RexBB" FILE="../../../../../../Users/macke/Desktop/RChase/Content/MackStuff/T-RexBB.uasset" SILENT=true
[2017.10.01-00.04.48:084][420]LogSavePackage: Save=5.14ms
[2017.10.01-00.04.48:084][420]LogSavePackage: Moving '../../../../../../Users/macke/Desktop/RChase/Saved/T-RexBB6213BD9B4860CFB1F010D28172AC877A.tmp' to '../../../../../../Users/macke/Desktop/RChase/Content/MackStuff/T-RexBB.uasset'
[2017.10.01-00.04.48:087][420]LogSavePackage: Display: Finished SavePackage ../../../../../../Users/macke/Desktop/RChase/Content/MackStuff/T-RexBB.uasset
[2017.10.01-00.04.48:090][420]Cmd: OBJ SAVEPACKAGE PACKAGE="/Game/MackStuff/T-RexBT" FILE="../../../../../../Users/macke/Desktop/RChase/Content/MackStuff/T-RexBT.uasset" SILENT=true
[2017.10.01-00.04.48:104][420]LogSavePackage: Save=11.45ms
[2017.10.01-00.04.48:104][420]LogSavePackage: Moving '../../../../../../Users/macke/Desktop/RChase/Saved/T-RexBT26B6FE4F4557959FCFA0FD9BCDEB824B.tmp' to '../../../../../../Users/macke/Desktop/RChase/Content/MackStuff/T-RexBT.uasset'
[2017.10.01-00.04.48:107][420]LogSavePackage: Display: Finished SavePackage ../../../../../../Users/macke/Desktop/RChase/Content/MackStuff/T-RexBT.uasset
[2017.10.01-00.04.48:135][420]Cmd: OBJ SAVEPACKAGE PACKAGE="/Game/MackStuff/T-RexChar" FILE="../../../../../../Users/macke/Desktop/RChase/Content/MackStuff/T-RexChar.uasset" SILENT=true
[2017.10.01-00.04.48:175][420]LogSavePackage: Save=37.74ms
[2017.10.01-00.04.48:175][420]LogSavePackage: Moving '../../../../../../Users/macke/Desktop/RChase/Saved/T-RexChar82C4366841896AEA0150048D3B1480A9.tmp' to '../../../../../../Users/macke/Desktop/RChase/Content/MackStuff/T-RexChar.uasset'
[2017.10.01-00.04.48:179][420]LogSavePackage: Display: Finished SavePackage ../../../../../../Users/macke/Desktop/RChase/Content/MackStuff/T-RexChar.uasset
[2017.10.01-00.04.48:183][420]Cmd: OBJ SAVEPACKAGE PACKAGE="/Game/Vehicle/T-RexChar" FILE="../../../../../../Users/macke/Desktop/RChase/Content/Vehicle/T-RexChar.uasset" SILENT=true
[2017.10.01-00.04.48:194][420]LogSavePackage: Save=4.96ms
[2017.10.01-00.04.48:194][420]LogSavePackage: Moving '../../../../../../Users/macke/Desktop/RChase/Saved/T-RexCharEF3558D4414DC19291344EBC8DBD7B5D.tmp' to '../../../../../../Users/macke/Desktop/RChase/Content/Vehicle/T-RexChar.uasset'
[2017.10.01-00.04.48:197][420]LogSavePackage: Display: Finished SavePackage ../../../../../../Users/macke/Desktop/RChase/Content/Vehicle/T-RexChar.uasset
[2017.10.01-00.04.55:649][677]LogAIModule: Creating AISystem for world MacksDojo
[2017.10.01-00.05.02:521][677]Cmd: OBJ SAVEPACKAGE PACKAGE="/Game/MackStuff/T-RexChar" FILE="../../../../../../Users/macke/Desktop/RChase/Content/MackStuff/T-RexChar.uasset" SILENT=true
[2017.10.01-00.05.02:563][677]LogSavePackage: Save=34.45ms
[2017.10.01-00.05.02:563][677]LogSavePackage: Moving '../../../../../../Users/macke/Desktop/RChase/Saved/T-RexChar785DDD1B45823A28D4BCD68676C9C542.tmp' to '../../../../../../Users/macke/Desktop/RChase/Content/MackStuff/T-RexChar.uasset'
[2017.10.01-00.05.02:567][677]LogSavePackage: Display: Finished SavePackage ../../../../../../Users/macke/Desktop/RChase/Content/MackStuff/T-RexChar.uasset
[2017.10.01-00.05.02:568][677]Cmd: MAP LOAD FILE="../../../../../../Users/macke/Desktop/RChase/Content/Levels/MacksDojo.umap" TEMPLATE=0 SHOWPROGRESS=1 FEATURELEVEL=3
[2017.10.01-00.05.02:568][677]LightingResults: New page: Lighting Build
[2017.10.01-00.05.02:629][677]LogContentBrowser: Native class hierarchy updated for 'StatsViewer' in 0.0008 seconds. Added 5 classes and 0 folders.
[2017.10.01-00.05.02:629][677]LoadErrors: New page: Loading map: MacksDojo.umap
[2017.10.01-00.05.02:630][677]MapCheck: New page: Map Check
[2017.10.01-00.05.02:630][677]LightingResults: New page: Lighting Build
[2017.10.01-00.05.02:988][677]LogEditorServer: Finished looking for orphan Actors (0.000 secs)
[2017.10.01-00.05.03:242][677]LogSlate: Took 0.000216 seconds to synchronously load lazily loaded font '../../../Engine/Content/Slate/Fonts/Roboto-Regular.ttf' (155K)
[2017.10.01-00.05.03:299][677]Cmd: MAP CHECKDEP NOCLEARLOG
[2017.10.01-00.05.03:371][677]MapCheck: Map check complete: 0 Error(s), 0 Warning(s), took 71.973ms to complete.
[2017.10.01-00.05.03:371][677]LogFileHelpers: Loading map 'MacksDojo' took 0.804
[2017.10.01-00.05.04:427][713]Cmd: OBJ SAVEPACKAGE PACKAGE="/Game/Levels/MacksDojo" FILE="../../../../../../Users/macke/Desktop/RChase/Content/Levels/MacksDojo.umap" SILENT=true AUTOSAVING=false KEEPDIRTY=false
[2017.10.01-00.05.06:740][713]LogSavePackage: Save=2297.01ms
[2017.10.01-00.05.06:740][713]LogSavePackage: Moving '../../../../../../Users/macke/Desktop/RChase/Saved/MacksDojo7C76E62942843F485A815DBAB82402D0.tmp' to '../../../../../../Users/macke/Desktop/RChase/Content/Levels/MacksDojo.umap'
[2017.10.01-00.05.06:742][713]LogSavePackage: Display: Finished SavePackage ../../../../../../Users/macke/Desktop/RChase/Content/Levels/MacksDojo.umap
[2017.10.01-00.05.06:770][713]LogFileHelpers: Saving map 'MacksDojo' took 2.413
[2017.10.01-00.05.10:129][887]LogTemp: Repeating last play command: Selected Viewport
[2017.10.01-00.05.10:172][887]LogPlayLevel: PlayLevel: No blueprints needed recompiling
[2017.10.01-00.05.10:172][887]PIE: New page: PIE session: MacksDojo (Sep 30, 2017, 4:05:10 PM)
[2017.10.01-00.05.10:172][887]LogPlayLevel: Creating play world package: /Game/Levels/UEDPIE_0_MacksDojo
[2017.10.01-00.05.10:286][887]LogPlayLevel: PIE: StaticDuplicateObject took: (0.113373s)
[2017.10.01-00.05.10:286][887]LogAIModule: Creating AISystem for world MacksDojo
[2017.10.01-00.05.10:286][887]LogPlayLevel: PIE: World Init took: (0.000744s)
[2017.10.01-00.05.10:287][887]LogPlayLevel: PIE: Created PIE world by copying editor world from /Game/Levels/MacksDojo.MacksDojo to /Game/Levels/UEDPIE_0_MacksDojo.MacksDojo (0.114423s)
[2017.10.01-00.05.10:301][887]LogInit: XAudio2 using 'Speakers (VIA HD Audio(Win 10))' : 2 channels at 48 kHz using 32 bits per sample (channel mask 0x3)
[2017.10.01-00.05.10:312][887]LogInit: FAudioDevice initialized.
[2017.10.01-00.05.10:384][887]LogLoad: Game class is 'VehicleGameMode_C'
[2017.10.01-00.05.10:457][887]LogWorld: Bringing World /Game/Levels/UEDPIE_0_MacksDojo.MacksDojo up for play (max tick rate 60) at 2017.09.30-20.05.10
[2017.10.01-00.05.10:458][887]LogWorld: Bringing up level for play took: 0.063994
[2017.10.01-00.05.10:519][887]LogContentBrowser: Native class hierarchy updated for 'MovieSceneCapture' in 0.0008 seconds. Added 11 classes and 0 folders.
[2017.10.01-00.05.10:521][887]PIE: Play in editor start time for /Game/Levels/UEDPIE_0_MacksDojo -0.471
[2017.10.01-00.05.24:964][735]Cmd: OBJ SAVEPACKAGE PACKAGE="/Game/Levels/MacksDojo" FILE="../../../../../../Users/macke/Desktop/RChase/Content/Levels/MacksDojo.umap" SILENT=true AUTOSAVING=false KEEPDIRTY=false
[2017.10.01-00.05.27:286][735]LogSavePackage: Save=2299.60ms
[2017.10.01-00.05.27:286][735]LogSavePackage: Moving '../../../../../../Users/macke/Desktop/RChase/Saved/MacksDojoCACAC657464F89C2A0B8458E0F5BB312.tmp' to '../../../../../../Users/macke/Desktop/RChase/Content/Levels/MacksDojo.umap'
[2017.10.01-00.05.27:288][735]LogSavePackage: Display: Finished SavePackage ../../../../../../Users/macke/Desktop/RChase/Content/Levels/MacksDojo.umap
[2017.10.01-00.06.04:135][361]LogMetaData: Removing '/Game/MackStuff/VehicleGameMode.VehicleGameMode_C' ref from Metadata '/Game/VehicleBP/Blueprints/VehicleGameMode.PackageMetaData'
[2017.10.01-00.06.04:135][361]LogMetaData: Removing '/Game/MackStuff/VehicleGameMode.SKEL_VehicleGameMode_C:ReceiveBeginPlay' ref from Metadata '/Game/VehicleBP/Blueprints/VehicleGameMode.PackageMetaData'
[2017.10.01-00.06.04:135][361]LogMetaData: Removing '/Game/MackStuff/VehicleGameMode.SKEL_VehicleGameMode_C:DefaultSceneRoot' ref from Metadata '/Game/VehicleBP/Blueprints/VehicleGameMode.PackageMetaData'
[2017.10.01-00.06.04:135][361]LogMetaData: Removing '/Game/MackStuff/VehicleGameMode.SKEL_VehicleGameMode_C:UserConstructionScript' ref from Metadata '/Game/VehicleBP/Blueprints/VehicleGameMode.PackageMetaData'
[2017.10.01-00.06.04:135][361]LogMetaData: Removing '/Game/MackStuff/VehicleGameMode.SKEL_VehicleGameMode_C' ref from Metadata '/Game/VehicleBP/Blueprints/VehicleGameMode.PackageMetaData'
[2017.10.01-00.06.04:135][361]LogMetaData: Removing '/Game/MackStuff/VehicleGameMode.VehicleGameMode_C:DefaultSceneRoot' ref from Metadata '/Game/VehicleBP/Blueprints/VehicleGameMode.PackageMetaData'
[2017.10.01-00.06.04:135][361]LogMetaData: Removing '/Game/MackStuff/VehicleGameMode.VehicleGameMode_C:ReceiveBeginPlay' ref from Metadata '/Game/VehicleBP/Blueprints/VehicleGameMode.PackageMetaData'
[2017.10.01-00.06.04:135][361]LogMetaData: Removing '/Game/MackStuff/VehicleGameMode.VehicleGameMode_C:UserConstructionScript' ref from Metadata '/Game/VehicleBP/Blueprints/VehicleGameMode.PackageMetaData'
[2017.10.01-00.06.04:135][361]LogMetaData: Removing '/Game/MackStuff/VehicleGameMode.VehicleGameMode_C:ExecuteUbergraph_VehicleGameMode' ref from Metadata '/Game/VehicleBP/Blueprints/VehicleGameMode.PackageMetaData'
[2017.10.01-00.06.04:147][361]Cmd: OBJ SAVEPACKAGE PACKAGE="/Game/MackStuff/VehicleGameMode" FILE="../../../../../../Users/macke/Desktop/RChase/Content/MackStuff/VehicleGameMode.uasset" SILENT=true
[2017.10.01-00.06.04:170][361]LogSavePackage: Save=20.66ms
[2017.10.01-00.06.04:171][361]LogSavePackage: Moving '../../../../../../Users/macke/Desktop/RChase/Saved/VehicleGameMode90414B23404E0F9B953B7EB0C4E72790.tmp' to '../../../../../../Users/macke/Desktop/RChase/Content/MackStuff/VehicleGameMode.uasset'
[2017.10.01-00.06.04:174][361]LogSavePackage: Display: Finished SavePackage ../../../../../../Users/macke/Desktop/RChase/Content/MackStuff/VehicleGameMode.uasset
[2017.10.01-00.06.06:220][468]LogTemp: Repeating last play command: Selected Viewport
[2017.10.01-00.06.06:238][468]LogPlayLevel: PlayLevel: No blueprints needed recompiling
[2017.10.01-00.06.06:238][468]PIE: New page: PIE session: MacksDojo (Sep 30, 2017, 4:06:06 PM)
[2017.10.01-00.06.06:238][468]LogPlayLevel: Creating play world package: /Game/Levels/UEDPIE_0_MacksDojo
[2017.10.01-00.06.06:347][468]LogPlayLevel: PIE: StaticDuplicateObject took: (0.108743s)
[2017.10.01-00.06.06:348][468]LogAIModule: Creating AISystem for world MacksDojo
[2017.10.01-00.06.06:348][468]LogPlayLevel: PIE: World Init took: (0.000883s)
[2017.10.01-00.06.06:348][468]LogPlayLevel: PIE: Created PIE world by copying editor world from /Game/Levels/MacksDojo.MacksDojo to /Game/Levels/UEDPIE_0_MacksDojo.MacksDojo (0.109912s)
[2017.10.01-00.06.06:362][468]LogInit: XAudio2 using 'Speakers (VIA HD Audio(Win 10))' : 2 channels at 48 kHz using 32 bits per sample (channel mask 0x3)
[2017.10.01-00.06.06:372][468]LogInit: FAudioDevice initialized.
[2017.10.01-00.06.06:408][468]LogLinker: Warning: Can't find file '/Game/VehicleBP/Blueprints/VehicleGameMode'
[2017.10.01-00.06.06:409][468]LogLinker: Warning: Can't find file '/Game/VehicleBP/Blueprints/VehicleGameMode'
[2017.10.01-00.06.06:409][468]LogUObjectGlobals: Warning: Failed to find object 'Class /Game/VehicleBP/Blueprints/VehicleGameMode.VehicleGameMode_C'
[2017.10.01-00.06.06:409][468]LogLoad: Game class is 'GameModeBase'
[2017.10.01-00.06.06:454][468]LogWorld: Bringing World /Game/Levels/UEDPIE_0_MacksDojo.MacksDojo up for play (max tick rate 60) at 2017.09.30-20.06.06
[2017.10.01-00.06.06:455][468]LogWorld: Bringing up level for play took: 0.044041
[2017.10.01-00.06.06:457][468]PIE: Play in editor start time for /Game/Levels/UEDPIE_0_MacksDojo -0.535
[2017.10.01-00.06.11:031][678]LogContentBrowser: Native class hierarchy updated for 'BlueprintGraph' in 0.0012 seconds. Added 113 classes and 0 folders.
[2017.10.01-00.06.12:138][678]LogSlate: Took 0.000232 seconds to synchronously load lazily loaded font '../../../Engine/Content/Editor/Slate/Fonts/Roboto-BoldCondensed.ttf' (158K)
[2017.10.01-00.11.25:249][952]LogSlate: Took 0.000256 seconds to synchronously load lazily loaded font '../../../Engine/Content/Editor/Slate/Fonts/Roboto-Italic.ttf' (157K)
[2017.10.01-00.12.32:428][671]BlueprintLog: New page: Compile VehicleGameMode
[2017.10.01-00.12.33:045][688]Cmd: OBJ SAVEPACKAGE PACKAGE="/Game/MackStuff/VehicleGameMode" FILE="../../../../../../Users/macke/Desktop/RChase/Content/MackStuff/VehicleGameMode.uasset" SILENT=true
[2017.10.01-00.12.33:085][688]LogSavePackage: Save=26.50ms
[2017.10.01-00.12.33:085][688]LogSavePackage: Moving '../../../../../../Users/macke/Desktop/RChase/Saved/VehicleGameMode9EA446884E29B9A70B846A91B0CEBF00.tmp' to '../../../../../../Users/macke/Desktop/RChase/Content/MackStuff/VehicleGameMode.uasset'
[2017.10.01-00.12.33:089][688]LogSavePackage: Display: Finished SavePackage ../../../../../../Users/macke/Desktop/RChase/Content/MackStuff/VehicleGameMode.uasset
[2017.10.01-00.12.49:188][243]Cmd: OBJ SAVEPACKAGE PACKAGE="/Game/MackStuff/VehicleGameMode" FILE="../../../../../../Users/macke/Desktop/RChase/Content/MackStuff/VehicleGameMode.uasset" SILENT=true
[2017.10.01-00.12.49:218][243]LogSavePackage: Save=24.75ms
[2017.10.01-00.12.49:218][243]LogSavePackage: Moving '../../../../../../Users/macke/Desktop/RChase/Saved/VehicleGameMode43B804154947CB11A100559FC84D3DC8.tmp' to '../../../../../../Users/macke/Desktop/RChase/Content/MackStuff/VehicleGameMode.uasset'
[2017.10.01-00.12.49:221][243]LogSavePackage: Display: Finished SavePackage ../../../../../../Users/macke/Desktop/RChase/Content/MackStuff/VehicleGameMode.uasset
[2017.10.01-00.12.50:416][309]LogWindowsTextInputMethodSystem: Display: IME system now deactivated.
[2017.10.01-00.12.50:609][310]Cmd: QUIT_EDITOR
[2017.10.01-00.12.51:011][310]LogExit: Preparing to exit.
[2017.10.01-00.12.51:598][310]LogDirectoryWatcher: A directory notification for 'C:/Users/macke/Desktop/RChase/Content/' was aborted.
[2017.10.01-00.12.51:648][310]LogExit: Editor shut down
[2017.10.01-00.12.51:655][310]LogExit: Transaction tracking system shut down
[2017.10.01-00.12.51:879][310]LogDirectoryWatcher: A directory notification for '../../../Engine/Content/' was aborted.
[2017.10.01-00.12.51:879][310]LogDirectoryWatcher: A directory notification for '../../../../../../Users/macke/Desktop/RChase/Content/' was aborted.
[2017.10.01-00.12.51:879][310]LogDirectoryWatcher: A directory notification for '../../../Engine/Plugins/2D/Paper2D/Content/' was aborted.
[2017.10.01-00.12.51:879][310]LogDirectoryWatcher: A directory notification for '../../../Engine/Plugins/Runtime/Oculus/OculusVR/Content/' was aborted.
[2017.10.01-00.12.51:879][310]LogDirectoryWatcher: A directory notification for '../../../Engine/Plugins/Runtime/Steam/SteamVR/Content/' was aborted.
[2017.10.01-00.12.51:973][310]LogExit: Object subsystem successfully closed.
[2017.10.01-00.12.51:993][310]LogD3D11RHI: Shutdown
[2017.10.01-00.12.51:993][310]LogD3D11RHI: CleanupD3DDevice
[2017.10.01-00.12.52:066][310]LogD3D11RHI: ~FD3D11DynamicRHI
[2017.10.01-00.12.52:088][310]LogModuleManager: Shutting down and abandoning module BlueprintGraph (538)
[2017.10.01-00.12.52:088][310]LogModuleManager: Shutting down and abandoning module BlueprintProfiler (536)
[2017.10.01-00.12.52:088][310]LogModuleManager: Shutting down and abandoning module MovieSceneCapture (534)
[2017.10.01-00.12.52:088][310]LogModuleManager: Shutting down and abandoning module StatsViewer (532)
[2017.10.01-00.12.52:088][310]LogModuleManager: Shutting down and abandoning module HierarchicalLODOutliner (530)
[2017.10.01-00.12.52:088][310]LogModuleManager: Shutting down and abandoning module SceneOutliner (528)
[2017.10.01-00.12.52:088][310]LogModuleManager: Shutting down and abandoning module AddContentDialog (526)
[2017.10.01-00.12.52:088][310]LogDirectoryWatcher: A directory notification for 'C:/Program Files/Epic Games/UE_4.17/FeaturePacks/' was aborted.
[2017.10.01-00.12.52:089][310]LogModuleManager: Shutting down and abandoning module WidgetCarousel (525)
[2017.10.01-00.12.52:089][310]LogModuleManager: Shutting down and abandoning module EditorWidgets (522)
[2017.10.01-00.12.52:089][310]LogModuleManager: Shutting down and abandoning module CollectionManager (520)
[2017.10.01-00.12.52:089][310]LogDirectoryWatcher: A directory notification for 'C:/Users/macke/Desktop/RChase/Content/Collections/' was aborted.
[2017.10.01-00.12.52:089][310]LogDirectoryWatcher: A directory notification for 'C:/Users/macke/Desktop/RChase/Content/Developers/macke/Collections/' was aborted.
[2017.10.01-00.12.52:089][310]LogDirectoryWatcher: A directory notification for 'C:/Users/macke/Desktop/RChase/Saved/Collections/' was aborted.
[2017.10.01-00.12.52:090][310]LogModuleManager: Shutting down and abandoning module FoliageEdit (518)
[2017.10.01-00.12.52:090][310]LogModuleManager: Shutting down and abandoning module LandscapeEditor (516)
[2017.10.01-00.12.52:090][310]LogModuleManager: Shutting down and abandoning module MeshPaintMode (514)
[2017.10.01-00.12.52:090][310]LogModuleManager: Shutting down and abandoning module SceneDepthPickerMode (512)
[2017.10.01-00.12.52:090][310]LogModuleManager: Shutting down and abandoning module ActorPickerMode (510)
[2017.10.01-00.12.52:090][310]LogModuleManager: Shutting down and abandoning module GeometryMode (508)
[2017.10.01-00.12.52:090][310]LogModuleManager: Shutting down and abandoning module TextureAlignMode (506)
[2017.10.01-00.12.52:090][310]LogModuleManager: Shutting down and abandoning module BspMode (504)
[2017.10.01-00.12.52:090][310]LogModuleManager: Shutting down and abandoning module PIEPreviewDeviceProfileSelector (502)
[2017.10.01-00.12.52:090][310]LogModuleManager: Shutting down and abandoning module HardwareSurvey (500)
[2017.10.01-00.12.52:090][310]LogModuleManager: Shutting down and abandoning module SequenceRecorderSections (498)
[2017.10.01-00.12.52:090][310]LogModuleManager: Shutting down and abandoning module AutomationWorker (496)
[2017.10.01-00.12.52:090][310]LogModuleManager: Shutting down and abandoning module MatineeToLevelSequence (494)
[2017.10.01-00.12.52:090][310]LogModuleManager: Shutting down and abandoning module LevelSequenceEditor (492)
[2017.10.01-00.12.52:090][310]LogModuleManager: Shutting down and abandoning module PlacementMode (491)
[2017.10.01-00.12.52:090][310]LogModuleManager: Shutting down and abandoning module WmfMediaFactory (488)
[2017.10.01-00.12.52:090][310]LogModuleManager: Shutting down and abandoning module WmfMediaEditor (486)
[2017.10.01-00.12.52:090][310]LogModuleManager: Shutting down and abandoning module AvfMediaFactory (484)
[2017.10.01-00.12.52:090][310]LogModuleManager: Shutting down and abandoning module AvfMediaEditor (482)
[2017.10.01-00.12.52:090][310]LogModuleManager: Shutting down and abandoning module AndroidMediaFactory (480)
[2017.10.01-00.12.52:090][310]LogModuleManager: Shutting down and abandoning module Media (479)
[2017.10.01-00.12.52:090][310]LogModuleManager: Shutting down and abandoning module AndroidMediaEditor (476)
[2017.10.01-00.12.52:090][310]LogModuleManager: Shutting down and abandoning module CharacterAI (474)
[2017.10.01-00.12.52:090][310]LogModuleManager: Shutting down and abandoning module AudioCapture (472)
[2017.10.01-00.12.52:090][310]LogModuleManager: Shutting down and abandoning module SequenceRecorder (471)
[2017.10.01-00.12.52:090][310]LogModuleManager: Shutting down and abandoning module SmartSnapping (468)
[2017.10.01-00.12.52:090][310]LogModuleManager: Shutting down and abandoning module SessionServices (466)
[2017.10.01-00.12.52:090][310]LogModuleManager: Shutting down and abandoning module ViewportSnapping (464)
[2017.10.01-00.12.52:090][310]LogModuleManager: Shutting down and abandoning module ViewportInteraction (462)
[2017.10.01-00.12.52:090][310]LogModuleManager: Shutting down and abandoning module ClothPainter (460)
[2017.10.01-00.12.52:090][310]LogModuleManager: Shutting down and abandoning module LogVisualizer (458)
[2017.10.01-00.12.52:091][310]LogModuleManager: Shutting down and abandoning module IntroTutorials (456)
[2017.10.01-00.12.52:091][310]LogModuleManager: Shutting down and abandoning module GameProjectGeneration (455)
[2017.10.01-00.12.52:091][310]LogModuleManager: Shutting down and abandoning module IOSPlatformEditor (452)
[2017.10.01-00.12.52:091][310]LogModuleManager: Shutting down and abandoning module HTML5PlatformEditor (450)
[2017.10.01-00.12.52:091][310]LogModuleManager: Shutting down and abandoning module AndroidPlatformEditor (448)
[2017.10.01-00.12.52:091][310]LogModuleManager: Shutting down and abandoning module AndroidDeviceDetection (447)
[2017.10.01-00.12.52:183][310]LogModuleManager: Shutting down and abandoning module WindowsPlatformEditor (444)
[2017.10.01-00.12.52:183][310]LogModuleManager: Shutting down and abandoning module IOSRuntimeSettings (442)
[2017.10.01-00.12.52:183][310]LogModuleManager: Shutting down and abandoning module AndroidRuntimeSettings (440)
[2017.10.01-00.12.52:183][310]LogModuleManager: Shutting down and abandoning module InputBindingEditor (438)
[2017.10.01-00.12.52:184][310]LogModuleManager: Shutting down and abandoning module MergeActors (436)
[2017.10.01-00.12.52:184][310]LogModuleManager: Shutting down and abandoning module SizeMap (434)
[2017.10.01-00.12.52:184][310]LogModuleManager: Shutting down and abandoning module TreeMap (432)
[2017.10.01-00.12.52:184][310]LogModuleManager: Shutting down and abandoning module ReferenceViewer (430)
[2017.10.01-00.12.52:184][310]LogModuleManager: Shutting down and abandoning module LocalizationDashboard (428)
[2017.10.01-00.12.52:184][310]LogModuleManager: Shutting down and abandoning module LocalizationService (427)
[2017.10.01-00.12.52:184][310]LogModuleManager: Shutting down and abandoning module HardwareTargeting (424)
[2017.10.01-00.12.52:184][310]LogModuleManager: Shutting down and abandoning module DeviceProfileEditor (422)
[2017.10.01-00.12.52:184][310]LogModuleManager: Shutting down and abandoning module UndoHistory (420)
[2017.10.01-00.12.52:184][310]LogModuleManager: Shutting down and abandoning module XmlParser (418)
[2017.10.01-00.12.52:184][310]LogModuleManager: Shutting down and abandoning module Blutility (416)
[2017.10.01-00.12.52:184][310]LogModuleManager: Shutting down and abandoning module ProjectSettingsViewer (414)
[2017.10.01-00.12.52:184][310]LogModuleManager: Shutting down and abandoning module ProjectTargetPlatformEditor (413)
[2017.10.01-00.12.52:185][310]LogModuleManager: Shutting down and abandoning module EditorSettingsViewer (410)
[2017.10.01-00.12.52:185][310]LogModuleManager: Shutting down and abandoning module SettingsEditor (408)
[2017.10.01-00.12.52:185][310]LogModuleManager: Shutting down and abandoning module ProjectLauncher (406)
[2017.10.01-00.12.52:185][310]LogModuleManager: Shutting down and abandoning module SessionFrontend (404)
[2017.10.01-00.12.52:185][310]LogModuleManager: Shutting down and abandoning module ProfilerClient (402)
[2017.10.01-00.12.52:185][310]LogModuleManager: Shutting down and abandoning module DeviceManager (400)
[2017.10.01-00.12.52:185][310]LogModuleManager: Shutting down and abandoning module TargetDeviceServices (399)
[2017.10.01-00.12.52:239][310]LogModuleManager: Shutting down and abandoning module AutomationController (396)
[2017.10.01-00.12.52:239][310]LogModuleManager: Shutting down and abandoning module AutomationWindow (394)
[2017.10.01-00.12.52:239][310]LogModuleManager: Shutting down and abandoning module Layers (392)
[2017.10.01-00.12.52:239][310]LogModuleManager: Shutting down and abandoning module ComponentVisualizers (390)
[2017.10.01-00.12.52:239][310]LogModuleManager: Shutting down and abandoning module DetailCustomizations (388)
[2017.10.01-00.12.52:239][310]LogModuleManager: Shutting down and abandoning module PackagesDialog (386)
[2017.10.01-00.12.52:240][310]LogModuleManager: Shutting down and abandoning module Persona (384)
[2017.10.01-00.12.52:240][310]LogModuleManager: Shutting down and abandoning module AdvancedPreviewScene (383)
[2017.10.01-00.12.52:240][310]LogModuleManager: Shutting down and abandoning module AnimGraph (381)
[2017.10.01-00.12.52:240][310]LogModuleManager: Shutting down and abandoning module Kismet (378)
[2017.10.01-00.12.52:256][310]LogModuleManager: Shutting down and abandoning module ClassViewer (376)
[2017.10.01-00.12.52:257][310]LogModuleManager: Shutting down and abandoning module Toolbox (374)
[2017.10.01-00.12.52:257][310]LogModuleManager: Shutting down and abandoning module ModuleUI (372)
[2017.10.01-00.12.52:257][310]LogModuleManager: Shutting down and abandoning module MovieSceneTools (370)
[2017.10.01-00.12.52:257][310]LogModuleManager: Shutting down and abandoning module OutputLog (368)
[2017.10.01-00.12.52:257][310]LogModuleManager: Shutting down and abandoning module GammaUI (366)
[2017.10.01-00.12.52:257][310]LogModuleManager: Shutting down and abandoning module Documentation (364)
[2017.10.01-00.12.52:257][310]LogModuleManager: Shutting down and abandoning module MovieSceneTracks (362)
[2017.10.01-00.12.52:257][310]LogModuleManager: Shutting down and abandoning module MovieScene (360)
[2017.10.01-00.12.52:257][310]LogModuleManager: Shutting down and abandoning module Niagara (358)
[2017.10.01-00.12.52:257][310]LogModuleManager: Shutting down and abandoning module NiagaraEditor (357)
[2017.10.01-00.12.52:257][310]LogModuleManager: Shutting down and abandoning module StreamingPauseRendering (354)
[2017.10.01-00.12.52:258][310]LogModuleManager: Shutting down and abandoning module LauncherPlatform (352)
[2017.10.01-00.12.52:258][310]LogModuleManager: Shutting down and abandoning module AnalyticsET (350)
[2017.10.01-00.12.52:258][310]LogModuleManager: Shutting down and abandoning module PortalServices (348)
[2017.10.01-00.12.52:258][310]LogModuleManager: Shutting down and abandoning module PortalRpc (346)
[2017.10.01-00.12.52:258][310]LogModuleManager: Shutting down and abandoning module MessagingRpc (344)
[2017.10.01-00.12.52:258][310]LogModuleManager: Shutting down and abandoning module AIModule (342)
[2017.10.01-00.12.52:258][310]LogModuleManager: Shutting down and abandoning module GameplayDebugger (341)
[2017.10.01-00.12.52:258][310]LogModuleManager: Shutting down and abandoning module AITestSuite (339)
[2017.10.01-00.12.52:258][310]LogModuleManager: Shutting down and abandoning module ProfilerService (336)
[2017.10.01-00.12.52:374][310]LogModuleManager: Shutting down and abandoning module TaskGraph (334)
[2017.10.01-00.12.52:374][310]LogModuleManager: Shutting down and abandoning module SteamVRController (332)
[2017.10.01-00.12.52:374][310]LogModuleManager: Shutting down and abandoning module ProceduralMeshComponentEditor (330)
[2017.10.01-00.12.52:374][310]LogModuleManager: Shutting down and abandoning module ProceduralMeshComponent (328)
[2017.10.01-00.12.52:374][310]LogModuleManager: Shutting down and abandoning module OculusInput (326)
[2017.10.01-00.12.52:375][310]LogModuleManager: Shutting down and abandoning module MobilePatchingUtils (324)
[2017.10.01-00.12.52:375][310]LogModuleManager: Shutting down and abandoning module CustomMeshComponent (322)
[2017.10.01-00.12.52:375][310]LogModuleManager: Shutting down and abandoning module CableComponent (320)
[2017.10.01-00.12.52:375][310]LogModuleManager: Shutting down and abandoning module ArchVisCharacter (318)
[2017.10.01-00.12.52:375][310]LogModuleManager: Shutting down and abandoning module AndroidPermission (316)
[2017.10.01-00.12.52:375][310]LogModuleManager: Shutting down and abandoning module MediaPlayerEditor (312)
[2017.10.01-00.12.52:375][310]LogModuleManager: Shutting down and abandoning module RawInput (310)
[2017.10.01-00.12.52:375][310]LogModuleManager: Shutting down and abandoning module HTML5Networking (308)
[2017.10.01-00.12.52:375][310]LogModuleManager: Shutting down and abandoning module AlembicImporter (306)
[2017.10.01-00.12.52:375][310]LogModuleManager: Shutting down and abandoning module AlembicLibrary (305)
[2017.10.01-00.12.52:376][310]LogModuleManager: Shutting down and abandoning module GeometryCache (304)
[2017.10.01-00.12.52:376][310]LogModuleManager: Shutting down and abandoning module GeometryCacheEd (303)
[2017.10.01-00.12.52:376][310]LogModuleManager: Shutting down and abandoning module SpeedTreeImporter (298)
[2017.10.01-00.12.52:376][310]LogModuleManager: Shutting down and abandoning module PluginBrowser (296)
[2017.10.01-00.12.52:376][310]LogModuleManager: Shutting down and abandoning module MobileLauncherProfileWizard (294)
[2017.10.01-00.12.52:376][310]LogModuleManager: Shutting down and abandoning module VisualStudioSourceCodeAccess (292)
[2017.10.01-00.12.52:376][310]LogModuleManager: Shutting down and abandoning module DesktopPlatform (291)
[2017.10.01-00.12.52:376][310]LogModuleManager: Shutting down and abandoning module UObjectPlugin (288)
[2017.10.01-00.12.52:376][310]LogModuleManager: Shutting down and abandoning module SubversionSourceControl (286)
[2017.10.01-00.12.52:376][310]LogModuleManager: Shutting down and abandoning module PerforceSourceControl (284)
[2017.10.01-00.12.52:376][310]LogModuleManager: Shutting down and abandoning module GitSourceControl (282)
[2017.10.01-00.12.52:376][310]LogModuleManager: Shutting down and abandoning module SourceControl (281)
[2017.10.01-00.12.52:376][310]LogModuleManager: Shutting down and abandoning module LightPropagationVolumeEditor (278)
[2017.10.01-00.12.52:377][310]LogModuleManager: Shutting down and abandoning module PaperTiledImporter (276)
[2017.10.01-00.12.52:377][310]LogModuleManager: Shutting down and abandoning module PaperSpriteSheetImporter (274)
[2017.10.01-00.12.52:377][310]LogModuleManager: Shutting down and abandoning module Paper2DEditor (272)
[2017.10.01-00.12.52:377][310]LogModuleManager: Shutting down and abandoning module MeshPaint (271)
[2017.10.01-00.12.52:377][310]LogModuleManager: Shutting down and abandoning module LevelEditor (269)
[2017.10.01-00.12.52:378][310]LogModuleManager: Shutting down and abandoning module PixelInspectorModule (268)
[2017.10.01-00.12.52:379][310]LogModuleManager: Shutting down and abandoning module MainFrame (266)
[2017.10.01-00.12.52:379][310]LogModuleManager: Shutting down and abandoning module HotReload (265)
[2017.10.01-00.12.52:380][310]LogModuleManager: Shutting down and abandoning module RuntimePhysXCooking (260)
[2017.10.01-00.12.52:380][310]LogModuleManager: Shutting down and abandoning module PhysXVehiclesEditor (258)
[2017.10.01-00.12.52:380][310]LogModuleManager: Shutting down and abandoning module PhysXVehicles (256)
[2017.10.01-00.12.52:380][310]LogModuleManager: Shutting down and abandoning module OculusEditor (254)
[2017.10.01-00.12.52:380][310]LogModuleManager: Shutting down and abandoning module LocationServicesBPLibrary (252)
[2017.10.01-00.12.52:380][310]LogModuleManager: Shutting down and abandoning module ImmediatePhysicsEditor (250)
[2017.10.01-00.12.52:380][310]LogModuleManager: Shutting down and abandoning module ImmediatePhysics (248)
[2017.10.01-00.12.52:380][310]LogModuleManager: Shutting down and abandoning module UdpMessaging (246)
[2017.10.01-00.12.52:481][310]LogModuleManager: Shutting down and abandoning module TcpMessaging (244)
[2017.10.01-00.12.52:582][310]LogModuleManager: Shutting down and abandoning module GameplayTagsEditor (242)
[2017.10.01-00.12.52:582][310]LogModuleManager: Shutting down and abandoning module FacialAnimationEditor (240)
[2017.10.01-00.12.52:582][310]LogModuleManager: Shutting down and abandoning module FacialAnimation (238)
[2017.10.01-00.12.52:582][310]LogModuleManager: Shutting down and abandoning module AssetManagerEditor (236)
[2017.10.01-00.12.52:582][310]LogModuleManager: Shutting down and abandoning module GraphEditor (235)
[2017.10.01-00.12.52:582][310]LogModuleManager: Shutting down and abandoning module ContentBrowser (233)
[2017.10.01-00.12.52:584][310]LogModuleManager: Shutting down and abandoning module LightPropagationVolumeRuntime (230)
[2017.10.01-00.12.52:585][310]LogModuleManager: Shutting down and abandoning module Paper2D (228)
[2017.10.01-00.12.52:585][310]LogModuleManager: Shutting down and abandoning module WindowsMoviePlayer (226)
[2017.10.01-00.12.52:585][310]LogModuleManager: Shutting down and abandoning module WmfMedia (224)
[2017.10.01-00.12.52:585][310]LogModuleManager: Shutting down and abandoning module PacketHandler (222)
[2017.10.01-00.12.52:585][310]LogModuleManager: Shutting down and abandoning module ClothingSystemEditor (220)
[2017.10.01-00.12.52:585][310]LogModuleManager: Shutting down and abandoning module ClothingSystemRuntime (218)
[2017.10.01-00.12.52:585][310]LogModuleManager: Shutting down and abandoning module Overlay (216)
[2017.10.01-00.12.52:585][310]LogModuleManager: Shutting down and abandoning module OverlayEditor (215)
[2017.10.01-00.12.52:585][310]LogModuleManager: Shutting down and abandoning module MediaAssets (212)
[2017.10.01-00.12.52:585][310]LogModuleManager: Shutting down and abandoning module VREditor (210)
[2017.10.01-00.12.52:585][310]LogModuleManager: Shutting down and abandoning module StringTableEditor (208)
[2017.10.01-00.12.52:585][310]LogModuleManager: Shutting down and abandoning module GameplayTasksEditor (206)
[2017.10.01-00.12.52:585][310]LogModuleManager: Shutting down and abandoning module BehaviorTreeEditor (204)
[2017.10.01-00.12.52:586][310]LogModuleManager: Shutting down and abandoning module FunctionalTesting (202)
[2017.10.01-00.12.52:586][310]LogModuleManager: Shutting down and abandoning module CollisionAnalyzer (200)
[2017.10.01-00.12.52:586][310]LogModuleManager: Shutting down and abandoning module WorkspaceMenuStructure (199)
[2017.10.01-00.12.52:586][310]LogModuleManager: Shutting down and abandoning module UMG (196)
[2017.10.01-00.12.52:586][310]LogModuleManager: Shutting down and abandoning module UMGEditor (195)
[2017.10.01-00.12.52:586][310]LogModuleManager: Shutting down and abandoning module Sequencer (194)
[2017.10.01-00.12.52:586][310]LogModuleManager: Shutting down and abandoning module MessageLog (191)
[2017.10.01-00.12.52:586][310]LogModuleManager: Shutting down and abandoning module SlateReflector (186)
[2017.10.01-00.12.52:586][310]LogModuleManager: Shutting down and abandoning module Slate (184)
[2017.10.01-00.12.52:586][310]LogModuleManager: Shutting down and abandoning module EditorStyle (182)
[2017.10.01-00.12.52:594][310]LogModuleManager: Shutting down and abandoning module MRMesh (180)
[2017.10.01-00.12.52:594][310]LogModuleManager: Shutting down and abandoning module SourceCodeAccess (178)
[2017.10.01-00.12.52:594][310]LogModuleManager: Shutting down and abandoning module HeadMountedDisplay (176)
[2017.10.01-00.12.52:594][310]LogModuleManager: Shutting down and abandoning module XAudio2 (174)
[2017.10.01-00.12.52:594][310]LogModuleManager: Shutting down and abandoning module Networking (172)
[2017.10.01-00.12.52:594][310]LogModuleManager: Shutting down and abandoning module Core (168)
[2017.10.01-00.12.52:594][310]LogModuleManager: Shutting down and abandoning module KismetCompiler (164)
[2017.10.01-00.12.52:594][310]LogModuleManager: Shutting down and abandoning module LevelSequence (162)
[2017.10.01-00.12.52:594][310]LogModuleManager: Shutting down and abandoning module MeshUtilities (160)
[2017.10.01-00.12.52:594][310]LogModuleManager: Shutting down and abandoning module MeshMergeUtilities (159)
[2017.10.01-00.12.52:594][310]LogModuleManager: Shutting down and abandoning module MeshReductionInterface (158)
[2017.10.01-00.12.52:594][310]LogModuleManager: Shutting down and abandoning module SimplygonSwarm (157)
[2017.10.01-00.12.52:595][310]LogModuleManager: Shutting down and abandoning module SimplygonMeshReduction (155)
[2017.10.01-00.12.52:595][310]LogModuleManager: Shutting down and abandoning module QuadricMeshReduction (153)
[2017.10.01-00.12.52:595][310]LogModuleManager: Shutting down and abandoning module MaterialBaking (149)
[2017.10.01-00.12.52:595][310]LogModuleManager: Shutting down and abandoning module DirectoryWatcher (146)
[2017.10.01-00.12.52:597][310]LogModuleManager: Shutting down and abandoning module DerivedDataCache (144)
[2017.10.01-00.12.52:621][310]LogDerivedDataCache: Shutdown
[2017.10.01-00.12.52:621][310]LogModuleManager: Shutting down and abandoning module TargetPlatform (142)
[2017.10.01-00.12.52:621][310]LogModuleManager: Shutting down and abandoning module VulkanShaderFormat (141)
[2017.10.01-00.12.52:621][310]LogModuleManager: Shutting down and abandoning module ShaderFormatVectorVM (139)
[2017.10.01-00.12.52:621][310]LogModuleManager: Shutting down and abandoning module ShaderFormatOpenGL (137)
[2017.10.01-00.12.52:621][310]LogModuleManager: Shutting down and abandoning module ShaderFormatD3D (135)
[2017.10.01-00.12.52:621][310]LogModuleManager: Shutting down and abandoning module MetalShaderFormat (133)
[2017.10.01-00.12.52:621][310]LogModuleManager: Shutting down and abandoning module TextureFormatUncompressed (131)
[2017.10.01-00.12.52:621][310]LogModuleManager: Shutting down and abandoning module TextureFormatPVR (129)
[2017.10.01-00.12.52:621][310]LogModuleManager: Shutting down and abandoning module TextureFormatDXT (127)
[2017.10.01-00.12.52:621][310]LogModuleManager: Shutting down and abandoning module TextureFormatIntelISPCTexComp (125)
[2017.10.01-00.12.52:622][310]LogModuleManager: Shutting down and abandoning module TextureFormatASTC (123)
[2017.10.01-00.12.52:622][310]LogModuleManager: Shutting down and abandoning module ImageWrapper (122)
[2017.10.01-00.12.52:622][310]LogModuleManager: Shutting down and abandoning module TextureFormatAndroid (119)
[2017.10.01-00.12.52:622][310]LogModuleManager: Shutting down and abandoning module AudioFormatOpus (117)
[2017.10.01-00.12.52:622][310]LogModuleManager: Shutting down and abandoning module AudioFormatOgg (115)
[2017.10.01-00.12.52:622][310]LogModuleManager: Shutting down and abandoning module AudioFormatADPCM (113)
[2017.10.01-00.12.52:622][310]LogModuleManager: Shutting down and abandoning module LinuxTargetPlatform (111)
[2017.10.01-00.12.52:622][310]LogModuleManager: Shutting down and abandoning module LinuxServerTargetPlatform (109)
[2017.10.01-00.12.52:622][310]LogModuleManager: Shutting down and abandoning module LinuxNoEditorTargetPlatform (107)
[2017.10.01-00.12.52:622][310]LogModuleManager: Shutting down and abandoning module LinuxClientTargetPlatform (105)
[2017.10.01-00.12.52:622][310]LogModuleManager: Shutting down and abandoning module TVOSTargetPlatform (103)
[2017.10.01-00.12.52:622][310]LogModuleManager: Shutting down and abandoning module Messaging (101)
[2017.10.01-00.12.52:622][310]LogModuleManager: Shutting down and abandoning module IOSTargetPlatform (99)
[2017.10.01-00.12.52:622][310]LogModuleManager: Shutting down and abandoning module HTML5TargetPlatform (97)
[2017.10.01-00.12.52:622][310]LogModuleManager: Shutting down and abandoning module Android_PVRTCTargetPlatform (95)
[2017.10.01-00.12.52:622][310]LogModuleManager: Shutting down and abandoning module Android_MultiTargetPlatform (93)
[2017.10.01-00.12.52:622][310]LogModuleManager: Shutting down and abandoning module Android_ETC2TargetPlatform (91)
[2017.10.01-00.12.52:623][310]LogModuleManager: Shutting down and abandoning module Android_ETC1TargetPlatform (89)
[2017.10.01-00.12.52:623][310]LogModuleManager: Shutting down and abandoning module Android_DXTTargetPlatform (87)
[2017.10.01-00.12.52:623][310]LogModuleManager: Shutting down and abandoning module Android_ATCTargetPlatform (85)
[2017.10.01-00.12.52:623][310]LogModuleManager: Shutting down and abandoning module Android_ASTCTargetPlatform (83)
[2017.10.01-00.12.52:623][310]LogModuleManager: Shutting down and abandoning module AndroidTargetPlatform (81)
[2017.10.01-00.12.52:623][310]LogModuleManager: Shutting down and abandoning module WindowsTargetPlatform (79)
[2017.10.01-00.12.52:623][310]LogModuleManager: Shutting down and abandoning module WindowsServerTargetPlatform (77)
[2017.10.01-00.12.52:623][310]LogModuleManager: Shutting down and abandoning module WindowsNoEditorTargetPlatform (75)
[2017.10.01-00.12.52:623][310]LogModuleManager: Shutting down and abandoning module WindowsClientTargetPlatform (73)
[2017.10.01-00.12.52:623][310]LogModuleManager: Shutting down and abandoning module MacTargetPlatform (71)
[2017.10.01-00.12.52:623][310]LogModuleManager: Shutting down and abandoning module MacServerTargetPlatform (69)
[2017.10.01-00.12.52:623][310]LogModuleManager: Shutting down and abandoning module MacNoEditorTargetPlatform (67)
[2017.10.01-00.12.52:623][310]LogModuleManager: Shutting down and abandoning module MacClientTargetPlatform (65)
[2017.10.01-00.12.52:623][310]LogModuleManager: Shutting down and abandoning module AllDesktopTargetPlatform (63)
[2017.10.01-00.12.52:623][310]LogModuleManager: Shutting down and abandoning module InputCore (60)
[2017.10.01-00.12.52:623][310]LogModuleManager: Shutting down and abandoning module Settings (58)
[2017.10.01-00.12.52:623][310]LogModuleManager: Shutting down and abandoning module PhysXCooking (56)
[2017.10.01-00.12.52:623][310]LogModuleManager: Shutting down and abandoning module SteamVR (54)
[2017.10.01-00.12.52:624][310]LogModuleManager: Shutting down and abandoning module OculusHMD (52)
[2017.10.01-00.12.52:624][310]LogModuleManager: Shutting down and abandoning module ExampleDeviceProfileSelector (50)
[2017.10.01-00.12.52:624][310]LogModuleManager: Shutting down and abandoning module OnlineBlueprintSupport (48)
[2017.10.01-00.12.52:624][310]LogModuleManager: Shutting down and abandoning module OnlineSubsystem (44)
[2017.10.01-00.12.52:624][310]LogOnline: Display: Unloading online subsystem: NULL
[2017.10.01-00.12.52:624][310]LogModuleManager: Shutting down and abandoning module XMPP (43)
[2017.10.01-00.12.52:624][310]LogModuleManager: Shutting down and abandoning module HTTP (41)
[2017.10.01-00.12.52:624][310]LogHttp: Display: Http module shutting down, but needs to wait on 1 outstanding Http requests:
[2017.10.01-00.12.52:624][310]LogHttp: Display: 	verb=[POST] url=[https://datarouter.ol.epicgames.com/datarouter/api/v1/public/data?SessionID=%7BA96ED425-4BF5-E0E7-A91E-FE8D26B975A4%7D&AppID=UEEditor.Rocket.Release&AppVersion=4.17.2-3658906%2B%2B%2BUE4%2BRelease-4.17&UserID=cb42996a466a7830b4b4bba9a39953b1%7Ca45cb0bade924b2da3e8fb00469209ee%7C88cba7cd-fb76-4a80-af68-2b5d398ba68b&AppEnvironment=datacollector-binary&UploadType=eteventstream] status=Processing
[2017.10.01-00.12.52:627][310]LogModuleManager: Shutting down and abandoning module SSL (40)
[2017.10.01-00.12.52:630][310]LogModuleManager: Shutting down and abandoning module AnimationModifiers (36)
[2017.10.01-00.12.52:630][310]LogModuleManager: Shutting down and abandoning module PropertyEditor (35)
[2017.10.01-00.12.52:630][310]LogModuleManager: Shutting down and abandoning module AudioEditor (32)
[2017.10.01-00.12.52:630][310]LogModuleManager: Shutting down and abandoning module TextureCompressor (30)
[2017.10.01-00.12.52:631][310]LogModuleManager: Shutting down and abandoning module ShaderCore (28)
[2017.10.01-00.12.52:631][310]LogModuleManager: Shutting down and abandoning module Landscape (26)
[2017.10.01-00.12.52:631][310]LogModuleManager: Shutting down and abandoning module SlateRHIRenderer (24)
[2017.10.01-00.12.52:633][310]LogModuleManager: Shutting down and abandoning module OpenGLDrv (22)
[2017.10.01-00.12.52:633][310]LogModuleManager: Shutting down and abandoning module D3D11RHI (20)
[2017.10.01-00.12.52:633][310]LogModuleManager: Shutting down and abandoning module AnimGraphRuntime (18)
[2017.10.01-00.12.52:633][310]LogModuleManager: Shutting down and abandoning module Renderer (16)
[2017.10.01-00.12.52:633][310]LogModuleManager: Shutting down and abandoning module Engine (14)
[2017.10.01-00.12.52:633][310]LogModuleManager: Shutting down and abandoning module CoreUObject (12)
[2017.10.01-00.12.52:633][310]LogModuleManager: Shutting down and abandoning module NetworkFile (10)
[2017.10.01-00.12.52:633][310]LogModuleManager: Shutting down and abandoning module CookedIterativeFile (8)
[2017.10.01-00.12.52:633][310]LogModuleManager: Shutting down and abandoning module StreamingFile (6)
[2017.10.01-00.12.52:633][310]LogModuleManager: Shutting down and abandoning module SandboxFile (4)
[2017.10.01-00.12.52:633][310]LogModuleManager: Shutting down and abandoning module PakFile (2)
[2017.10.01-00.12.52:640][310]LogExit: Exiting.
[2017.10.01-00.12.52:675][310]Log file closed, 09/30/17 20:12:52
