Log file open, 10/01/17 15:06:38
LogWindows: Failed to load 'aqProf.dll' (GetLastError=126)
LogWindows: File 'aqProf.dll' does not exist
LogWindows: Failed to load 'VtuneApi.dll' (GetLastError=126)
LogWindows: File 'VtuneApi.dll' does not exist
LogWindows: Failed to load 'VtuneApi32e.dll' (GetLastError=126)
LogWindows: File 'VtuneApi32e.dll' does not exist
LogInit: Display: Running engine for game: RChase
LogPlatformFile: Not using cached read wrapper
LogInit: Display: RandInit(-612555893) SRandInit(-612555893).
LogTaskGraph: Started task graph with 5 named threads and 14 total threads with 3 sets of task threads.
LogStats: Stats thread started at 0.210681
LogD3D11RHI: Aftermath initialized
LogPluginManager: Mounting plugin Paper2D
LogPluginManager: Mounting plugin LightPropagationVolume
LogPluginManager: Mounting plugin CodeLiteSourceCodeAccess
LogPluginManager: Mounting plugin GitSourceControl
LogPluginManager: Mounting plugin KDevelopSourceCodeAccess
LogPluginManager: Mounting plugin NullSourceCodeAccess
LogPluginManager: Mounting plugin PerforceSourceControl
LogPluginManager: Mounting plugin SubversionSourceControl
LogPluginManager: Mounting plugin UObjectPlugin
LogPluginManager: Mounting plugin VisualStudioSourceCodeAccess
LogPluginManager: Mounting plugin XCodeSourceCodeAccess
LogPluginManager: Mounting plugin AssetManagerEditor
LogPluginManager: Mounting plugin AudioCapture
LogPluginManager: Mounting plugin FacialAnimation
LogPluginManager: Mounting plugin GameplayTagsEditor
LogPluginManager: Mounting plugin MobileLauncherProfileWizard
LogPluginManager: Mounting plugin PluginBrowser
LogPluginManager: Mounting plugin SpeedTreeImporter
LogPluginManager: Mounting plugin AlembicImporter
LogPluginManager: Mounting plugin CharacterAI
LogPluginManager: Mounting plugin HTML5Networking
LogPluginManager: Mounting plugin RawInput
LogPluginManager: Mounting plugin AndroidMedia
LogPluginManager: Mounting plugin AvfMedia
LogPluginManager: Mounting plugin MediaPlayerEditor
LogPluginManager: Mounting plugin WmfMedia
LogPluginManager: Mounting plugin TcpMessaging
LogPluginManager: Mounting plugin UdpMessaging
LogPluginManager: Mounting plugin LevelSequenceEditor
LogPluginManager: Mounting plugin MatineeToLevelSequence
LogPluginManager: Mounting plugin OnlineSubsystemGooglePlay
LogPluginManager: Mounting plugin OnlineSubsystemIOS
LogPluginManager: Mounting plugin OnlineSubsystem
LogPluginManager: Mounting plugin OnlineSubsystemNull
LogPluginManager: Mounting plugin OnlineSubsystemUtils
LogPluginManager: Mounting plugin AndroidDeviceProfileSelector
LogPluginManager: Mounting plugin AndroidMoviePlayer
LogPluginManager: Mounting plugin AndroidPermission
LogPluginManager: Mounting plugin AppleMoviePlayer
LogPluginManager: Mounting plugin ArchVisCharacter
LogPluginManager: Mounting plugin CableComponent
LogPluginManager: Mounting plugin CustomMeshComponent
LogPluginManager: Mounting plugin ExampleDeviceProfileSelector
LogPluginManager: Mounting plugin GoogleCloudMessaging
LogPluginManager: Mounting plugin ImmediatePhysics
LogPluginManager: Mounting plugin IOSDeviceProfileSelector
LogPluginManager: Mounting plugin LinuxDeviceProfileSelector
LogPluginManager: Mounting plugin LocationServicesBPLibrary
LogPluginManager: Mounting plugin MobilePatchingUtils
LogPluginManager: Mounting plugin OculusVR
LogPluginManager: Mounting plugin PhysXVehicles
LogPluginManager: Mounting plugin ProceduralMeshComponent
LogPluginManager: Mounting plugin RuntimePhysXCooking
LogPluginManager: Mounting plugin SteamVR
LogPluginManager: Mounting plugin WindowsMoviePlayer
LogInit: Using libcurl 7.47.1
LogInit:  - built for x86_64-pc-win32
LogInit:  - supports SSL with OpenSSL/1.0.2g
LogInit:  - supports HTTP deflate (compression) using libz 1.2.8
LogInit:  - other features:
LogInit:      CURL_VERSION_SSL
LogInit:      CURL_VERSION_LIBZ
LogInit:      CURL_VERSION_IPV6
LogInit:      CURL_VERSION_ASYNCHDNS
LogInit:      CURL_VERSION_LARGEFILE
LogInit:      CURL_VERSION_IDN
LogInit:  CurlRequestOptions (configurable via config and command line):
LogInit:  - bVerifyPeer = false  - Libcurl will NOT verify peer certificate
LogInit:  - bUseHttpProxy = false  - Libcurl will NOT use HTTP proxy
LogInit:  - bDontReuseConnections = false  - Libcurl will reuse connections
LogInit:  - CertBundlePath = nullptr  - Libcurl will use whatever was configured at build time.
LogInit: Build: ++UE4+Release-4.17-CL-3658906
LogInit: Engine Version: 4.17.2-3658906+++UE4+Release-4.17
LogInit: Compatible Engine Version: 4.17.0-3573198+++UE4+Release-4.17
LogInit: Net CL: 3573198
LogDevObjectVersion: Number of dev versions registered: 16
LogDevObjectVersion:   Dev-Blueprints (B0D832E4-1F89-4F0D-ACCF-7EB736FD4AA2): 10
LogDevObjectVersion:   Dev-Build (E1C64328-A22C-4D53-A36C-8E866417BD8C): 0
LogDevObjectVersion:   Dev-Core (375EC13C-06E4-48FB-B500-84F0262A717E): 2
LogDevObjectVersion:   Dev-Editor (E4B068ED-F494-42E9-A231-DA0B2E46BB41): 20
LogDevObjectVersion:   Dev-Framework (CFFC743F-43B0-4480-9391-14DF171D2073): 28
LogDevObjectVersion:   Dev-Mobile (B02B49B5-BB20-44E9-A304-32B752E40360): 0
LogDevObjectVersion:   Dev-Networking (A4E4105C-59A1-49B5-A7C5-40C4547EDFEE): 0
LogDevObjectVersion:   Dev-Online (39C831C9-5AE6-47DC-9A44-9C173E1C8E7C): 0
LogDevObjectVersion:   Dev-Physics (78F01B33-EBEA-4F98-B9B4-84EACCB95AA2): 0
LogDevObjectVersion:   Dev-Platform (6631380F-2D4D-43E0-8009-CF276956A95A): 0
LogDevObjectVersion:   Dev-Rendering (12F88B9F-8875-4AFC-A67C-D90C383ABD29): 19
LogDevObjectVersion:   Dev-Sequencer (7B5AE74C-D270-4C10-A958-57980B212A5A): 4
LogDevObjectVersion:   Dev-VR (D7296918-1DD6-4BDD-9DE2-64A83CC13884): 0
LogDevObjectVersion:   Dev-LoadTimes (C2A15278-BFE7-4AFE-6C17-90FF531DF755): 1
LogDevObjectVersion:   Private-Geometry (6EACA3D4-40EC-4CC1-B786-8BED09428FC5): 1
LogDevObjectVersion:   Dev-AnimPhys (29E575DD-E0A3-4627-9D10-D276232CDCEA): 7
LogInit: Compiled (64-bit): Sep 22 2017 13:47:16
LogInit: Compiled with Visual C++: 19.00.24215.01
LogInit: Build Configuration: Development
LogInit: Branch Name: ++UE4+Release-4.17
LogInit: Command line:  
LogInit: Base directory: C:/Program Files/Epic Games/UE_4.17/Engine/Binaries/Win64/
LogInit: Installed Engine Build: 1
LogInit: Presizing for max 8388607 objects, including 0 objects not considered by GC, pre-allocating 0 bytes for permanent pool.
LogInit: Object subsystem initialized
[2017.10.01-19.06.39:966][  0]LogInit: Selected Device Profile: [Windows]
[2017.10.01-19.06.39:966][  0]LogInit: Applying CVar settings loaded from the selected device profile: [Windows]
[2017.10.01-19.06.40:012][  0]LogInit: Computer: ROB
[2017.10.01-19.06.40:012][  0]LogInit: User: RM
[2017.10.01-19.06.40:012][  0]LogInit: CPU Page size=4096, Cores=4
[2017.10.01-19.06.40:012][  0]LogInit: High frequency timer resolution =3.415996 MHz
[2017.10.01-19.06.40:012][  0]LogMemory: Memory total: Physical=7.9GB (8GB approx)
[2017.10.01-19.06.40:012][  0]LogMemory: Platform Memory Stats for Windows
[2017.10.01-19.06.40:012][  0]LogMemory: Process Physical Memory: 277.21 MB used, 277.21 MB peak
[2017.10.01-19.06.40:012][  0]LogMemory: Process Virtual Memory: 286.34 MB used, 286.34 MB peak
[2017.10.01-19.06.40:012][  0]LogMemory: Physical Memory: 3443.09 MB used,  4691.89 MB free, 8134.98 MB total
[2017.10.01-19.06.40:012][  0]LogMemory: Virtual Memory: 663.69 MB used,  4691.89 MB free, 134217728.00 MB total
[2017.10.01-19.06.40:923][  0]LogInit: Using OS detected language (en-US).
[2017.10.01-19.06.40:923][  0]LogInit: Using OS detected locale (en-US).
[2017.10.01-19.06.41:142][  0]LogTextLocalizationManager: No specific localization for 'en-US' exists, so the 'en' localization will be used.
[2017.10.01-19.06.45:041][  0]LogD3D11RHI: D3D11 adapters:
[2017.10.01-19.06.45:073][  0]LogD3D11RHI:    0. 'NVIDIA GeForce GTX 960' (Feature Level 11_0)
[2017.10.01-19.06.45:073][  0]LogD3D11RHI:       1965/0/2048 MB DedicatedVideo/DedicatedSystem/SharedSystem, Outputs:2, VendorId:0x10de
[2017.10.01-19.06.45:093][  0]LogD3D11RHI:    1. 'Microsoft Basic Render Driver' (Feature Level 11_0)
[2017.10.01-19.06.45:093][  0]LogD3D11RHI:       0/0/256 MB DedicatedVideo/DedicatedSystem/SharedSystem, Outputs:0, VendorId:0x1414
[2017.10.01-19.06.45:093][  0]LogD3D11RHI: Chosen D3D11 Adapter: 0
[2017.10.01-19.06.45:097][  0]LogD3D11RHI: Creating new Direct3DDevice
[2017.10.01-19.06.45:097][  0]LogD3D11RHI:     GPU DeviceId: 0x1401 (for the marketing name, search the web for "GPU Device Id")
[2017.10.01-19.06.45:097][  0]LogWindows: EnumDisplayDevices:
[2017.10.01-19.06.45:097][  0]LogWindows:    0. 'NVIDIA GeForce GTX 960' (P:0 D:1)
[2017.10.01-19.06.45:097][  0]LogWindows:    1. 'NVIDIA GeForce GTX 960' (P:1 D:1)
[2017.10.01-19.06.45:097][  0]LogWindows:    2. 'NVIDIA GeForce GTX 960' (P:0 D:0)
[2017.10.01-19.06.45:098][  0]LogWindows:    3. 'NVIDIA GeForce GTX 960' (P:0 D:0)
[2017.10.01-19.06.45:098][  0]LogWindows: DebugString: FoundDriverCount:4 
[2017.10.01-19.06.45:098][  0]LogD3D11RHI:     Adapter Name: NVIDIA GeForce GTX 960
[2017.10.01-19.06.45:098][  0]LogD3D11RHI:   Driver Version: 358.91 (internal:10.18.13.5891, unified:358.91)
[2017.10.01-19.06.45:098][  0]LogD3D11RHI:      Driver Date: 11-5-2015
[2017.10.01-19.06.45:098][  0]LogRHI: Texture pool is 1361 MB (70% of 1945 MB)
[2017.10.01-19.06.45:120][  0]LogD3D11RHI: NvAPI_D3D_GetCurrentSLIState failed: 0xfffffff7
[2017.10.01-19.06.45:120][  0]LogD3D11RHI: Async texture creation enabled
[2017.10.01-19.06.45:137][  0]LogD3D11RHI: GPU Timing Frequency: 1000.000000 (Debug: 2 2)
[2017.10.01-19.06.45:140][  0]LogShaderCompilers: Guid format shader working directory is 2 characters bigger than the processId version (../../../../../../Users/RM/Desktop/RChase/Intermediate/Shaders/WorkingDirectory/8532/).
[2017.10.01-19.06.45:140][  0]LogShaderCompilers: Cleaned the shader compiler working directory 'C:/Users/RM/AppData/Local/Temp/UnrealShaderWorkingDir/F1A47A494D2A87A7C7E1B896B1BBE148/'.
[2017.10.01-19.06.45:140][  0]LogShaderCompilers: Display: Using Local Shader Compiler.
[2017.10.01-19.06.47:713][  0]LogTemp: Display: Loaded TP AllDesktopTargetPlatform
[2017.10.01-19.06.47:792][  0]LogTemp: Display: Loaded TP MacClientTargetPlatform
[2017.10.01-19.06.47:867][  0]LogTemp: Display: Loaded TP MacNoEditorTargetPlatform
[2017.10.01-19.06.47:945][  0]LogTemp: Display: Loaded TP MacServerTargetPlatform
[2017.10.01-19.06.48:050][  0]LogTemp: Display: Loaded TP MacTargetPlatform
[2017.10.01-19.06.48:149][  0]LogTemp: Display: Loaded TP WindowsClientTargetPlatform
[2017.10.01-19.06.48:244][  0]LogTemp: Display: Loaded TP WindowsNoEditorTargetPlatform
[2017.10.01-19.06.48:338][  0]LogTemp: Display: Loaded TP WindowsServerTargetPlatform
[2017.10.01-19.06.48:412][  0]LogTemp: Display: Loaded TP WindowsTargetPlatform
[2017.10.01-19.06.48:513][  0]LogTemp: Display: Loaded TP AndroidTargetPlatform
[2017.10.01-19.06.48:600][  0]LogTemp: Display: Loaded TP Android_ASTCTargetPlatform
[2017.10.01-19.06.48:679][  0]LogTemp: Display: Loaded TP Android_ATCTargetPlatform
[2017.10.01-19.06.48:760][  0]LogTemp: Display: Loaded TP Android_DXTTargetPlatform
[2017.10.01-19.06.48:844][  0]LogTemp: Display: Loaded TP Android_ETC1TargetPlatform
[2017.10.01-19.06.48:924][  0]LogTemp: Display: Loaded TP Android_ETC2TargetPlatform
[2017.10.01-19.06.49:070][  0]LogTemp: Display: Loaded TP Android_MultiTargetPlatform
[2017.10.01-19.06.49:070][  0]LogTemp: Display: Loaded TP Android_PVRTCTargetPlatform
[2017.10.01-19.06.49:142][  0]LogTemp: Display: Loaded TP HTML5TargetPlatform
[2017.10.01-19.06.49:315][  0]LogTemp: Display: Loaded TP IOSTargetPlatform
[2017.10.01-19.06.49:353][  0]LogTemp: Display: Loaded TP TVOSTargetPlatform
[2017.10.01-19.06.49:448][  0]LogTemp: Display: Loaded TP LinuxClientTargetPlatform
[2017.10.01-19.06.49:552][  0]LogTemp: Display: Loaded TP LinuxNoEditorTargetPlatform
[2017.10.01-19.06.49:648][  0]LogTemp: Display: Loaded TP LinuxServerTargetPlatform
[2017.10.01-19.06.49:749][  0]LogTemp: Display: Loaded TP LinuxTargetPlatform
[2017.10.01-19.06.49:749][  0]LogTargetPlatformManager: Display: Building Assets For Windows
[2017.10.01-19.06.50:964][  0]LogDerivedDataCache: Display: Max Cache Size: 512 MB
[2017.10.01-19.06.51:572][  0]LogDerivedDataCache: Loaded boot cache 0.61s 93MB C:/Users/RM/AppData/Local/UnrealEngine/4.17/DerivedDataCache/Boot.ddc.
[2017.10.01-19.06.51:573][  0]LogDerivedDataCache: Display: Loaded Boot cache: C:/Users/RM/AppData/Local/UnrealEngine/4.17/DerivedDataCache/Boot.ddc
[2017.10.01-19.06.51:573][  0]LogDerivedDataCache: FDerivedDataBackendGraph:  Pak pak cache file ../../../../../../Users/RM/Desktop/RChase/DerivedDataCache/DDC.ddp not found, will not use a pak cache.
[2017.10.01-19.06.51:573][  0]LogDerivedDataCache: Unable to find inner node Pak for hierarchical cache Hierarchy.
[2017.10.01-19.06.51:573][  0]LogDerivedDataCache: FDerivedDataBackendGraph:  CompressedPak pak cache file ../../../../../../Users/RM/Desktop/RChase/DerivedDataCache/Compressed.ddp not found, will not use a pak cache.
[2017.10.01-19.06.51:573][  0]LogDerivedDataCache: Unable to find inner node CompressedPak for hierarchical cache Hierarchy.
[2017.10.01-19.06.51:636][  0]LogDerivedDataCache: Display: Pak cache opened for reading ../../../Engine/DerivedDataCache/Compressed.ddp.
[2017.10.01-19.06.51:651][  0]LogDerivedDataCache: Using Local data cache path C:/Users/RM/AppData/Local/UnrealEngine/Common/DerivedDataCache: Writable
[2017.10.01-19.06.51:665][  0]LogMaterial: Verifying Global Shaders for PCD3D_SM5
[2017.10.01-19.06.51:666][  0]LogSlate: Using Freetype 2.6.0
[2017.10.01-19.06.51:706][  0]LogSlate: SlateFontCache - WITH_FREETYPE: 1, WITH_HARFBUZZ: 1
[2017.10.01-19.06.51:706][  0]LogSlate: SlateFontCache - WITH_FREETYPE: 1, WITH_HARFBUZZ: 1
[2017.10.01-19.06.55:749][  0]LogAssetRegistry: FAssetRegistry took 0.0285 seconds to start up
[2017.10.01-19.06.56:025][  0]LogInit: Selected Device Profile: [Windows]
[2017.10.01-19.06.57:476][  0]LogContentStreaming: Texture pool size is 0.00 MB
[2017.10.01-19.06.58:268][  0]LogSimplygon: Simplygon DLL not present - disabling.
[2017.10.01-19.06.58:372][  0]LogMeshReduction: Using SimplygonSwarm for distributed automatic mesh merging
[2017.10.01-19.06.58:372][  0]LogMeshReduction: Using QuadricMeshReduction for automatic static mesh reduction
[2017.10.01-19.06.58:372][  0]LogMeshReduction: No automatic skeletal mesh reduction module available
[2017.10.01-19.06.58:372][  0]LogMeshReduction: No automatic mesh merging module available
[2017.10.01-19.06.58:372][  0]LogMeshMerging: No automatic mesh merging module available
[2017.10.01-19.06.59:694][  0]LogNetVersion: RChase , NetCL: 3573198, EngineNetVer: 2, GameNetVer: 0 (Checksum: 3391548731)
[2017.10.01-19.07.00:593][  0]LogPackageLocalizationCache: Processed 5 localized package path(s) for 2 prioritized culture(s) in 0.076774 seconds
[2017.10.01-19.07.00:600][  0]LogUObjectArray: 35825 objects as part of root set at end of initial load.
[2017.10.01-19.07.00:600][  0]LogUObjectAllocator: 7529112 out of 0 bytes used by permanent object pool.
[2017.10.01-19.07.00:600][  0]LogUObjectArray: CloseDisregardForGC: 0/0 objects in disregard for GC pool
[2017.10.01-19.07.00:695][  0]LogInit: WinSock: version 1.1 (2.2), MaxSocks=32767, MaxUdp=65467
[2017.10.01-19.07.37:347][  0]LogTcpMessaging: Initializing TcpMessaging bridge
[2017.10.01-19.07.37:429][  0]LogUdpMessaging: Initializing bridge on interface 0.0.0.0:0 to multicast group 230.0.0.1:6666.
[2017.10.01-19.07.38:928][  0]LogMaterial: Uniform references updated for custom material expression Custom.
[2017.10.01-19.07.39:675][  0]SourceControl: Source control is disabled
[2017.10.01-19.07.39:675][  0]SourceControl: Source control is disabled
[2017.10.01-19.07.39:776][  0]SourceControl: Source control is disabled
[2017.10.01-19.07.39:883][  0]SourceControl: Source control is disabled
[2017.10.01-19.07.41:543][  0]LogAndroidPermission: UAndroidPermissionCallbackProxy::GetInstance
[2017.10.01-19.07.42:078][  0]LogOcInput: OculusInput pre-init called
[2017.10.01-19.07.42:544][  0]LogEngine: Initializing Engine...
[2017.10.01-19.07.42:546][  0]LogHMD: Failed to initialize OpenVR with code 110
[2017.10.01-19.07.42:897][  0]LogStats: UGameplayTagsManager::ConstructGameplayTagTree: Construct from data asset -  0.000 s
[2017.10.01-19.07.42:897][  0]LogStats: UGameplayTagsManager::ConstructGameplayTagTree: GameplayTagTreeChangedEvent.Broadcast -  0.000 s
[2017.10.01-19.07.43:114][  0]LogAIModule: Creating AISystem for world Untitled
[2017.10.01-19.07.43:132][  0]LogInit: XAudio2 using 'Headphones (2- High Definition Audio Device)' : 2 channels at 44.1 kHz using 16 bits per sample (channel mask 0x3)
[2017.10.01-19.07.43:141][  0]LogInit: FAudioDevice initialized.
[2017.10.01-19.07.43:328][  0]LogDerivedDataCache: Saved boot cache 0.19s 93MB C:/Users/RM/AppData/Local/UnrealEngine/4.17/DerivedDataCache/Boot.ddc.
[2017.10.01-19.07.43:343][  0]LogInit: Texture streaming: Enabled
[2017.10.01-19.07.43:505][  0]LogEngineSessionManager: EngineSessionManager initialized
[2017.10.01-19.07.43:958][  0]LogInit: Transaction tracking system initialized
[2017.10.01-19.07.44:476][  0]BlueprintLog: New page: Editor Load
[2017.10.01-19.07.46:044][  0]LocalizationService: Localization service is disabled
[2017.10.01-19.07.47:347][  0]LogConsoleResponse: Display: 
[2017.10.01-19.07.48:489][  0]LogCook: Display: Max memory allowance for cook 16384mb min free memory 0mb
[2017.10.01-19.07.48:489][  0]LogCook: Display: Mobile HDR setting 1
[2017.10.01-19.07.48:489][  0]LogGameplayTags: Display: UGameplayTagsManager::DoneAddingNativeTags. DelegateIsBound: 0
[2017.10.01-19.07.49:028][  0]LogFileCache: Scanning file cache for directory 'C:/Users/RM/Desktop/RChase/Content/' took 0.04s
[2017.10.01-19.07.51:151][  0]SourceControl: Source control is disabled
[2017.10.01-19.07.51:151][  0]Cmd: MAP LOAD FILE="../../../../../../Users/RM/Desktop/RChase/Content/VehicleBP/Maps/VehicleExampleMap.umap" TEMPLATE=0 SHOWPROGRESS=1 FEATURELEVEL=3
[2017.10.01-19.07.51:152][  0]LogEditorServer: Warning: Can't find file '../../../../../../Users/RM/Desktop/RChase/Content/VehicleBP/Maps/VehicleExampleMap.umap'
[2017.10.01-19.07.51:152][  0]Cmd: MAP CHECKDEP NOCLEARLOG
[2017.10.01-19.07.51:339][  0]MapCheck: Map check complete: 0 Error(s), 0 Warning(s), took 185.764ms to complete.
[2017.10.01-19.07.51:339][  0]LogFileHelpers: Loading map 'VehicleExampleMap' took 0.187
[2017.10.01-19.07.51:619][  0]LogCollectionManager: Loaded 0 collections in 0.002833 seconds
[2017.10.01-19.07.51:728][  0]LogFileCache: Scanning file cache for directory 'C:/Users/RM/Desktop/RChase/Saved/Collections/' took 0.01s
[2017.10.01-19.07.51:728][  0]LogFileCache: Scanning file cache for directory 'C:/Users/RM/Desktop/RChase/Content/Developers/RM/Collections/' took 0.01s
[2017.10.01-19.07.51:728][  0]LogFileCache: Scanning file cache for directory 'C:/Users/RM/Desktop/RChase/Content/Collections/' took 0.01s
[2017.10.01-19.07.51:728][  0]LogCollectionManager: Rebuilt the GUID cache for 0 collections in 0.000001 seconds
[2017.10.01-19.07.51:738][  0]LogContentBrowser: Native class hierarchy populated in 0.0099 seconds. Added 2388 classes and 503 folders.
[2017.10.01-19.07.51:829][  0]LogContentBrowser: Native class hierarchy updated for 'WidgetCarousel' in 0.0006 seconds. Added 0 classes and 0 folders.
[2017.10.01-19.07.52:455][  0]LogContentBrowser: Native class hierarchy updated for 'AddContentDialog' in 0.0008 seconds. Added 0 classes and 0 folders.
[2017.10.01-19.07.52:536][  0]LogContentBrowser: Native class hierarchy updated for 'SceneOutliner' in 0.0009 seconds. Added 1 classes and 2 folders.
[2017.10.01-19.07.52:593][  0]LogSlate: Took 0.034166 seconds to synchronously load lazily loaded font '../../../Engine/Content/Slate/Fonts/Roboto-Regular.ttf' (155K)
[2017.10.01-19.07.52:608][  0]LogSlate: Took 0.013486 seconds to synchronously load lazily loaded font '../../../Engine/Content/Slate/Fonts/Roboto-Bold.ttf' (160K)
[2017.10.01-19.07.52:618][  0]LogSlate: Took 0.005815 seconds to synchronously load lazily loaded font '../../../Engine/Content/Editor/Slate/Fonts/FontAwesome.ttf' (139K)
[2017.10.01-19.07.52:772][  0]LogRenderer: Reallocating scene render targets to support 1208x576 Format 10 NumSamples 1 (Frame:1).
[2017.10.01-19.07.53:042][  0]LogContentBrowser: Native class hierarchy updated for 'HierarchicalLODOutliner' in 0.0006 seconds. Added 1 classes and 2 folders.
[2017.10.01-19.07.53:042][  0]LogLoad: (Engine Initialization) Total time: 77.73 seconds
[2017.10.01-19.07.53:042][  0]LogLoad: (Engine Initialization) Total Blueprint compile time: 0.00 seconds
[2017.10.01-19.07.53:042][  0]LogExternalProfiler: Found external profiler: VSPerf
[2017.10.01-19.07.53:042][  0]LogExternalProfiler: Using external profiler: VSPerf
[2017.10.01-19.07.53:384][  0]LogRawInputWindows: Warning: Found device 0 devices
[2017.10.01-19.07.53:384][  0]LogRawInputWindows: Warning: Found device 0 devices
[2017.10.01-19.07.53:384][  0]LogRawInputWindows: Warning: Device was registered succesfully but not connected (Usage:4 UsagePage:1
[2017.10.01-19.07.53:384][  0]LogRawInputWindows: Warning: Found device 1 devices
[2017.10.01-19.07.53:384][  0]LogRawInputWindows: VenderID:45e ProductID:28e
[2017.10.01-19.07.53:384][  0]LogRawInputWindows: Device was registered succesfully and is connected (Usage:5 UsagePage:1
[2017.10.01-19.07.53:474][  0]LogContentStreaming: Texture pool size now 1000 MB
[2017.10.01-19.07.53:757][  1]LogAssetRegistry: Asset discovery search completed in 58.0315 seconds
[2017.10.01-19.07.53:760][  1]LogCollectionManager: Rebuilt the object cache for 0 collections in 0.000001 seconds (found 0 objects)
[2017.10.01-19.07.53:760][  1]LogCollectionManager: Fixed up redirectors for 0 collections in 0.000056 seconds (updated 0 objects)
[2017.10.01-19.07.54:408][  3]LogSlate: Took 0.014212 seconds to synchronously load lazily loaded font '../../../Engine/Content/Slate/Fonts/Roboto-Light.ttf' (159K)
[2017.10.01-19.07.57:733][ 13]LogSlate: Took 0.000231 seconds to synchronously load lazily loaded font '../../../Engine/Content/Slate/Fonts/Roboto-Light.ttf' (159K)
[2017.10.01-19.07.59:055][ 17]LogFileCache: Retrieving MD5 hashes for directory 'C:/Users/RM/Desktop/RChase/Content/' took 5.66s
[2017.10.01-19.08.24:744][ 94]AssetReimport: New page: Outstanding source content changes 11:08:24 AM
[2017.10.01-19.08.24:778][ 95]LogStaticMesh: Building static mesh lowpolymountains...
[2017.10.01-19.08.24:783][ 95]LogStaticMesh: Built static mesh [0.00s] /Game/Model/lowpolymountains.lowpolymountains
[2017.10.01-19.08.24:901][ 95]LogEditorFactories: Performing atomic reimport of [C:/Users/RM/Desktop/RChase/Content/Model/lowpolymountains.obj]
[2017.10.01-19.08.24:909][ 95]LogFbx: Loading FBX Scene from C:/Users/RM/Desktop/RChase/Content/Model/lowpolymountains.obj
[2017.10.01-19.08.24:929][ 95]LogFbx: FBX Scene Loaded Succesfully
[2017.10.01-19.08.25:049][ 95]LogStaticMesh: Building static mesh lowpolymountains...
[2017.10.01-19.08.25:053][ 95]LogStaticMesh: Built static mesh [0.00s] /Game/Model/lowpolymountains.lowpolymountains
[2017.10.01-19.08.25:059][ 95]LogEditorFactories: -- imported successfully
[2017.10.01-19.08.25:143][ 96]LogStaticMesh: Building static mesh Trex_bottomTeeth_group3...
[2017.10.01-19.08.26:124][ 96]LogStaticMesh: Built static mesh [0.98s] /Game/TrexFBXOBJ/Trex_bottomTeeth_group3.Trex_bottomTeeth_group3
[2017.10.01-19.08.26:153][ 96]LogEditorFactories: Performing atomic reimport of [C:/Users/RM/Desktop/RChase/Content/TrexFBXOBJ/Trex.obj]
[2017.10.01-19.08.26:176][ 96]LogFbx: Loading FBX Scene from C:/Users/RM/Desktop/RChase/Content/TrexFBXOBJ/Trex.obj
[2017.10.01-19.08.26:845][ 96]LogFbx: FBX Scene Loaded Succesfully
[2017.10.01-19.08.27:553][ 96]LogStaticMesh: Building static mesh Trex_bottomTeeth_group3...
[2017.10.01-19.08.28:526][ 96]LogStaticMesh: Built static mesh [0.97s] /Game/TrexFBXOBJ/Trex_bottomTeeth_group3.Trex_bottomTeeth_group3
[2017.10.01-19.08.28:531][ 96]LogEditorFactories: -- imported successfully
[2017.10.01-19.08.28:597][ 96]LogStaticMesh: Building static mesh Trex_group3_L_Eye...
[2017.10.01-19.08.28:631][ 96]LogStaticMesh: Built static mesh [0.05s] /Game/TrexFBXOBJ/Trex_group3_L_Eye.Trex_group3_L_Eye
[2017.10.01-19.08.28:665][ 96]LogEditorFactories: Performing atomic reimport of [C:/Users/RM/Desktop/RChase/Content/TrexFBXOBJ/Trex.obj]
[2017.10.01-19.08.28:688][ 96]LogFbx: Loading FBX Scene from C:/Users/RM/Desktop/RChase/Content/TrexFBXOBJ/Trex.obj
[2017.10.01-19.08.29:359][ 96]LogFbx: FBX Scene Loaded Succesfully
[2017.10.01-19.08.29:494][ 96]LogStaticMesh: Building static mesh Trex_group3_L_Eye...
[2017.10.01-19.08.29:530][ 96]LogStaticMesh: Built static mesh [0.04s] /Game/TrexFBXOBJ/Trex_group3_L_Eye.Trex_group3_L_Eye
[2017.10.01-19.08.29:547][ 96]LogEditorFactories: -- imported successfully
[2017.10.01-19.08.29:599][ 96]LogStaticMesh: Building static mesh Trex_group3_L_foot_claw1...
[2017.10.01-19.08.29:605][ 96]LogStaticMesh: Built static mesh [0.01s] /Game/TrexFBXOBJ/Trex_group3_L_foot_claw1.Trex_group3_L_foot_claw1
[2017.10.01-19.08.29:648][ 96]LogEditorFactories: Performing atomic reimport of [C:/Users/RM/Desktop/RChase/Content/TrexFBXOBJ/Trex.obj]
[2017.10.01-19.08.29:672][ 96]LogFbx: Loading FBX Scene from C:/Users/RM/Desktop/RChase/Content/TrexFBXOBJ/Trex.obj
[2017.10.01-19.08.30:368][ 96]LogFbx: FBX Scene Loaded Succesfully
[2017.10.01-19.08.30:417][ 96]LogStaticMesh: Building static mesh Trex_group3_L_foot_claw1...
[2017.10.01-19.08.30:425][ 96]LogStaticMesh: Built static mesh [0.02s] /Game/TrexFBXOBJ/Trex_group3_L_foot_claw1.Trex_group3_L_foot_claw1
[2017.10.01-19.08.30:428][ 96]LogEditorFactories: -- imported successfully
[2017.10.01-19.08.30:474][ 96]LogStaticMesh: Building static mesh Trex_group3_L_foot_claw2...
[2017.10.01-19.08.30:481][ 96]LogStaticMesh: Built static mesh [0.01s] /Game/TrexFBXOBJ/Trex_group3_L_foot_claw2.Trex_group3_L_foot_claw2
[2017.10.01-19.08.30:491][ 96]LogEditorFactories: Performing atomic reimport of [C:/Users/RM/Desktop/RChase/Content/TrexFBXOBJ/Trex.obj]
[2017.10.01-19.08.30:515][ 96]LogFbx: Loading FBX Scene from C:/Users/RM/Desktop/RChase/Content/TrexFBXOBJ/Trex.obj
[2017.10.01-19.08.31:204][ 96]LogFbx: FBX Scene Loaded Succesfully
[2017.10.01-19.08.31:244][ 96]LogStaticMesh: Building static mesh Trex_group3_L_foot_claw2...
[2017.10.01-19.08.31:252][ 96]LogStaticMesh: Built static mesh [0.01s] /Game/TrexFBXOBJ/Trex_group3_L_foot_claw2.Trex_group3_L_foot_claw2
[2017.10.01-19.08.31:256][ 96]LogEditorFactories: -- imported successfully
[2017.10.01-19.08.31:292][ 96]LogStaticMesh: Building static mesh Trex_group3_L_foot_claw3...
[2017.10.01-19.08.31:299][ 96]LogStaticMesh: Built static mesh [0.01s] /Game/TrexFBXOBJ/Trex_group3_L_foot_claw3.Trex_group3_L_foot_claw3
[2017.10.01-19.08.31:321][ 96]LogEditorFactories: Performing atomic reimport of [C:/Users/RM/Desktop/RChase/Content/TrexFBXOBJ/Trex.obj]
[2017.10.01-19.08.31:344][ 96]LogFbx: Loading FBX Scene from C:/Users/RM/Desktop/RChase/Content/TrexFBXOBJ/Trex.obj
[2017.10.01-19.08.32:026][ 96]LogFbx: FBX Scene Loaded Succesfully
[2017.10.01-19.08.32:068][ 96]LogStaticMesh: Building static mesh Trex_group3_L_foot_claw3...
[2017.10.01-19.08.32:075][ 96]LogStaticMesh: Built static mesh [0.01s] /Game/TrexFBXOBJ/Trex_group3_L_foot_claw3.Trex_group3_L_foot_claw3
[2017.10.01-19.08.32:078][ 96]LogEditorFactories: -- imported successfully
[2017.10.01-19.08.32:131][ 96]LogStaticMesh: Building static mesh Trex_group3_L_foot_DewClaw...
[2017.10.01-19.08.32:135][ 96]LogStaticMesh: Built static mesh [0.00s] /Game/TrexFBXOBJ/Trex_group3_L_foot_DewClaw.Trex_group3_L_foot_DewClaw
[2017.10.01-19.08.32:138][ 96]LogEditorFactories: Performing atomic reimport of [C:/Users/RM/Desktop/RChase/Content/TrexFBXOBJ/Trex.obj]
[2017.10.01-19.08.32:162][ 96]LogFbx: Loading FBX Scene from C:/Users/RM/Desktop/RChase/Content/TrexFBXOBJ/Trex.obj
[2017.10.01-19.08.32:833][ 96]LogFbx: FBX Scene Loaded Succesfully
[2017.10.01-19.08.32:864][ 96]LogStaticMesh: Building static mesh Trex_group3_L_foot_DewClaw...
[2017.10.01-19.08.32:867][ 96]LogStaticMesh: Built static mesh [0.00s] /Game/TrexFBXOBJ/Trex_group3_L_foot_DewClaw.Trex_group3_L_foot_DewClaw
[2017.10.01-19.08.32:875][ 96]LogEditorFactories: -- imported successfully
[2017.10.01-19.08.32:908][ 96]LogStaticMesh: Building static mesh Trex_group3_L_handClaw...
[2017.10.01-19.08.32:916][ 96]LogStaticMesh: Built static mesh [0.01s] /Game/TrexFBXOBJ/Trex_group3_L_handClaw.Trex_group3_L_handClaw
[2017.10.01-19.08.32:945][ 96]LogEditorFactories: Performing atomic reimport of [C:/Users/RM/Desktop/RChase/Content/TrexFBXOBJ/Trex.obj]
[2017.10.01-19.08.32:967][ 96]LogFbx: Loading FBX Scene from C:/Users/RM/Desktop/RChase/Content/TrexFBXOBJ/Trex.obj
[2017.10.01-19.08.33:635][ 96]LogFbx: FBX Scene Loaded Succesfully
[2017.10.01-19.08.33:682][ 96]LogStaticMesh: Building static mesh Trex_group3_L_handClaw...
[2017.10.01-19.08.33:691][ 96]LogStaticMesh: Built static mesh [0.01s] /Game/TrexFBXOBJ/Trex_group3_L_handClaw.Trex_group3_L_handClaw
[2017.10.01-19.08.33:694][ 96]LogEditorFactories: -- imported successfully
[2017.10.01-19.08.33:766][ 96]LogStaticMesh: Building static mesh Trex_group3_L_handClaw1...
[2017.10.01-19.08.33:775][ 96]LogStaticMesh: Built static mesh [0.02s] /Game/TrexFBXOBJ/Trex_group3_L_handClaw1.Trex_group3_L_handClaw1
[2017.10.01-19.08.33:778][ 96]LogEditorFactories: Performing atomic reimport of [C:/Users/RM/Desktop/RChase/Content/TrexFBXOBJ/Trex.obj]
[2017.10.01-19.08.33:801][ 96]LogFbx: Loading FBX Scene from C:/Users/RM/Desktop/RChase/Content/TrexFBXOBJ/Trex.obj
[2017.10.01-19.08.34:470][ 96]LogFbx: FBX Scene Loaded Succesfully
[2017.10.01-19.08.34:530][ 96]LogStaticMesh: Building static mesh Trex_group3_L_handClaw1...
[2017.10.01-19.08.34:539][ 96]LogStaticMesh: Built static mesh [0.03s] /Game/TrexFBXOBJ/Trex_group3_L_handClaw1.Trex_group3_L_handClaw1
[2017.10.01-19.08.34:541][ 96]LogEditorFactories: -- imported successfully
[2017.10.01-19.08.34:573][ 96]LogStaticMesh: Building static mesh Trex_group3_L_innerBlack...
[2017.10.01-19.08.34:591][ 96]LogStaticMesh: Built static mesh [0.02s] /Game/TrexFBXOBJ/Trex_group3_L_innerBlack.Trex_group3_L_innerBlack
[2017.10.01-19.08.34:610][ 96]LogEditorFactories: Performing atomic reimport of [C:/Users/RM/Desktop/RChase/Content/TrexFBXOBJ/Trex.obj]
[2017.10.01-19.08.34:632][ 96]LogFbx: Loading FBX Scene from C:/Users/RM/Desktop/RChase/Content/TrexFBXOBJ/Trex.obj
[2017.10.01-19.08.35:299][ 96]LogFbx: FBX Scene Loaded Succesfully
[2017.10.01-19.08.35:392][ 96]LogStaticMesh: Building static mesh Trex_group3_L_innerBlack...
[2017.10.01-19.08.35:410][ 96]LogStaticMesh: Built static mesh [0.02s] /Game/TrexFBXOBJ/Trex_group3_L_innerBlack.Trex_group3_L_innerBlack
[2017.10.01-19.08.35:413][ 96]LogEditorFactories: -- imported successfully
[2017.10.01-19.08.35:456][ 96]LogStaticMesh: Building static mesh Trex_group3_L_outerClear...
[2017.10.01-19.08.35:477][ 96]LogStaticMesh: Built static mesh [0.02s] /Game/TrexFBXOBJ/Trex_group3_L_outerClear.Trex_group3_L_outerClear
[2017.10.01-19.08.35:507][ 96]LogEditorFactories: Performing atomic reimport of [C:/Users/RM/Desktop/RChase/Content/TrexFBXOBJ/Trex.obj]
[2017.10.01-19.08.35:530][ 96]LogFbx: Loading FBX Scene from C:/Users/RM/Desktop/RChase/Content/TrexFBXOBJ/Trex.obj
[2017.10.01-19.08.36:205][ 96]LogFbx: FBX Scene Loaded Succesfully
[2017.10.01-19.08.36:325][ 96]LogStaticMesh: Building static mesh Trex_group3_L_outerClear...
[2017.10.01-19.08.36:347][ 96]LogStaticMesh: Built static mesh [0.05s] /Game/TrexFBXOBJ/Trex_group3_L_outerClear.Trex_group3_L_outerClear
[2017.10.01-19.08.36:385][ 96]LogEditorFactories: -- imported successfully
[2017.10.01-19.08.36:415][ 96]LogStaticMesh: Building static mesh Trex_group3_R_Eye...
[2017.10.01-19.08.36:450][ 96]LogStaticMesh: Built static mesh [0.04s] /Game/TrexFBXOBJ/Trex_group3_R_Eye.Trex_group3_R_Eye
[2017.10.01-19.08.36:493][ 96]LogEditorFactories: Performing atomic reimport of [C:/Users/RM/Desktop/RChase/Content/TrexFBXOBJ/Trex.obj]
[2017.10.01-19.08.36:516][ 96]LogFbx: Loading FBX Scene from C:/Users/RM/Desktop/RChase/Content/TrexFBXOBJ/Trex.obj
[2017.10.01-19.08.37:190][ 96]LogFbx: FBX Scene Loaded Succesfully
[2017.10.01-19.08.37:330][ 96]LogStaticMesh: Building static mesh Trex_group3_R_Eye...
[2017.10.01-19.08.37:365][ 96]LogStaticMesh: Built static mesh [0.05s] /Game/TrexFBXOBJ/Trex_group3_R_Eye.Trex_group3_R_Eye
[2017.10.01-19.08.37:370][ 96]LogEditorFactories: -- imported successfully
[2017.10.01-19.08.37:450][ 96]LogStaticMesh: Building static mesh Trex_group3_R_foot_claw1...
[2017.10.01-19.08.37:458][ 96]LogStaticMesh: Built static mesh [0.02s] /Game/TrexFBXOBJ/Trex_group3_R_foot_claw1.Trex_group3_R_foot_claw1
[2017.10.01-19.08.37:461][ 96]LogEditorFactories: Performing atomic reimport of [C:/Users/RM/Desktop/RChase/Content/TrexFBXOBJ/Trex.obj]
[2017.10.01-19.08.37:485][ 96]LogFbx: Loading FBX Scene from C:/Users/RM/Desktop/RChase/Content/TrexFBXOBJ/Trex.obj
[2017.10.01-19.08.38:162][ 96]LogFbx: FBX Scene Loaded Succesfully
[2017.10.01-19.08.38:219][ 96]LogStaticMesh: Building static mesh Trex_group3_R_foot_claw1...
[2017.10.01-19.08.38:226][ 96]LogStaticMesh: Built static mesh [0.01s] /Game/TrexFBXOBJ/Trex_group3_R_foot_claw1.Trex_group3_R_foot_claw1
[2017.10.01-19.08.38:243][ 96]LogEditorFactories: -- imported successfully
[2017.10.01-19.08.38:290][ 96]LogStaticMesh: Building static mesh Trex_group3_R_foot_claw2...
[2017.10.01-19.08.38:294][ 96]LogStaticMesh: Built static mesh [0.00s] /Game/TrexFBXOBJ/Trex_group3_R_foot_claw2.Trex_group3_R_foot_claw2
[2017.10.01-19.08.38:332][ 96]LogEditorFactories: Performing atomic reimport of [C:/Users/RM/Desktop/RChase/Content/TrexFBXOBJ/Trex.obj]
[2017.10.01-19.08.38:357][ 96]LogFbx: Loading FBX Scene from C:/Users/RM/Desktop/RChase/Content/TrexFBXOBJ/Trex.obj
[2017.10.01-19.08.39:050][ 96]LogFbx: FBX Scene Loaded Succesfully
[2017.10.01-19.08.39:109][ 96]LogStaticMesh: Building static mesh Trex_group3_R_foot_claw2...
[2017.10.01-19.08.39:114][ 96]LogStaticMesh: Built static mesh [0.02s] /Game/TrexFBXOBJ/Trex_group3_R_foot_claw2.Trex_group3_R_foot_claw2
[2017.10.01-19.08.39:120][ 96]LogEditorFactories: -- imported successfully
[2017.10.01-19.08.39:162][ 96]LogStaticMesh: Building static mesh Trex_group3_R_foot_claw3...
[2017.10.01-19.08.39:168][ 96]LogStaticMesh: Built static mesh [0.01s] /Game/TrexFBXOBJ/Trex_group3_R_foot_claw3.Trex_group3_R_foot_claw3
[2017.10.01-19.08.39:176][ 96]LogEditorFactories: Performing atomic reimport of [C:/Users/RM/Desktop/RChase/Content/TrexFBXOBJ/Trex.obj]
[2017.10.01-19.08.39:198][ 96]LogFbx: Loading FBX Scene from C:/Users/RM/Desktop/RChase/Content/TrexFBXOBJ/Trex.obj
[2017.10.01-19.08.39:884][ 96]LogFbx: FBX Scene Loaded Succesfully
[2017.10.01-19.08.39:953][ 96]LogStaticMesh: Building static mesh Trex_group3_R_foot_claw3...
[2017.10.01-19.08.39:958][ 96]LogStaticMesh: Built static mesh [0.03s] /Game/TrexFBXOBJ/Trex_group3_R_foot_claw3.Trex_group3_R_foot_claw3
[2017.10.01-19.08.39:961][ 96]LogEditorFactories: -- imported successfully
[2017.10.01-19.08.40:002][ 96]LogStaticMesh: Building static mesh Trex_group3_R_foot_DewClaw...
[2017.10.01-19.08.40:005][ 96]LogStaticMesh: Built static mesh [0.01s] /Game/TrexFBXOBJ/Trex_group3_R_foot_DewClaw.Trex_group3_R_foot_DewClaw
[2017.10.01-19.08.40:055][ 96]LogEditorFactories: Performing atomic reimport of [C:/Users/RM/Desktop/RChase/Content/TrexFBXOBJ/Trex.obj]
[2017.10.01-19.08.40:078][ 96]LogFbx: Loading FBX Scene from C:/Users/RM/Desktop/RChase/Content/TrexFBXOBJ/Trex.obj
[2017.10.01-19.08.40:761][ 96]LogFbx: FBX Scene Loaded Succesfully
[2017.10.01-19.08.40:793][ 96]LogStaticMesh: Building static mesh Trex_group3_R_foot_DewClaw...
[2017.10.01-19.08.40:796][ 96]LogStaticMesh: Built static mesh [0.00s] /Game/TrexFBXOBJ/Trex_group3_R_foot_DewClaw.Trex_group3_R_foot_DewClaw
[2017.10.01-19.08.40:811][ 96]LogEditorFactories: -- imported successfully
[2017.10.01-19.08.40:866][ 96]LogStaticMesh: Building static mesh Trex_group3_R_handClaw2...
[2017.10.01-19.08.40:875][ 96]LogStaticMesh: Built static mesh [0.02s] /Game/TrexFBXOBJ/Trex_group3_R_handClaw2.Trex_group3_R_handClaw2
[2017.10.01-19.08.40:878][ 96]LogEditorFactories: Performing atomic reimport of [C:/Users/RM/Desktop/RChase/Content/TrexFBXOBJ/Trex.obj]
[2017.10.01-19.08.40:900][ 96]LogFbx: Loading FBX Scene from C:/Users/RM/Desktop/RChase/Content/TrexFBXOBJ/Trex.obj
[2017.10.01-19.08.41:570][ 96]LogFbx: FBX Scene Loaded Succesfully
[2017.10.01-19.08.41:614][ 96]LogStaticMesh: Building static mesh Trex_group3_R_handClaw2...
[2017.10.01-19.08.41:623][ 96]LogStaticMesh: Built static mesh [0.01s] /Game/TrexFBXOBJ/Trex_group3_R_handClaw2.Trex_group3_R_handClaw2
[2017.10.01-19.08.41:627][ 96]LogEditorFactories: -- imported successfully
[2017.10.01-19.08.41:677][ 96]LogStaticMesh: Building static mesh Trex_group3_R_handClaw3...
[2017.10.01-19.08.41:687][ 96]LogStaticMesh: Built static mesh [0.01s] /Game/TrexFBXOBJ/Trex_group3_R_handClaw3.Trex_group3_R_handClaw3
[2017.10.01-19.08.41:693][ 96]LogEditorFactories: Performing atomic reimport of [C:/Users/RM/Desktop/RChase/Content/TrexFBXOBJ/Trex.obj]
[2017.10.01-19.08.41:716][ 96]LogFbx: Loading FBX Scene from C:/Users/RM/Desktop/RChase/Content/TrexFBXOBJ/Trex.obj
[2017.10.01-19.08.42:389][ 96]LogFbx: FBX Scene Loaded Succesfully
[2017.10.01-19.08.42:488][ 96]LogStaticMesh: Building static mesh Trex_group3_R_handClaw3...
[2017.10.01-19.08.42:497][ 96]LogStaticMesh: Built static mesh [0.06s] /Game/TrexFBXOBJ/Trex_group3_R_handClaw3.Trex_group3_R_handClaw3
[2017.10.01-19.08.42:509][ 96]LogEditorFactories: -- imported successfully
[2017.10.01-19.08.42:565][ 96]LogStaticMesh: Building static mesh Trex_group3_R_innerBlack...
[2017.10.01-19.08.42:584][ 96]LogStaticMesh: Built static mesh [0.02s] /Game/TrexFBXOBJ/Trex_group3_R_innerBlack.Trex_group3_R_innerBlack
[2017.10.01-19.08.42:586][ 96]LogEditorFactories: Performing atomic reimport of [C:/Users/RM/Desktop/RChase/Content/TrexFBXOBJ/Trex.obj]
[2017.10.01-19.08.42:610][ 96]LogFbx: Loading FBX Scene from C:/Users/RM/Desktop/RChase/Content/TrexFBXOBJ/Trex.obj
[2017.10.01-19.08.43:284][ 96]LogFbx: FBX Scene Loaded Succesfully
[2017.10.01-19.08.43:369][ 96]LogStaticMesh: Building static mesh Trex_group3_R_innerBlack...
[2017.10.01-19.08.43:388][ 96]LogStaticMesh: Built static mesh [0.02s] /Game/TrexFBXOBJ/Trex_group3_R_innerBlack.Trex_group3_R_innerBlack
[2017.10.01-19.08.43:410][ 96]LogEditorFactories: -- imported successfully
[2017.10.01-19.08.43:459][ 96]LogStaticMesh: Building static mesh Trex_group3_R_outerClear...
[2017.10.01-19.08.43:481][ 96]LogStaticMesh: Built static mesh [0.03s] /Game/TrexFBXOBJ/Trex_group3_R_outerClear.Trex_group3_R_outerClear
[2017.10.01-19.08.43:487][ 96]LogEditorFactories: Performing atomic reimport of [C:/Users/RM/Desktop/RChase/Content/TrexFBXOBJ/Trex.obj]
[2017.10.01-19.08.43:510][ 96]LogFbx: Loading FBX Scene from C:/Users/RM/Desktop/RChase/Content/TrexFBXOBJ/Trex.obj
[2017.10.01-19.08.44:191][ 96]LogFbx: FBX Scene Loaded Succesfully
[2017.10.01-19.08.44:285][ 96]LogStaticMesh: Building static mesh Trex_group3_R_outerClear...
[2017.10.01-19.08.44:307][ 96]LogStaticMesh: Built static mesh [0.02s] /Game/TrexFBXOBJ/Trex_group3_R_outerClear.Trex_group3_R_outerClear
[2017.10.01-19.08.44:311][ 96]LogEditorFactories: -- imported successfully
[2017.10.01-19.08.44:380][ 96]LogStaticMesh: Building static mesh Trex_group3_topTeeth...
[2017.10.01-19.08.46:150][ 96]LogStaticMesh: Built static mesh [1.77s] /Game/TrexFBXOBJ/Trex_group3_topTeeth.Trex_group3_topTeeth
[2017.10.01-19.08.46:158][ 96]LogEditorFactories: Performing atomic reimport of [C:/Users/RM/Desktop/RChase/Content/TrexFBXOBJ/Trex.obj]
[2017.10.01-19.08.46:181][ 96]LogFbx: Loading FBX Scene from C:/Users/RM/Desktop/RChase/Content/TrexFBXOBJ/Trex.obj
[2017.10.01-19.08.46:854][ 96]LogFbx: FBX Scene Loaded Succesfully
[2017.10.01-19.08.48:406][ 96]LogStaticMesh: Building static mesh Trex_group3_topTeeth...
[2017.10.01-19.08.50:164][ 96]LogStaticMesh: Built static mesh [1.76s] /Game/TrexFBXOBJ/Trex_group3_topTeeth.Trex_group3_topTeeth
[2017.10.01-19.08.50:173][ 96]LogEditorFactories: -- imported successfully
[2017.10.01-19.08.50:292][ 96]LogStaticMesh: Building static mesh Trex_group3_TrexSkin...
[2017.10.01-19.08.53:715][ 96]LogStaticMesh: Built static mesh [3.42s] /Game/TrexFBXOBJ/Trex_group3_TrexSkin.Trex_group3_TrexSkin
[2017.10.01-19.08.53:834][ 96]LogEditorFactories: Performing atomic reimport of [C:/Users/RM/Desktop/RChase/Content/TrexFBXOBJ/Trex.obj]
[2017.10.01-19.08.53:857][ 96]LogFbx: Loading FBX Scene from C:/Users/RM/Desktop/RChase/Content/TrexFBXOBJ/Trex.obj
[2017.10.01-19.08.54:547][ 96]LogFbx: FBX Scene Loaded Succesfully
[2017.10.01-19.09.00:652][ 96]LogStaticMesh: Building static mesh Trex_group3_TrexSkin...
[2017.10.01-19.09.03:978][ 96]LogStaticMesh: Built static mesh [3.33s] /Game/TrexFBXOBJ/Trex_group3_TrexSkin.Trex_group3_TrexSkin
[2017.10.01-19.09.04:083][ 96]LogEditorFactories: -- imported successfully
[2017.10.01-19.09.04:273][ 97]LogStaticMesh: Building static mesh Free_Cartoon_Land_2_Cube_Topper_Topper...
[2017.10.01-19.09.04:275][ 97]LogStaticMesh: Built static mesh [0.01s] /Game/DLassets/Cartoon/Free_Cartoon_Land_2_Cube_Topper_Topper.Free_Cartoon_Land_2_Cube_Topper_Topper
[2017.10.01-19.09.04:277][ 97]LogEditorFactories: Performing atomic reimport of [C:/Users/RM/Desktop/RChase/Content/DLassets/Cartoon/Free Cartoon Land 2.obj]
[2017.10.01-19.09.04:287][ 97]LogFbx: Loading FBX Scene from C:/Users/RM/Desktop/RChase/Content/DLassets/Cartoon/Free Cartoon Land 2.obj
[2017.10.01-19.09.04:477][ 97]LogFbx: FBX Scene Loaded Succesfully
[2017.10.01-19.09.04:508][ 97]LogStaticMesh: Building static mesh Free_Cartoon_Land_2_Cube_Topper_Topper...
[2017.10.01-19.09.04:509][ 97]LogStaticMesh: Built static mesh [0.00s] /Game/DLassets/Cartoon/Free_Cartoon_Land_2_Cube_Topper_Topper.Free_Cartoon_Land_2_Cube_Topper_Topper
[2017.10.01-19.09.04:530][ 97]LogEditorFactories: -- imported successfully
[2017.10.01-19.09.04:599][ 97]LogStaticMesh: Building static mesh Free_Cartoon_Land_2_Fence_001_Cube_000_Fence...
[2017.10.01-19.09.05:171][ 97]LogStaticMesh: Built static mesh [0.57s] /Game/DLassets/Cartoon/Free_Cartoon_Land_2_Fence_001_Cube_000_Fence.Free_Cartoon_Land_2_Fence_001_Cube_000_Fence
[2017.10.01-19.09.05:281][ 97]LogEditorFactories: Performing atomic reimport of [C:/Users/RM/Desktop/RChase/Content/DLassets/Cartoon/Free Cartoon Land 2.obj]
[2017.10.01-19.09.05:292][ 97]LogFbx: Loading FBX Scene from C:/Users/RM/Desktop/RChase/Content/DLassets/Cartoon/Free Cartoon Land 2.obj
[2017.10.01-19.09.05:479][ 97]LogFbx: FBX Scene Loaded Succesfully
[2017.10.01-19.09.08:028][ 97]LogStaticMesh: Building static mesh Free_Cartoon_Land_2_Fence_001_Cube_000_Fence...
[2017.10.01-19.09.08:517][ 97]LogStaticMesh: Built static mesh [0.49s] /Game/DLassets/Cartoon/Free_Cartoon_Land_2_Fence_001_Cube_000_Fence.Free_Cartoon_Land_2_Fence_001_Cube_000_Fence
[2017.10.01-19.09.08:588][ 97]LogEditorFactories: -- imported successfully
[2017.10.01-19.09.08:690][ 97]LogStaticMesh: Building static mesh Free_Cartoon_Land_2_Fence_002_Cube_002_Fence...
[2017.10.01-19.09.09:189][ 97]LogStaticMesh: Built static mesh [0.50s] /Game/DLassets/Cartoon/Free_Cartoon_Land_2_Fence_002_Cube_002_Fence.Free_Cartoon_Land_2_Fence_002_Cube_002_Fence
[2017.10.01-19.09.09:272][ 97]LogEditorFactories: Performing atomic reimport of [C:/Users/RM/Desktop/RChase/Content/DLassets/Cartoon/Free Cartoon Land 2.obj]
[2017.10.01-19.09.09:282][ 97]LogFbx: Loading FBX Scene from C:/Users/RM/Desktop/RChase/Content/DLassets/Cartoon/Free Cartoon Land 2.obj
[2017.10.01-19.09.09:463][ 97]LogFbx: FBX Scene Loaded Succesfully
[2017.10.01-19.09.11:984][ 97]LogStaticMesh: Building static mesh Free_Cartoon_Land_2_Fence_002_Cube_002_Fence...
[2017.10.01-19.09.12:462][ 97]LogStaticMesh: Built static mesh [0.53s] /Game/DLassets/Cartoon/Free_Cartoon_Land_2_Fence_002_Cube_002_Fence.Free_Cartoon_Land_2_Fence_002_Cube_002_Fence
[2017.10.01-19.09.12:528][ 97]LogEditorFactories: -- imported successfully
[2017.10.01-19.09.12:767][ 97]LogStaticMesh: Building static mesh Free_Cartoon_Land_2_Fence_Cube_004_Fence...
[2017.10.01-19.09.13:263][ 97]LogStaticMesh: Built static mesh [0.51s] /Game/DLassets/Cartoon/Free_Cartoon_Land_2_Fence_Cube_004_Fence.Free_Cartoon_Land_2_Fence_Cube_004_Fence
[2017.10.01-19.09.13:325][ 97]LogEditorFactories: Performing atomic reimport of [C:/Users/RM/Desktop/RChase/Content/DLassets/Cartoon/Free Cartoon Land 2.obj]
[2017.10.01-19.09.13:335][ 97]LogFbx: Loading FBX Scene from C:/Users/RM/Desktop/RChase/Content/DLassets/Cartoon/Free Cartoon Land 2.obj
[2017.10.01-19.09.13:515][ 97]LogFbx: FBX Scene Loaded Succesfully
[2017.10.01-19.09.16:034][ 97]LogStaticMesh: Building static mesh Free_Cartoon_Land_2_Fence_Cube_004_Fence...
[2017.10.01-19.09.16:526][ 97]LogStaticMesh: Built static mesh [0.52s] /Game/DLassets/Cartoon/Free_Cartoon_Land_2_Fence_Cube_004_Fence.Free_Cartoon_Land_2_Fence_Cube_004_Fence
[2017.10.01-19.09.16:593][ 97]LogEditorFactories: -- imported successfully
[2017.10.01-19.09.16:730][ 97]LogStaticMesh: Building static mesh Free_Cartoon_Land_2_Footpath_Cube_007_Foothpath...
[2017.10.01-19.09.17:222][ 97]LogStaticMesh: Built static mesh [0.49s] /Game/DLassets/Cartoon/Free_Cartoon_Land_2_Footpath_Cube_007_Foothpath.Free_Cartoon_Land_2_Footpath_Cube_007_Foothpath
[2017.10.01-19.09.17:448][ 97]LogEditorFactories: Performing atomic reimport of [C:/Users/RM/Desktop/RChase/Content/DLassets/Cartoon/Free Cartoon Land 2.obj]
[2017.10.01-19.09.17:459][ 97]LogFbx: Loading FBX Scene from C:/Users/RM/Desktop/RChase/Content/DLassets/Cartoon/Free Cartoon Land 2.obj
[2017.10.01-19.09.17:641][ 97]LogFbx: FBX Scene Loaded Succesfully
[2017.10.01-19.09.20:202][ 97]LogStaticMesh: Building static mesh Free_Cartoon_Land_2_Footpath_Cube_007_Foothpath...
[2017.10.01-19.09.20:688][ 97]LogStaticMesh: Built static mesh [0.55s] /Game/DLassets/Cartoon/Free_Cartoon_Land_2_Footpath_Cube_007_Foothpath.Free_Cartoon_Land_2_Footpath_Cube_007_Foothpath
[2017.10.01-19.09.20:857][ 97]LogEditorFactories: -- imported successfully
[2017.10.01-19.09.20:992][ 97]LogStaticMesh: Building static mesh Free_Cartoon_Land_2_Grass_Plane_003_Grass...
[2017.10.01-19.09.21:491][ 97]LogStaticMesh: Built static mesh [0.50s] /Game/DLassets/Cartoon/Free_Cartoon_Land_2_Grass_Plane_003_Grass.Free_Cartoon_Land_2_Grass_Plane_003_Grass
[2017.10.01-19.09.21:556][ 97]LogEditorFactories: Performing atomic reimport of [C:/Users/RM/Desktop/RChase/Content/DLassets/Cartoon/Free Cartoon Land 2.obj]
[2017.10.01-19.09.21:565][ 97]LogFbx: Loading FBX Scene from C:/Users/RM/Desktop/RChase/Content/DLassets/Cartoon/Free Cartoon Land 2.obj
[2017.10.01-19.09.21:750][ 97]LogFbx: FBX Scene Loaded Succesfully
[2017.10.01-19.09.24:321][ 97]LogStaticMesh: Building static mesh Free_Cartoon_Land_2_Grass_Plane_003_Grass...
[2017.10.01-19.09.24:814][ 97]LogStaticMesh: Built static mesh [0.51s] /Game/DLassets/Cartoon/Free_Cartoon_Land_2_Grass_Plane_003_Grass.Free_Cartoon_Land_2_Grass_Plane_003_Grass
[2017.10.01-19.09.24:884][ 97]LogEditorFactories: -- imported successfully
[2017.10.01-19.09.25:031][ 97]LogStaticMesh: Building static mesh Free_Cartoon_Land_2_House_001_Room_006_Door...
[2017.10.01-19.09.25:526][ 97]LogStaticMesh: Built static mesh [0.49s] /Game/DLassets/Cartoon/Free_Cartoon_Land_2_House_001_Room_006_Door.Free_Cartoon_Land_2_House_001_Room_006_Door
[2017.10.01-19.09.25:596][ 97]LogEditorFactories: Performing atomic reimport of [C:/Users/RM/Desktop/RChase/Content/DLassets/Cartoon/Free Cartoon Land 2.obj]
[2017.10.01-19.09.25:606][ 97]LogFbx: Loading FBX Scene from C:/Users/RM/Desktop/RChase/Content/DLassets/Cartoon/Free Cartoon Land 2.obj
[2017.10.01-19.09.25:789][ 97]LogFbx: FBX Scene Loaded Succesfully
[2017.10.01-19.09.28:378][ 97]LogStaticMesh: Building static mesh Free_Cartoon_Land_2_House_001_Room_006_Door...
[2017.10.01-19.09.28:864][ 97]LogStaticMesh: Built static mesh [0.50s] /Game/DLassets/Cartoon/Free_Cartoon_Land_2_House_001_Room_006_Door.Free_Cartoon_Land_2_House_001_Room_006_Door
[2017.10.01-19.09.28:934][ 97]LogEditorFactories: -- imported successfully
[2017.10.01-19.09.29:133][ 97]LogStaticMesh: Building static mesh Free_Cartoon_Land_2_House_004_Room_015_Door...
[2017.10.01-19.09.29:623][ 97]LogStaticMesh: Built static mesh [0.51s] /Game/DLassets/Cartoon/Free_Cartoon_Land_2_House_004_Room_015_Door.Free_Cartoon_Land_2_House_004_Room_015_Door
[2017.10.01-19.09.29:681][ 97]LogEditorFactories: Performing atomic reimport of [C:/Users/RM/Desktop/RChase/Content/DLassets/Cartoon/Free Cartoon Land 2.obj]
[2017.10.01-19.09.29:691][ 97]LogFbx: Loading FBX Scene from C:/Users/RM/Desktop/RChase/Content/DLassets/Cartoon/Free Cartoon Land 2.obj
[2017.10.01-19.09.29:873][ 97]LogFbx: FBX Scene Loaded Succesfully
[2017.10.01-19.09.32:342][ 97]LogStaticMesh: Building static mesh Free_Cartoon_Land_2_House_004_Room_015_Door...
[2017.10.01-19.09.32:822][ 97]LogStaticMesh: Built static mesh [0.48s] /Game/DLassets/Cartoon/Free_Cartoon_Land_2_House_004_Room_015_Door.Free_Cartoon_Land_2_House_004_Room_015_Door
[2017.10.01-19.09.32:895][ 97]LogEditorFactories: -- imported successfully
[2017.10.01-19.09.33:018][ 97]LogStaticMesh: Building static mesh Free_Cartoon_Land_2_House_004_Room_015_house...
[2017.10.01-19.09.33:524][ 97]LogStaticMesh: Built static mesh [0.51s] /Game/DLassets/Cartoon/Free_Cartoon_Land_2_House_004_Room_015_house.Free_Cartoon_Land_2_House_004_Room_015_house
[2017.10.01-19.09.33:610][ 97]LogEditorFactories: Performing atomic reimport of [C:/Users/RM/Desktop/RChase/Content/DLassets/Cartoon/Free Cartoon Land 2.obj]
[2017.10.01-19.09.33:620][ 97]LogFbx: Loading FBX Scene from C:/Users/RM/Desktop/RChase/Content/DLassets/Cartoon/Free Cartoon Land 2.obj
[2017.10.01-19.09.33:802][ 97]LogFbx: FBX Scene Loaded Succesfully
[2017.10.01-19.09.36:272][ 97]LogStaticMesh: Building static mesh Free_Cartoon_Land_2_House_004_Room_015_house...
[2017.10.01-19.09.36:764][ 97]LogStaticMesh: Built static mesh [0.49s] /Game/DLassets/Cartoon/Free_Cartoon_Land_2_House_004_Room_015_house.Free_Cartoon_Land_2_House_004_Room_015_house
[2017.10.01-19.09.36:856][ 97]LogEditorFactories: -- imported successfully
[2017.10.01-19.09.37:004][ 97]LogStaticMesh: Building static mesh Free_Cartoon_Land_2_House_004_Room_015_Roof...
[2017.10.01-19.09.37:503][ 97]LogStaticMesh: Built static mesh [0.50s] /Game/DLassets/Cartoon/Free_Cartoon_Land_2_House_004_Room_015_Roof.Free_Cartoon_Land_2_House_004_Room_015_Roof
[2017.10.01-19.09.37:566][ 97]LogEditorFactories: Performing atomic reimport of [C:/Users/RM/Desktop/RChase/Content/DLassets/Cartoon/Free Cartoon Land 2.obj]
[2017.10.01-19.09.37:577][ 97]LogFbx: Loading FBX Scene from C:/Users/RM/Desktop/RChase/Content/DLassets/Cartoon/Free Cartoon Land 2.obj
[2017.10.01-19.09.37:758][ 97]LogFbx: FBX Scene Loaded Succesfully
[2017.10.01-19.09.40:312][ 97]LogStaticMesh: Building static mesh Free_Cartoon_Land_2_House_004_Room_015_Roof...
[2017.10.01-19.09.40:817][ 97]LogStaticMesh: Built static mesh [0.51s] /Game/DLassets/Cartoon/Free_Cartoon_Land_2_House_004_Room_015_Roof.Free_Cartoon_Land_2_House_004_Room_015_Roof
[2017.10.01-19.09.40:888][ 97]LogEditorFactories: -- imported successfully
[2017.10.01-19.09.41:015][ 97]LogStaticMesh: Building static mesh Free_Cartoon_Land_2_House_004_Room_015_Window...
[2017.10.01-19.09.41:512][ 97]LogStaticMesh: Built static mesh [0.50s] /Game/DLassets/Cartoon/Free_Cartoon_Land_2_House_004_Room_015_Window.Free_Cartoon_Land_2_House_004_Room_015_Window
[2017.10.01-19.09.41:574][ 97]LogEditorFactories: Performing atomic reimport of [C:/Users/RM/Desktop/RChase/Content/DLassets/Cartoon/Free Cartoon Land 2.obj]
[2017.10.01-19.09.41:584][ 97]LogFbx: Loading FBX Scene from C:/Users/RM/Desktop/RChase/Content/DLassets/Cartoon/Free Cartoon Land 2.obj
[2017.10.01-19.09.41:771][ 97]LogFbx: FBX Scene Loaded Succesfully
[2017.10.01-19.09.44:284][ 97]LogStaticMesh: Building static mesh Free_Cartoon_Land_2_House_004_Room_015_Window...
[2017.10.01-19.09.44:775][ 97]LogStaticMesh: Built static mesh [0.49s] /Game/DLassets/Cartoon/Free_Cartoon_Land_2_House_004_Room_015_Window.Free_Cartoon_Land_2_House_004_Room_015_Window
[2017.10.01-19.09.44:850][ 97]LogEditorFactories: -- imported successfully
[2017.10.01-19.09.45:008][ 97]LogStaticMesh: Building static mesh Free_Cartoon_Land_2_House_004_Room_015_Window_aligment...
[2017.10.01-19.09.45:511][ 97]LogStaticMesh: Built static mesh [0.50s] /Game/DLassets/Cartoon/Free_Cartoon_Land_2_House_004_Room_015_Window_aligment.Free_Cartoon_Land_2_House_004_Room_015_Window_aligment
[2017.10.01-19.09.45:571][ 97]LogEditorFactories: Performing atomic reimport of [C:/Users/RM/Desktop/RChase/Content/DLassets/Cartoon/Free Cartoon Land 2.obj]
[2017.10.01-19.09.45:581][ 97]LogFbx: Loading FBX Scene from C:/Users/RM/Desktop/RChase/Content/DLassets/Cartoon/Free Cartoon Land 2.obj
[2017.10.01-19.09.45:770][ 97]LogFbx: FBX Scene Loaded Succesfully
[2017.10.01-19.09.48:312][ 97]LogStaticMesh: Building static mesh Free_Cartoon_Land_2_House_004_Room_015_Window_aligment...
[2017.10.01-19.09.48:827][ 97]LogStaticMesh: Built static mesh [0.51s] /Game/DLassets/Cartoon/Free_Cartoon_Land_2_House_004_Room_015_Window_aligment.Free_Cartoon_Land_2_House_004_Room_015_Window_aligment
[2017.10.01-19.09.48:901][ 97]LogEditorFactories: -- imported successfully
[2017.10.01-19.09.49:051][ 97]LogStaticMesh: Building static mesh Free_Cartoon_Land_2_Landscape_001_Plane_002_water...
[2017.10.01-19.09.49:564][ 97]LogStaticMesh: Built static mesh [0.52s] /Game/DLassets/Cartoon/Free_Cartoon_Land_2_Landscape_001_Plane_002_water.Free_Cartoon_Land_2_Landscape_001_Plane_002_water
[2017.10.01-19.09.49:654][ 97]LogEditorFactories: Performing atomic reimport of [C:/Users/RM/Desktop/RChase/Content/DLassets/Cartoon/Free Cartoon Land 2.obj]
[2017.10.01-19.09.49:664][ 97]LogFbx: Loading FBX Scene from C:/Users/RM/Desktop/RChase/Content/DLassets/Cartoon/Free Cartoon Land 2.obj
[2017.10.01-19.09.49:857][ 97]LogFbx: FBX Scene Loaded Succesfully
[2017.10.01-19.09.52:441][ 97]LogStaticMesh: Building static mesh Free_Cartoon_Land_2_Landscape_001_Plane_002_water...
[2017.10.01-19.09.52:937][ 97]LogStaticMesh: Built static mesh [0.52s] /Game/DLassets/Cartoon/Free_Cartoon_Land_2_Landscape_001_Plane_002_water.Free_Cartoon_Land_2_Landscape_001_Plane_002_water
[2017.10.01-19.09.53:006][ 97]LogEditorFactories: -- imported successfully
[2017.10.01-19.09.53:122][ 97]LogStaticMesh: Building static mesh Free_Cartoon_Land_2_Landscape_Plane_Landscape...
[2017.10.01-19.09.53:140][ 97]LogStaticMesh: Built static mesh [0.02s] /Game/DLassets/Cartoon/Free_Cartoon_Land_2_Landscape_Plane_Landscape.Free_Cartoon_Land_2_Landscape_Plane_Landscape
[2017.10.01-19.09.53:147][ 97]LogEditorFactories: Performing atomic reimport of [C:/Users/RM/Desktop/RChase/Content/DLassets/Cartoon/Free Cartoon Land 2.obj]
[2017.10.01-19.09.53:158][ 97]LogFbx: Loading FBX Scene from C:/Users/RM/Desktop/RChase/Content/DLassets/Cartoon/Free Cartoon Land 2.obj
[2017.10.01-19.09.53:342][ 97]LogFbx: FBX Scene Loaded Succesfully
[2017.10.01-19.09.53:710][ 97]LogStaticMesh: Building static mesh Free_Cartoon_Land_2_Landscape_Plane_Landscape...
[2017.10.01-19.09.53:731][ 97]LogStaticMesh: Built static mesh [0.02s] /Game/DLassets/Cartoon/Free_Cartoon_Land_2_Landscape_Plane_Landscape.Free_Cartoon_Land_2_Landscape_Plane_Landscape
[2017.10.01-19.09.53:808][ 97]LogEditorFactories: -- imported successfully
[2017.10.01-19.09.53:929][ 97]LogStaticMesh: Building static mesh Free_Cartoon_Land_2_Road_Cube_001_Road...
[2017.10.01-19.09.54:424][ 97]LogStaticMesh: Built static mesh [0.49s] /Game/DLassets/Cartoon/Free_Cartoon_Land_2_Road_Cube_001_Road.Free_Cartoon_Land_2_Road_Cube_001_Road
[2017.10.01-19.09.54:485][ 97]LogEditorFactories: Performing atomic reimport of [C:/Users/RM/Desktop/RChase/Content/DLassets/Cartoon/Free Cartoon Land 2.obj]
[2017.10.01-19.09.54:495][ 97]LogFbx: Loading FBX Scene from C:/Users/RM/Desktop/RChase/Content/DLassets/Cartoon/Free Cartoon Land 2.obj
[2017.10.01-19.09.54:677][ 97]LogFbx: FBX Scene Loaded Succesfully
[2017.10.01-19.09.57:252][ 97]LogStaticMesh: Building static mesh Free_Cartoon_Land_2_Road_Cube_001_Road...
[2017.10.01-19.09.57:753][ 97]LogStaticMesh: Built static mesh [0.50s] /Game/DLassets/Cartoon/Free_Cartoon_Land_2_Road_Cube_001_Road.Free_Cartoon_Land_2_Road_Cube_001_Road
[2017.10.01-19.09.57:834][ 97]LogEditorFactories: -- imported successfully
[2017.10.01-19.09.57:999][ 97]LogStaticMesh: Building static mesh Free_Cartoon_Land_2_Rock_Cube_006_Rock...
[2017.10.01-19.09.58:496][ 97]LogStaticMesh: Built static mesh [0.50s] /Game/DLassets/Cartoon/Free_Cartoon_Land_2_Rock_Cube_006_Rock.Free_Cartoon_Land_2_Rock_Cube_006_Rock
[2017.10.01-19.09.58:573][ 97]LogEditorFactories: Performing atomic reimport of [C:/Users/RM/Desktop/RChase/Content/DLassets/Cartoon/Free Cartoon Land 2.obj]
[2017.10.01-19.09.58:582][ 97]LogFbx: Loading FBX Scene from C:/Users/RM/Desktop/RChase/Content/DLassets/Cartoon/Free Cartoon Land 2.obj
[2017.10.01-19.09.58:767][ 97]LogFbx: FBX Scene Loaded Succesfully
[2017.10.01-19.10.01:249][ 97]LogStaticMesh: Building static mesh Free_Cartoon_Land_2_Rock_Cube_006_Rock...
[2017.10.01-19.10.01:746][ 97]LogStaticMesh: Built static mesh [0.50s] /Game/DLassets/Cartoon/Free_Cartoon_Land_2_Rock_Cube_006_Rock.Free_Cartoon_Land_2_Rock_Cube_006_Rock
[2017.10.01-19.10.01:827][ 97]LogEditorFactories: -- imported successfully
[2017.10.01-19.10.01:977][ 97]LogStaticMesh: Building static mesh Free_Cartoon_Land_2_Roof_001_Room_012_Door...
[2017.10.01-19.10.02:465][ 97]LogStaticMesh: Built static mesh [0.50s] /Game/DLassets/Cartoon/Free_Cartoon_Land_2_Roof_001_Room_012_Door.Free_Cartoon_Land_2_Roof_001_Room_012_Door
[2017.10.01-19.10.02:571][ 97]LogEditorFactories: Performing atomic reimport of [C:/Users/RM/Desktop/RChase/Content/DLassets/Cartoon/Free Cartoon Land 2.obj]
[2017.10.01-19.10.02:580][ 97]LogFbx: Loading FBX Scene from C:/Users/RM/Desktop/RChase/Content/DLassets/Cartoon/Free Cartoon Land 2.obj
[2017.10.01-19.10.02:764][ 97]LogFbx: FBX Scene Loaded Succesfully
[2017.10.01-19.10.05:324][ 97]LogStaticMesh: Building static mesh Free_Cartoon_Land_2_Roof_001_Room_012_Door...
[2017.10.01-19.10.05:818][ 97]LogStaticMesh: Built static mesh [0.49s] /Game/DLassets/Cartoon/Free_Cartoon_Land_2_Roof_001_Room_012_Door.Free_Cartoon_Land_2_Roof_001_Room_012_Door
[2017.10.01-19.10.05:897][ 97]LogEditorFactories: -- imported successfully
[2017.10.01-19.10.06:080][ 97]LogStaticMesh: Building static mesh Free_Cartoon_Land_2_Roof_001_Room_012_house_002...
[2017.10.01-19.10.06:578][ 97]LogStaticMesh: Built static mesh [0.50s] /Game/DLassets/Cartoon/Free_Cartoon_Land_2_Roof_001_Room_012_house_002.Free_Cartoon_Land_2_Roof_001_Room_012_house_002
[2017.10.01-19.10.06:646][ 97]LogEditorFactories: Performing atomic reimport of [C:/Users/RM/Desktop/RChase/Content/DLassets/Cartoon/Free Cartoon Land 2.obj]
[2017.10.01-19.10.06:656][ 97]LogFbx: Loading FBX Scene from C:/Users/RM/Desktop/RChase/Content/DLassets/Cartoon/Free Cartoon Land 2.obj
[2017.10.01-19.10.06:839][ 97]LogFbx: FBX Scene Loaded Succesfully
[2017.10.01-19.10.09:432][ 97]LogStaticMesh: Building static mesh Free_Cartoon_Land_2_Roof_001_Room_012_house_002...
[2017.10.01-19.10.09:924][ 97]LogStaticMesh: Built static mesh [0.49s] /Game/DLassets/Cartoon/Free_Cartoon_Land_2_Roof_001_Room_012_house_002.Free_Cartoon_Land_2_Roof_001_Room_012_house_002
[2017.10.01-19.10.09:995][ 97]LogEditorFactories: -- imported successfully
[2017.10.01-19.10.10:146][ 97]LogStaticMesh: Building static mesh Free_Cartoon_Land_2_Roof_001_Room_012_Roof_002...
[2017.10.01-19.10.10:637][ 97]LogStaticMesh: Built static mesh [0.49s] /Game/DLassets/Cartoon/Free_Cartoon_Land_2_Roof_001_Room_012_Roof_002.Free_Cartoon_Land_2_Roof_001_Room_012_Roof_002
[2017.10.01-19.10.10:737][ 97]LogEditorFactories: Performing atomic reimport of [C:/Users/RM/Desktop/RChase/Content/DLassets/Cartoon/Free Cartoon Land 2.obj]
[2017.10.01-19.10.10:747][ 97]LogFbx: Loading FBX Scene from C:/Users/RM/Desktop/RChase/Content/DLassets/Cartoon/Free Cartoon Land 2.obj
[2017.10.01-19.10.10:934][ 97]LogFbx: FBX Scene Loaded Succesfully
[2017.10.01-19.10.13:446][ 97]LogStaticMesh: Building static mesh Free_Cartoon_Land_2_Roof_001_Room_012_Roof_002...
[2017.10.01-19.10.13:937][ 97]LogStaticMesh: Built static mesh [0.49s] /Game/DLassets/Cartoon/Free_Cartoon_Land_2_Roof_001_Room_012_Roof_002.Free_Cartoon_Land_2_Roof_001_Room_012_Roof_002
[2017.10.01-19.10.14:016][ 97]LogEditorFactories: -- imported successfully
[2017.10.01-19.10.14:164][ 97]LogStaticMesh: Building static mesh Free_Cartoon_Land_2_Roof_001_Room_012_Window...
[2017.10.01-19.10.14:661][ 97]LogStaticMesh: Built static mesh [0.50s] /Game/DLassets/Cartoon/Free_Cartoon_Land_2_Roof_001_Room_012_Window.Free_Cartoon_Land_2_Roof_001_Room_012_Window
[2017.10.01-19.10.14:741][ 97]LogEditorFactories: Performing atomic reimport of [C:/Users/RM/Desktop/RChase/Content/DLassets/Cartoon/Free Cartoon Land 2.obj]
[2017.10.01-19.10.14:751][ 97]LogFbx: Loading FBX Scene from C:/Users/RM/Desktop/RChase/Content/DLassets/Cartoon/Free Cartoon Land 2.obj
[2017.10.01-19.10.14:938][ 97]LogFbx: FBX Scene Loaded Succesfully
[2017.10.01-19.10.17:463][ 97]LogStaticMesh: Building static mesh Free_Cartoon_Land_2_Roof_001_Room_012_Window...
[2017.10.01-19.10.17:943][ 97]LogStaticMesh: Built static mesh [0.48s] /Game/DLassets/Cartoon/Free_Cartoon_Land_2_Roof_001_Room_012_Window.Free_Cartoon_Land_2_Roof_001_Room_012_Window
[2017.10.01-19.10.18:010][ 97]LogEditorFactories: -- imported successfully
[2017.10.01-19.10.18:167][ 97]LogStaticMesh: Building static mesh Free_Cartoon_Land_2_Roof_001_Room_012_Window_aligment...
[2017.10.01-19.10.18:660][ 97]LogStaticMesh: Built static mesh [0.49s] /Game/DLassets/Cartoon/Free_Cartoon_Land_2_Roof_001_Room_012_Window_aligment.Free_Cartoon_Land_2_Roof_001_Room_012_Window_aligment
[2017.10.01-19.10.18:735][ 97]LogEditorFactories: Performing atomic reimport of [C:/Users/RM/Desktop/RChase/Content/DLassets/Cartoon/Free Cartoon Land 2.obj]
[2017.10.01-19.10.18:745][ 97]LogFbx: Loading FBX Scene from C:/Users/RM/Desktop/RChase/Content/DLassets/Cartoon/Free Cartoon Land 2.obj
[2017.10.01-19.10.18:926][ 97]LogFbx: FBX Scene Loaded Succesfully
[2017.10.01-19.10.21:428][ 97]LogStaticMesh: Building static mesh Free_Cartoon_Land_2_Roof_001_Room_012_Window_aligment...
[2017.10.01-19.10.21:919][ 97]LogStaticMesh: Built static mesh [0.49s] /Game/DLassets/Cartoon/Free_Cartoon_Land_2_Roof_001_Room_012_Window_aligment.Free_Cartoon_Land_2_Roof_001_Room_012_Window_aligment
[2017.10.01-19.10.21:988][ 97]LogEditorFactories: -- imported successfully
[2017.10.01-19.10.22:167][ 97]LogStaticMesh: Building static mesh Free_Cartoon_Land_2_Roof_002_Room_020_Door...
[2017.10.01-19.10.22:673][ 97]LogStaticMesh: Built static mesh [0.51s] /Game/DLassets/Cartoon/Free_Cartoon_Land_2_Roof_002_Room_020_Door.Free_Cartoon_Land_2_Roof_002_Room_020_Door
[2017.10.01-19.10.22:738][ 97]LogEditorFactories: Performing atomic reimport of [C:/Users/RM/Desktop/RChase/Content/DLassets/Cartoon/Free Cartoon Land 2.obj]
[2017.10.01-19.10.22:748][ 97]LogFbx: Loading FBX Scene from C:/Users/RM/Desktop/RChase/Content/DLassets/Cartoon/Free Cartoon Land 2.obj
[2017.10.01-19.10.22:936][ 97]LogFbx: FBX Scene Loaded Succesfully
[2017.10.01-19.10.25:490][ 97]LogStaticMesh: Building static mesh Free_Cartoon_Land_2_Roof_002_Room_020_Door...
[2017.10.01-19.10.25:975][ 97]LogStaticMesh: Built static mesh [0.50s] /Game/DLassets/Cartoon/Free_Cartoon_Land_2_Roof_002_Room_020_Door.Free_Cartoon_Land_2_Roof_002_Room_020_Door
[2017.10.01-19.10.26:147][ 97]LogEditorFactories: -- imported successfully
[2017.10.01-19.10.26:317][ 97]LogStaticMesh: Building static mesh Free_Cartoon_Land_2_Roof_002_Room_020_house_002...
[2017.10.01-19.10.26:820][ 97]LogStaticMesh: Built static mesh [0.50s] /Game/DLassets/Cartoon/Free_Cartoon_Land_2_Roof_002_Room_020_house_002.Free_Cartoon_Land_2_Roof_002_Room_020_house_002
[2017.10.01-19.10.26:881][ 97]LogEditorFactories: Performing atomic reimport of [C:/Users/RM/Desktop/RChase/Content/DLassets/Cartoon/Free Cartoon Land 2.obj]
[2017.10.01-19.10.26:892][ 97]LogFbx: Loading FBX Scene from C:/Users/RM/Desktop/RChase/Content/DLassets/Cartoon/Free Cartoon Land 2.obj
[2017.10.01-19.10.27:074][ 97]LogFbx: FBX Scene Loaded Succesfully
[2017.10.01-19.10.29:713][ 97]LogStaticMesh: Building static mesh Free_Cartoon_Land_2_Roof_002_Room_020_house_002...
[2017.10.01-19.10.30:209][ 97]LogStaticMesh: Built static mesh [0.50s] /Game/DLassets/Cartoon/Free_Cartoon_Land_2_Roof_002_Room_020_house_002.Free_Cartoon_Land_2_Roof_002_Room_020_house_002
[2017.10.01-19.10.30:280][ 97]LogEditorFactories: -- imported successfully
[2017.10.01-19.10.30:461][ 97]LogStaticMesh: Building static mesh Free_Cartoon_Land_2_Roof_002_Room_020_Roof_002...
[2017.10.01-19.10.30:959][ 97]LogStaticMesh: Built static mesh [0.50s] /Game/DLassets/Cartoon/Free_Cartoon_Land_2_Roof_002_Room_020_Roof_002.Free_Cartoon_Land_2_Roof_002_Room_020_Roof_002
[2017.10.01-19.10.31:023][ 97]LogEditorFactories: Performing atomic reimport of [C:/Users/RM/Desktop/RChase/Content/DLassets/Cartoon/Free Cartoon Land 2.obj]
[2017.10.01-19.10.31:033][ 97]LogFbx: Loading FBX Scene from C:/Users/RM/Desktop/RChase/Content/DLassets/Cartoon/Free Cartoon Land 2.obj
[2017.10.01-19.10.31:217][ 97]LogFbx: FBX Scene Loaded Succesfully
[2017.10.01-19.10.33:852][ 97]LogStaticMesh: Building static mesh Free_Cartoon_Land_2_Roof_002_Room_020_Roof_002...
[2017.10.01-19.10.34:339][ 97]LogStaticMesh: Built static mesh [0.60s] /Game/DLassets/Cartoon/Free_Cartoon_Land_2_Roof_002_Room_020_Roof_002.Free_Cartoon_Land_2_Roof_002_Room_020_Roof_002
[2017.10.01-19.10.34:426][ 97]LogEditorFactories: -- imported successfully
[2017.10.01-19.10.34:617][ 97]LogStaticMesh: Building static mesh Free_Cartoon_Land_2_Roof_002_Room_020_Window...
[2017.10.01-19.10.35:107][ 97]LogStaticMesh: Built static mesh [0.49s] /Game/DLassets/Cartoon/Free_Cartoon_Land_2_Roof_002_Room_020_Window.Free_Cartoon_Land_2_Roof_002_Room_020_Window
[2017.10.01-19.10.35:178][ 97]LogEditorFactories: Performing atomic reimport of [C:/Users/RM/Desktop/RChase/Content/DLassets/Cartoon/Free Cartoon Land 2.obj]
[2017.10.01-19.10.35:188][ 97]LogFbx: Loading FBX Scene from C:/Users/RM/Desktop/RChase/Content/DLassets/Cartoon/Free Cartoon Land 2.obj
[2017.10.01-19.10.35:370][ 97]LogFbx: FBX Scene Loaded Succesfully
[2017.10.01-19.10.37:945][ 97]LogStaticMesh: Building static mesh Free_Cartoon_Land_2_Roof_002_Room_020_Window...
[2017.10.01-19.10.38:444][ 97]LogStaticMesh: Built static mesh [0.50s] /Game/DLassets/Cartoon/Free_Cartoon_Land_2_Roof_002_Room_020_Window.Free_Cartoon_Land_2_Roof_002_Room_020_Window
[2017.10.01-19.10.38:520][ 97]LogEditorFactories: -- imported successfully
[2017.10.01-19.10.38:721][ 97]LogStaticMesh: Building static mesh Free_Cartoon_Land_2_Roof_002_Room_020_Window_aligment...
[2017.10.01-19.10.39:239][ 97]LogStaticMesh: Built static mesh [0.52s] /Game/DLassets/Cartoon/Free_Cartoon_Land_2_Roof_002_Room_020_Window_aligment.Free_Cartoon_Land_2_Roof_002_Room_020_Window_aligment
[2017.10.01-19.10.39:305][ 97]LogEditorFactories: Performing atomic reimport of [C:/Users/RM/Desktop/RChase/Content/DLassets/Cartoon/Free Cartoon Land 2.obj]
[2017.10.01-19.10.39:315][ 97]LogFbx: Loading FBX Scene from C:/Users/RM/Desktop/RChase/Content/DLassets/Cartoon/Free Cartoon Land 2.obj
[2017.10.01-19.10.39:506][ 97]LogFbx: FBX Scene Loaded Succesfully
[2017.10.01-19.10.42:015][ 97]LogStaticMesh: Building static mesh Free_Cartoon_Land_2_Roof_002_Room_020_Window_aligment...
[2017.10.01-19.10.42:506][ 97]LogStaticMesh: Built static mesh [0.49s] /Game/DLassets/Cartoon/Free_Cartoon_Land_2_Roof_002_Room_020_Window_aligment.Free_Cartoon_Land_2_Roof_002_Room_020_Window_aligment
[2017.10.01-19.10.42:577][ 97]LogEditorFactories: -- imported successfully
[2017.10.01-19.10.42:786][ 97]LogStaticMesh: Building static mesh Free_Cartoon_Land_2_Roof_003_Room_000_Door...
[2017.10.01-19.10.43:297][ 97]LogStaticMesh: Built static mesh [0.51s] /Game/DLassets/Cartoon/Free_Cartoon_Land_2_Roof_003_Room_000_Door.Free_Cartoon_Land_2_Roof_003_Room_000_Door
[2017.10.01-19.10.43:360][ 97]LogEditorFactories: Performing atomic reimport of [C:/Users/RM/Desktop/RChase/Content/DLassets/Cartoon/Free Cartoon Land 2.obj]
[2017.10.01-19.10.43:371][ 97]LogFbx: Loading FBX Scene from C:/Users/RM/Desktop/RChase/Content/DLassets/Cartoon/Free Cartoon Land 2.obj
[2017.10.01-19.10.43:561][ 97]LogFbx: FBX Scene Loaded Succesfully
[2017.10.01-19.10.46:181][ 97]LogStaticMesh: Building static mesh Free_Cartoon_Land_2_Roof_003_Room_000_Door...
[2017.10.01-19.10.46:672][ 97]LogStaticMesh: Built static mesh [0.49s] /Game/DLassets/Cartoon/Free_Cartoon_Land_2_Roof_003_Room_000_Door.Free_Cartoon_Land_2_Roof_003_Room_000_Door
[2017.10.01-19.10.46:739][ 97]LogEditorFactories: -- imported successfully
[2017.10.01-19.10.46:916][ 97]LogStaticMesh: Building static mesh Free_Cartoon_Land_2_Roof_003_Room_000_house_002...
[2017.10.01-19.10.47:405][ 97]LogStaticMesh: Built static mesh [0.49s] /Game/DLassets/Cartoon/Free_Cartoon_Land_2_Roof_003_Room_000_house_002.Free_Cartoon_Land_2_Roof_003_Room_000_house_002
[2017.10.01-19.10.47:486][ 97]LogEditorFactories: Performing atomic reimport of [C:/Users/RM/Desktop/RChase/Content/DLassets/Cartoon/Free Cartoon Land 2.obj]
[2017.10.01-19.10.47:495][ 97]LogFbx: Loading FBX Scene from C:/Users/RM/Desktop/RChase/Content/DLassets/Cartoon/Free Cartoon Land 2.obj
[2017.10.01-19.10.47:677][ 97]LogFbx: FBX Scene Loaded Succesfully
[2017.10.01-19.10.50:142][ 97]LogStaticMesh: Building static mesh Free_Cartoon_Land_2_Roof_003_Room_000_house_002...
[2017.10.01-19.10.50:621][ 97]LogStaticMesh: Built static mesh [0.48s] /Game/DLassets/Cartoon/Free_Cartoon_Land_2_Roof_003_Room_000_house_002.Free_Cartoon_Land_2_Roof_003_Room_000_house_002
[2017.10.01-19.10.50:687][ 97]LogEditorFactories: -- imported successfully
[2017.10.01-19.10.50:866][ 97]LogStaticMesh: Building static mesh Free_Cartoon_Land_2_Roof_003_Room_000_Roof_002...
[2017.10.01-19.10.51:346][ 97]LogStaticMesh: Built static mesh [0.49s] /Game/DLassets/Cartoon/Free_Cartoon_Land_2_Roof_003_Room_000_Roof_002.Free_Cartoon_Land_2_Roof_003_Room_000_Roof_002
[2017.10.01-19.10.51:406][ 97]LogEditorFactories: Performing atomic reimport of [C:/Users/RM/Desktop/RChase/Content/DLassets/Cartoon/Free Cartoon Land 2.obj]
[2017.10.01-19.10.51:416][ 97]LogFbx: Loading FBX Scene from C:/Users/RM/Desktop/RChase/Content/DLassets/Cartoon/Free Cartoon Land 2.obj
[2017.10.01-19.10.51:597][ 97]LogFbx: FBX Scene Loaded Succesfully
[2017.10.01-19.10.54:087][ 97]LogStaticMesh: Building static mesh Free_Cartoon_Land_2_Roof_003_Room_000_Roof_002...
[2017.10.01-19.10.54:564][ 97]LogStaticMesh: Built static mesh [0.48s] /Game/DLassets/Cartoon/Free_Cartoon_Land_2_Roof_003_Room_000_Roof_002.Free_Cartoon_Land_2_Roof_003_Room_000_Roof_002
[2017.10.01-19.10.54:641][ 97]LogEditorFactories: -- imported successfully
[2017.10.01-19.10.54:845][ 97]LogStaticMesh: Building static mesh Free_Cartoon_Land_2_Roof_003_Room_000_Window...
[2017.10.01-19.10.55:335][ 97]LogStaticMesh: Built static mesh [0.49s] /Game/DLassets/Cartoon/Free_Cartoon_Land_2_Roof_003_Room_000_Window.Free_Cartoon_Land_2_Roof_003_Room_000_Window
[2017.10.01-19.10.55:394][ 97]LogEditorFactories: Performing atomic reimport of [C:/Users/RM/Desktop/RChase/Content/DLassets/Cartoon/Free Cartoon Land 2.obj]
[2017.10.01-19.10.55:404][ 97]LogFbx: Loading FBX Scene from C:/Users/RM/Desktop/RChase/Content/DLassets/Cartoon/Free Cartoon Land 2.obj
[2017.10.01-19.10.55:587][ 97]LogFbx: FBX Scene Loaded Succesfully
[2017.10.01-19.10.58:121][ 97]LogStaticMesh: Building static mesh Free_Cartoon_Land_2_Roof_003_Room_000_Window...
[2017.10.01-19.10.58:608][ 97]LogStaticMesh: Built static mesh [0.49s] /Game/DLassets/Cartoon/Free_Cartoon_Land_2_Roof_003_Room_000_Window.Free_Cartoon_Land_2_Roof_003_Room_000_Window
[2017.10.01-19.10.58:698][ 97]LogEditorFactories: -- imported successfully
[2017.10.01-19.10.58:917][ 97]LogStaticMesh: Building static mesh Free_Cartoon_Land_2_Roof_003_Room_000_Window_aligment...
[2017.10.01-19.10.59:411][ 97]LogStaticMesh: Built static mesh [0.50s] /Game/DLassets/Cartoon/Free_Cartoon_Land_2_Roof_003_Room_000_Window_aligment.Free_Cartoon_Land_2_Roof_003_Room_000_Window_aligment
[2017.10.01-19.10.59:487][ 97]LogEditorFactories: Performing atomic reimport of [C:/Users/RM/Desktop/RChase/Content/DLassets/Cartoon/Free Cartoon Land 2.obj]
[2017.10.01-19.10.59:496][ 97]LogFbx: Loading FBX Scene from C:/Users/RM/Desktop/RChase/Content/DLassets/Cartoon/Free Cartoon Land 2.obj
[2017.10.01-19.10.59:679][ 97]LogFbx: FBX Scene Loaded Succesfully
[2017.10.01-19.11.02:203][ 97]LogStaticMesh: Building static mesh Free_Cartoon_Land_2_Roof_003_Room_000_Window_aligment...
[2017.10.01-19.11.02:697][ 97]LogStaticMesh: Built static mesh [0.51s] /Game/DLassets/Cartoon/Free_Cartoon_Land_2_Roof_003_Room_000_Window_aligment.Free_Cartoon_Land_2_Roof_003_Room_000_Window_aligment
[2017.10.01-19.11.02:767][ 97]LogEditorFactories: -- imported successfully
[2017.10.01-19.11.02:973][ 97]LogStaticMesh: Building static mesh Free_Cartoon_Land_2_Roof_Room_004_house_001...
[2017.10.01-19.11.03:487][ 97]LogStaticMesh: Built static mesh [0.51s] /Game/DLassets/Cartoon/Free_Cartoon_Land_2_Roof_Room_004_house_001.Free_Cartoon_Land_2_Roof_Room_004_house_001
[2017.10.01-19.11.03:556][ 97]LogEditorFactories: Performing atomic reimport of [C:/Users/RM/Desktop/RChase/Content/DLassets/Cartoon/Free Cartoon Land 2.obj]
[2017.10.01-19.11.03:567][ 97]LogFbx: Loading FBX Scene from C:/Users/RM/Desktop/RChase/Content/DLassets/Cartoon/Free Cartoon Land 2.obj
[2017.10.01-19.11.03:757][ 97]LogFbx: FBX Scene Loaded Succesfully
[2017.10.01-19.11.06:343][ 97]LogStaticMesh: Building static mesh Free_Cartoon_Land_2_Roof_Room_004_house_001...
[2017.10.01-19.11.06:833][ 97]LogStaticMesh: Built static mesh [0.50s] /Game/DLassets/Cartoon/Free_Cartoon_Land_2_Roof_Room_004_house_001.Free_Cartoon_Land_2_Roof_Room_004_house_001
[2017.10.01-19.11.06:901][ 97]LogEditorFactories: -- imported successfully
[2017.10.01-19.11.07:140][ 97]LogStaticMesh: Building static mesh Free_Cartoon_Land_2_Roof_Room_004_Roof_001...
[2017.10.01-19.11.07:634][ 97]LogStaticMesh: Built static mesh [0.51s] /Game/DLassets/Cartoon/Free_Cartoon_Land_2_Roof_Room_004_Roof_001.Free_Cartoon_Land_2_Roof_Room_004_Roof_001
[2017.10.01-19.11.07:694][ 97]LogEditorFactories: Performing atomic reimport of [C:/Users/RM/Desktop/RChase/Content/DLassets/Cartoon/Free Cartoon Land 2.obj]
[2017.10.01-19.11.07:704][ 97]LogFbx: Loading FBX Scene from C:/Users/RM/Desktop/RChase/Content/DLassets/Cartoon/Free Cartoon Land 2.obj
[2017.10.01-19.11.07:889][ 97]LogFbx: FBX Scene Loaded Succesfully
[2017.10.01-19.11.10:415][ 97]LogStaticMesh: Building static mesh Free_Cartoon_Land_2_Roof_Room_004_Roof_001...
[2017.10.01-19.11.10:897][ 97]LogStaticMesh: Built static mesh [0.48s] /Game/DLassets/Cartoon/Free_Cartoon_Land_2_Roof_Room_004_Roof_001.Free_Cartoon_Land_2_Roof_Room_004_Roof_001
[2017.10.01-19.11.10:965][ 97]LogEditorFactories: -- imported successfully
[2017.10.01-19.11.11:143][ 97]LogStaticMesh: Building static mesh Free_Cartoon_Land_2_Roof_Room_004_Window...
[2017.10.01-19.11.11:631][ 97]LogStaticMesh: Built static mesh [0.49s] /Game/DLassets/Cartoon/Free_Cartoon_Land_2_Roof_Room_004_Window.Free_Cartoon_Land_2_Roof_Room_004_Window
[2017.10.01-19.11.11:696][ 97]LogEditorFactories: Performing atomic reimport of [C:/Users/RM/Desktop/RChase/Content/DLassets/Cartoon/Free Cartoon Land 2.obj]
[2017.10.01-19.11.11:706][ 97]LogFbx: Loading FBX Scene from C:/Users/RM/Desktop/RChase/Content/DLassets/Cartoon/Free Cartoon Land 2.obj
[2017.10.01-19.11.11:891][ 97]LogFbx: FBX Scene Loaded Succesfully
[2017.10.01-19.11.14:471][ 97]LogStaticMesh: Building static mesh Free_Cartoon_Land_2_Roof_Room_004_Window...
[2017.10.01-19.11.14:968][ 97]LogStaticMesh: Built static mesh [0.50s] /Game/DLassets/Cartoon/Free_Cartoon_Land_2_Roof_Room_004_Window.Free_Cartoon_Land_2_Roof_Room_004_Window
[2017.10.01-19.11.15:037][ 97]LogEditorFactories: -- imported successfully
[2017.10.01-19.11.15:337][ 97]LogStaticMesh: Building static mesh Free_Cartoon_Land_2_Roof_Room_004_Window_aligment_001...
[2017.10.01-19.11.15:852][ 97]LogStaticMesh: Built static mesh [0.52s] /Game/DLassets/Cartoon/Free_Cartoon_Land_2_Roof_Room_004_Window_aligment_001.Free_Cartoon_Land_2_Roof_Room_004_Window_aligment_001
[2017.10.01-19.11.15:914][ 97]LogEditorFactories: Performing atomic reimport of [C:/Users/RM/Desktop/RChase/Content/DLassets/Cartoon/Free Cartoon Land 2.obj]
[2017.10.01-19.11.15:925][ 97]LogFbx: Loading FBX Scene from C:/Users/RM/Desktop/RChase/Content/DLassets/Cartoon/Free Cartoon Land 2.obj
[2017.10.01-19.11.16:113][ 97]LogFbx: FBX Scene Loaded Succesfully
[2017.10.01-19.11.18:698][ 97]LogStaticMesh: Building static mesh Free_Cartoon_Land_2_Roof_Room_004_Window_aligment_001...
[2017.10.01-19.11.19:203][ 97]LogStaticMesh: Built static mesh [0.50s] /Game/DLassets/Cartoon/Free_Cartoon_Land_2_Roof_Room_004_Window_aligment_001.Free_Cartoon_Land_2_Roof_Room_004_Window_aligment_001
[2017.10.01-19.11.19:281][ 97]LogEditorFactories: -- imported successfully
[2017.10.01-19.11.19:498][ 97]LogStaticMesh: Building static mesh Free_Cartoon_Land_2_Tree2_001_Icosphere_002_Leaf...
[2017.10.01-19.11.19:995][ 97]LogStaticMesh: Built static mesh [0.50s] /Game/DLassets/Cartoon/Free_Cartoon_Land_2_Tree2_001_Icosphere_002_Leaf.Free_Cartoon_Land_2_Tree2_001_Icosphere_002_Leaf
[2017.10.01-19.11.20:059][ 97]LogEditorFactories: Performing atomic reimport of [C:/Users/RM/Desktop/RChase/Content/DLassets/Cartoon/Free Cartoon Land 2.obj]
[2017.10.01-19.11.20:069][ 97]LogFbx: Loading FBX Scene from C:/Users/RM/Desktop/RChase/Content/DLassets/Cartoon/Free Cartoon Land 2.obj
[2017.10.01-19.11.20:254][ 97]LogFbx: FBX Scene Loaded Succesfully
[2017.10.01-19.11.22:765][ 97]LogStaticMesh: Building static mesh Free_Cartoon_Land_2_Tree2_001_Icosphere_002_Leaf...
[2017.10.01-19.11.23:252][ 97]LogStaticMesh: Built static mesh [0.49s] /Game/DLassets/Cartoon/Free_Cartoon_Land_2_Tree2_001_Icosphere_002_Leaf.Free_Cartoon_Land_2_Tree2_001_Icosphere_002_Leaf
[2017.10.01-19.11.23:319][ 97]LogEditorFactories: -- imported successfully
[2017.10.01-19.11.23:521][ 97]LogStaticMesh: Building static mesh Free_Cartoon_Land_2_Tree2_001_Icosphere_002_Tree...
[2017.10.01-19.11.24:019][ 97]LogStaticMesh: Built static mesh [0.50s] /Game/DLassets/Cartoon/Free_Cartoon_Land_2_Tree2_001_Icosphere_002_Tree.Free_Cartoon_Land_2_Tree2_001_Icosphere_002_Tree
[2017.10.01-19.11.24:098][ 97]LogEditorFactories: Performing atomic reimport of [C:/Users/RM/Desktop/RChase/Content/DLassets/Cartoon/Free Cartoon Land 2.obj]
[2017.10.01-19.11.24:108][ 97]LogFbx: Loading FBX Scene from C:/Users/RM/Desktop/RChase/Content/DLassets/Cartoon/Free Cartoon Land 2.obj
[2017.10.01-19.11.24:294][ 97]LogFbx: FBX Scene Loaded Succesfully
[2017.10.01-19.11.26:832][ 97]LogStaticMesh: Building static mesh Free_Cartoon_Land_2_Tree2_001_Icosphere_002_Tree...
[2017.10.01-19.11.27:341][ 97]LogStaticMesh: Built static mesh [0.51s] /Game/DLassets/Cartoon/Free_Cartoon_Land_2_Tree2_001_Icosphere_002_Tree.Free_Cartoon_Land_2_Tree2_001_Icosphere_002_Tree
[2017.10.01-19.11.27:411][ 97]LogEditorFactories: -- imported successfully
[2017.10.01-19.11.27:626][ 97]LogStaticMesh: Building static mesh Free_Cartoon_Land_2_Tree2_002_Icosphere_009_Leaf...
[2017.10.01-19.11.28:126][ 97]LogStaticMesh: Built static mesh [0.50s] /Game/DLassets/Cartoon/Free_Cartoon_Land_2_Tree2_002_Icosphere_009_Leaf.Free_Cartoon_Land_2_Tree2_002_Icosphere_009_Leaf
[2017.10.01-19.11.28:198][ 97]LogEditorFactories: Performing atomic reimport of [C:/Users/RM/Desktop/RChase/Content/DLassets/Cartoon/Free Cartoon Land 2.obj]
[2017.10.01-19.11.28:207][ 97]LogFbx: Loading FBX Scene from C:/Users/RM/Desktop/RChase/Content/DLassets/Cartoon/Free Cartoon Land 2.obj
[2017.10.01-19.11.28:393][ 97]LogFbx: FBX Scene Loaded Succesfully
[2017.10.01-19.11.30:877][ 97]LogStaticMesh: Building static mesh Free_Cartoon_Land_2_Tree2_002_Icosphere_009_Leaf...
[2017.10.01-19.11.31:354][ 97]LogStaticMesh: Built static mesh [0.48s] /Game/DLassets/Cartoon/Free_Cartoon_Land_2_Tree2_002_Icosphere_009_Leaf.Free_Cartoon_Land_2_Tree2_002_Icosphere_009_Leaf
[2017.10.01-19.11.31:422][ 97]LogEditorFactories: -- imported successfully
[2017.10.01-19.11.31:644][ 97]LogStaticMesh: Building static mesh Free_Cartoon_Land_2_Tree2_002_Icosphere_009_Tree...
[2017.10.01-19.11.32:147][ 97]LogStaticMesh: Built static mesh [0.50s] /Game/DLassets/Cartoon/Free_Cartoon_Land_2_Tree2_002_Icosphere_009_Tree.Free_Cartoon_Land_2_Tree2_002_Icosphere_009_Tree
[2017.10.01-19.11.32:212][ 97]LogEditorFactories: Performing atomic reimport of [C:/Users/RM/Desktop/RChase/Content/DLassets/Cartoon/Free Cartoon Land 2.obj]
[2017.10.01-19.11.32:222][ 97]LogFbx: Loading FBX Scene from C:/Users/RM/Desktop/RChase/Content/DLassets/Cartoon/Free Cartoon Land 2.obj
[2017.10.01-19.11.32:403][ 97]LogFbx: FBX Scene Loaded Succesfully
[2017.10.01-19.11.34:882][ 97]LogStaticMesh: Building static mesh Free_Cartoon_Land_2_Tree2_002_Icosphere_009_Tree...
[2017.10.01-19.11.35:373][ 97]LogStaticMesh: Built static mesh [0.49s] /Game/DLassets/Cartoon/Free_Cartoon_Land_2_Tree2_002_Icosphere_009_Tree.Free_Cartoon_Land_2_Tree2_002_Icosphere_009_Tree
[2017.10.01-19.11.35:439][ 97]LogEditorFactories: -- imported successfully
[2017.10.01-19.11.35:648][ 97]LogStaticMesh: Building static mesh Free_Cartoon_Land_2_Tree2_003_Icosphere_010_Leaf...
[2017.10.01-19.11.36:158][ 97]LogStaticMesh: Built static mesh [0.51s] /Game/DLassets/Cartoon/Free_Cartoon_Land_2_Tree2_003_Icosphere_010_Leaf.Free_Cartoon_Land_2_Tree2_003_Icosphere_010_Leaf
[2017.10.01-19.11.36:255][ 97]LogEditorFactories: Performing atomic reimport of [C:/Users/RM/Desktop/RChase/Content/DLassets/Cartoon/Free Cartoon Land 2.obj]
[2017.10.01-19.11.36:265][ 97]LogFbx: Loading FBX Scene from C:/Users/RM/Desktop/RChase/Content/DLassets/Cartoon/Free Cartoon Land 2.obj
[2017.10.01-19.11.36:456][ 97]LogFbx: FBX Scene Loaded Succesfully
[2017.10.01-19.11.38:945][ 97]LogStaticMesh: Building static mesh Free_Cartoon_Land_2_Tree2_003_Icosphere_010_Leaf...
[2017.10.01-19.11.39:418][ 97]LogStaticMesh: Built static mesh [0.47s] /Game/DLassets/Cartoon/Free_Cartoon_Land_2_Tree2_003_Icosphere_010_Leaf.Free_Cartoon_Land_2_Tree2_003_Icosphere_010_Leaf
[2017.10.01-19.11.39:484][ 97]LogEditorFactories: -- imported successfully
[2017.10.01-19.11.39:692][ 97]LogStaticMesh: Building static mesh Free_Cartoon_Land_2_Tree2_003_Icosphere_010_Tree...
[2017.10.01-19.11.40:169][ 97]LogStaticMesh: Built static mesh [0.48s] /Game/DLassets/Cartoon/Free_Cartoon_Land_2_Tree2_003_Icosphere_010_Tree.Free_Cartoon_Land_2_Tree2_003_Icosphere_010_Tree
[2017.10.01-19.11.40:227][ 97]LogEditorFactories: Performing atomic reimport of [C:/Users/RM/Desktop/RChase/Content/DLassets/Cartoon/Free Cartoon Land 2.obj]
[2017.10.01-19.11.40:238][ 97]LogFbx: Loading FBX Scene from C:/Users/RM/Desktop/RChase/Content/DLassets/Cartoon/Free Cartoon Land 2.obj
[2017.10.01-19.11.40:418][ 97]LogFbx: FBX Scene Loaded Succesfully
[2017.10.01-19.11.42:819][ 97]LogStaticMesh: Building static mesh Free_Cartoon_Land_2_Tree2_003_Icosphere_010_Tree...
[2017.10.01-19.11.43:293][ 97]LogStaticMesh: Built static mesh [0.47s] /Game/DLassets/Cartoon/Free_Cartoon_Land_2_Tree2_003_Icosphere_010_Tree.Free_Cartoon_Land_2_Tree2_003_Icosphere_010_Tree
[2017.10.01-19.11.43:359][ 97]LogEditorFactories: -- imported successfully
[2017.10.01-19.11.43:561][ 97]LogStaticMesh: Building static mesh Free_Cartoon_Land_2_Tree2_004_Icosphere_015_Leaf...
[2017.10.01-19.11.44:041][ 97]LogStaticMesh: Built static mesh [0.48s] /Game/DLassets/Cartoon/Free_Cartoon_Land_2_Tree2_004_Icosphere_015_Leaf.Free_Cartoon_Land_2_Tree2_004_Icosphere_015_Leaf
[2017.10.01-19.11.44:101][ 97]LogEditorFactories: Performing atomic reimport of [C:/Users/RM/Desktop/RChase/Content/DLassets/Cartoon/Free Cartoon Land 2.obj]
[2017.10.01-19.11.44:111][ 97]LogFbx: Loading FBX Scene from C:/Users/RM/Desktop/RChase/Content/DLassets/Cartoon/Free Cartoon Land 2.obj
[2017.10.01-19.11.44:293][ 97]LogFbx: FBX Scene Loaded Succesfully
[2017.10.01-19.11.46:781][ 97]LogStaticMesh: Building static mesh Free_Cartoon_Land_2_Tree2_004_Icosphere_015_Leaf...
[2017.10.01-19.11.47:256][ 97]LogStaticMesh: Built static mesh [0.48s] /Game/DLassets/Cartoon/Free_Cartoon_Land_2_Tree2_004_Icosphere_015_Leaf.Free_Cartoon_Land_2_Tree2_004_Icosphere_015_Leaf
[2017.10.01-19.11.47:322][ 97]LogEditorFactories: -- imported successfully
[2017.10.01-19.11.47:551][ 97]LogStaticMesh: Building static mesh Free_Cartoon_Land_2_Tree2_004_Icosphere_015_Tree...
[2017.10.01-19.11.48:039][ 97]LogStaticMesh: Built static mesh [0.49s] /Game/DLassets/Cartoon/Free_Cartoon_Land_2_Tree2_004_Icosphere_015_Tree.Free_Cartoon_Land_2_Tree2_004_Icosphere_015_Tree
[2017.10.01-19.11.48:116][ 97]LogEditorFactories: Performing atomic reimport of [C:/Users/RM/Desktop/RChase/Content/DLassets/Cartoon/Free Cartoon Land 2.obj]
[2017.10.01-19.11.48:126][ 97]LogFbx: Loading FBX Scene from C:/Users/RM/Desktop/RChase/Content/DLassets/Cartoon/Free Cartoon Land 2.obj
[2017.10.01-19.11.48:309][ 97]LogFbx: FBX Scene Loaded Succesfully
[2017.10.01-19.11.50:782][ 97]LogStaticMesh: Building static mesh Free_Cartoon_Land_2_Tree2_004_Icosphere_015_Tree...
[2017.10.01-19.11.51:266][ 97]LogStaticMesh: Built static mesh [0.49s] /Game/DLassets/Cartoon/Free_Cartoon_Land_2_Tree2_004_Icosphere_015_Tree.Free_Cartoon_Land_2_Tree2_004_Icosphere_015_Tree
[2017.10.01-19.11.51:417][ 97]LogEditorFactories: -- imported successfully
[2017.10.01-19.11.51:637][ 97]LogStaticMesh: Building static mesh Free_Cartoon_Land_2_Tree2_005_Icosphere_016_Leaf...
[2017.10.01-19.11.52:135][ 97]LogStaticMesh: Built static mesh [0.50s] /Game/DLassets/Cartoon/Free_Cartoon_Land_2_Tree2_005_Icosphere_016_Leaf.Free_Cartoon_Land_2_Tree2_005_Icosphere_016_Leaf
[2017.10.01-19.11.52:229][ 97]LogEditorFactories: Performing atomic reimport of [C:/Users/RM/Desktop/RChase/Content/DLassets/Cartoon/Free Cartoon Land 2.obj]
[2017.10.01-19.11.52:239][ 97]LogFbx: Loading FBX Scene from C:/Users/RM/Desktop/RChase/Content/DLassets/Cartoon/Free Cartoon Land 2.obj
[2017.10.01-19.11.52:423][ 97]LogFbx: FBX Scene Loaded Succesfully
[2017.10.01-19.11.54:923][ 97]LogStaticMesh: Building static mesh Free_Cartoon_Land_2_Tree2_005_Icosphere_016_Leaf...
[2017.10.01-19.11.55:405][ 97]LogStaticMesh: Built static mesh [0.51s] /Game/DLassets/Cartoon/Free_Cartoon_Land_2_Tree2_005_Icosphere_016_Leaf.Free_Cartoon_Land_2_Tree2_005_Icosphere_016_Leaf
[2017.10.01-19.11.55:485][ 97]LogEditorFactories: -- imported successfully
[2017.10.01-19.11.55:713][ 97]LogStaticMesh: Building static mesh Free_Cartoon_Land_2_Tree2_005_Icosphere_016_Tree...
[2017.10.01-19.11.56:205][ 97]LogStaticMesh: Built static mesh [0.50s] /Game/DLassets/Cartoon/Free_Cartoon_Land_2_Tree2_005_Icosphere_016_Tree.Free_Cartoon_Land_2_Tree2_005_Icosphere_016_Tree
[2017.10.01-19.11.56:294][ 97]LogEditorFactories: Performing atomic reimport of [C:/Users/RM/Desktop/RChase/Content/DLassets/Cartoon/Free Cartoon Land 2.obj]
[2017.10.01-19.11.56:304][ 97]LogFbx: Loading FBX Scene from C:/Users/RM/Desktop/RChase/Content/DLassets/Cartoon/Free Cartoon Land 2.obj
[2017.10.01-19.11.56:490][ 97]LogFbx: FBX Scene Loaded Succesfully
[2017.10.01-19.11.58:963][ 97]LogStaticMesh: Building static mesh Free_Cartoon_Land_2_Tree2_005_Icosphere_016_Tree...
[2017.10.01-19.11.59:439][ 97]LogStaticMesh: Built static mesh [0.48s] /Game/DLassets/Cartoon/Free_Cartoon_Land_2_Tree2_005_Icosphere_016_Tree.Free_Cartoon_Land_2_Tree2_005_Icosphere_016_Tree
[2017.10.01-19.11.59:504][ 97]LogEditorFactories: -- imported successfully
[2017.10.01-19.11.59:733][ 97]LogStaticMesh: Building static mesh Free_Cartoon_Land_2_Tree2_006_Icosphere_021_Leaf...
[2017.10.01-19.12.00:220][ 97]LogStaticMesh: Built static mesh [0.49s] /Game/DLassets/Cartoon/Free_Cartoon_Land_2_Tree2_006_Icosphere_021_Leaf.Free_Cartoon_Land_2_Tree2_006_Icosphere_021_Leaf
[2017.10.01-19.12.00:279][ 97]LogEditorFactories: Performing atomic reimport of [C:/Users/RM/Desktop/RChase/Content/DLassets/Cartoon/Free Cartoon Land 2.obj]
[2017.10.01-19.12.00:290][ 97]LogFbx: Loading FBX Scene from C:/Users/RM/Desktop/RChase/Content/DLassets/Cartoon/Free Cartoon Land 2.obj
[2017.10.01-19.12.00:474][ 97]LogFbx: FBX Scene Loaded Succesfully
[2017.10.01-19.12.02:957][ 97]LogStaticMesh: Building static mesh Free_Cartoon_Land_2_Tree2_006_Icosphere_021_Leaf...
[2017.10.01-19.12.03:440][ 97]LogStaticMesh: Built static mesh [0.48s] /Game/DLassets/Cartoon/Free_Cartoon_Land_2_Tree2_006_Icosphere_021_Leaf.Free_Cartoon_Land_2_Tree2_006_Icosphere_021_Leaf
[2017.10.01-19.12.03:507][ 97]LogEditorFactories: -- imported successfully
[2017.10.01-19.12.03:736][ 97]LogStaticMesh: Building static mesh Free_Cartoon_Land_2_Tree2_006_Icosphere_021_Tree...
[2017.10.01-19.12.04:221][ 97]LogStaticMesh: Built static mesh [0.49s] /Game/DLassets/Cartoon/Free_Cartoon_Land_2_Tree2_006_Icosphere_021_Tree.Free_Cartoon_Land_2_Tree2_006_Icosphere_021_Tree
[2017.10.01-19.12.04:281][ 97]LogEditorFactories: Performing atomic reimport of [C:/Users/RM/Desktop/RChase/Content/DLassets/Cartoon/Free Cartoon Land 2.obj]
[2017.10.01-19.12.04:292][ 97]LogFbx: Loading FBX Scene from C:/Users/RM/Desktop/RChase/Content/DLassets/Cartoon/Free Cartoon Land 2.obj
[2017.10.01-19.12.04:473][ 97]LogFbx: FBX Scene Loaded Succesfully
[2017.10.01-19.12.06:927][ 97]LogStaticMesh: Building static mesh Free_Cartoon_Land_2_Tree2_006_Icosphere_021_Tree...
[2017.10.01-19.12.07:408][ 97]LogStaticMesh: Built static mesh [0.48s] /Game/DLassets/Cartoon/Free_Cartoon_Land_2_Tree2_006_Icosphere_021_Tree.Free_Cartoon_Land_2_Tree2_006_Icosphere_021_Tree
[2017.10.01-19.12.07:477][ 97]LogEditorFactories: -- imported successfully
[2017.10.01-19.12.07:723][ 97]LogStaticMesh: Building static mesh Free_Cartoon_Land_2_Tree2_007_Icosphere_022_Leaf...
[2017.10.01-19.12.08:210][ 97]LogStaticMesh: Built static mesh [0.49s] /Game/DLassets/Cartoon/Free_Cartoon_Land_2_Tree2_007_Icosphere_022_Leaf.Free_Cartoon_Land_2_Tree2_007_Icosphere_022_Leaf
[2017.10.01-19.12.08:294][ 97]LogEditorFactories: Performing atomic reimport of [C:/Users/RM/Desktop/RChase/Content/DLassets/Cartoon/Free Cartoon Land 2.obj]
[2017.10.01-19.12.08:304][ 97]LogFbx: Loading FBX Scene from C:/Users/RM/Desktop/RChase/Content/DLassets/Cartoon/Free Cartoon Land 2.obj
[2017.10.01-19.12.08:480][ 97]LogFbx: FBX Scene Loaded Succesfully
[2017.10.01-19.12.10:915][ 97]LogStaticMesh: Building static mesh Free_Cartoon_Land_2_Tree2_007_Icosphere_022_Leaf...
[2017.10.01-19.12.11:390][ 97]LogStaticMesh: Built static mesh [0.48s] /Game/DLassets/Cartoon/Free_Cartoon_Land_2_Tree2_007_Icosphere_022_Leaf.Free_Cartoon_Land_2_Tree2_007_Icosphere_022_Leaf
[2017.10.01-19.12.11:455][ 97]LogEditorFactories: -- imported successfully
[2017.10.01-19.12.11:689][ 97]LogStaticMesh: Building static mesh Free_Cartoon_Land_2_Tree2_007_Icosphere_022_Tree...
[2017.10.01-19.12.12:182][ 97]LogStaticMesh: Built static mesh [0.49s] /Game/DLassets/Cartoon/Free_Cartoon_Land_2_Tree2_007_Icosphere_022_Tree.Free_Cartoon_Land_2_Tree2_007_Icosphere_022_Tree
[2017.10.01-19.12.12:289][ 97]LogEditorFactories: Performing atomic reimport of [C:/Users/RM/Desktop/RChase/Content/DLassets/Cartoon/Free Cartoon Land 2.obj]
[2017.10.01-19.12.12:299][ 97]LogFbx: Loading FBX Scene from C:/Users/RM/Desktop/RChase/Content/DLassets/Cartoon/Free Cartoon Land 2.obj
[2017.10.01-19.12.12:490][ 97]LogFbx: FBX Scene Loaded Succesfully
[2017.10.01-19.12.14:964][ 97]LogStaticMesh: Building static mesh Free_Cartoon_Land_2_Tree2_007_Icosphere_022_Tree...
[2017.10.01-19.12.15:460][ 97]LogStaticMesh: Built static mesh [0.50s] /Game/DLassets/Cartoon/Free_Cartoon_Land_2_Tree2_007_Icosphere_022_Tree.Free_Cartoon_Land_2_Tree2_007_Icosphere_022_Tree
[2017.10.01-19.12.15:527][ 97]LogEditorFactories: -- imported successfully
[2017.10.01-19.12.15:743][ 97]LogStaticMesh: Building static mesh Free_Cartoon_Land_2_Tree2_008_Icosphere_025_Leaf...
[2017.10.01-19.12.16:239][ 97]LogStaticMesh: Built static mesh [0.50s] /Game/DLassets/Cartoon/Free_Cartoon_Land_2_Tree2_008_Icosphere_025_Leaf.Free_Cartoon_Land_2_Tree2_008_Icosphere_025_Leaf
[2017.10.01-19.12.16:316][ 97]LogEditorFactories: Performing atomic reimport of [C:/Users/RM/Desktop/RChase/Content/DLassets/Cartoon/Free Cartoon Land 2.obj]
[2017.10.01-19.12.16:326][ 97]LogFbx: Loading FBX Scene from C:/Users/RM/Desktop/RChase/Content/DLassets/Cartoon/Free Cartoon Land 2.obj
[2017.10.01-19.12.16:510][ 97]LogFbx: FBX Scene Loaded Succesfully
[2017.10.01-19.12.19:127][ 97]LogStaticMesh: Building static mesh Free_Cartoon_Land_2_Tree2_008_Icosphere_025_Leaf...
[2017.10.01-19.12.19:606][ 97]LogStaticMesh: Built static mesh [0.48s] /Game/DLassets/Cartoon/Free_Cartoon_Land_2_Tree2_008_Icosphere_025_Leaf.Free_Cartoon_Land_2_Tree2_008_Icosphere_025_Leaf
[2017.10.01-19.12.19:674][ 97]LogEditorFactories: -- imported successfully
[2017.10.01-19.12.19:949][ 97]LogStaticMesh: Building static mesh Free_Cartoon_Land_2_Tree2_008_Icosphere_025_Tree...
[2017.10.01-19.12.20:446][ 97]LogStaticMesh: Built static mesh [0.50s] /Game/DLassets/Cartoon/Free_Cartoon_Land_2_Tree2_008_Icosphere_025_Tree.Free_Cartoon_Land_2_Tree2_008_Icosphere_025_Tree
[2017.10.01-19.12.20:508][ 97]LogEditorFactories: Performing atomic reimport of [C:/Users/RM/Desktop/RChase/Content/DLassets/Cartoon/Free Cartoon Land 2.obj]
[2017.10.01-19.12.20:519][ 97]LogFbx: Loading FBX Scene from C:/Users/RM/Desktop/RChase/Content/DLassets/Cartoon/Free Cartoon Land 2.obj
[2017.10.01-19.12.20:702][ 97]LogFbx: FBX Scene Loaded Succesfully
