Log file open, 09/30/17 18:59:12
LogWindows: Failed to load 'aqProf.dll' (GetLastError=126)
LogWindows: File 'aqProf.dll' does not exist
LogWindows: Failed to load 'VSPerf140.dll' (GetLastError=126)
LogWindows: File 'VSPerf140.dll' does not exist
LogWindows: Failed to load 'VtuneApi.dll' (GetLastError=126)
LogWindows: File 'VtuneApi.dll' does not exist
LogWindows: Failed to load 'VtuneApi32e.dll' (GetLastError=126)
LogWindows: File 'VtuneApi32e.dll' does not exist
LogInit: Display: Running engine for game: RChase
LogPlatformFile: Not using cached read wrapper
LogInit: Display: RandInit(1063246864) SRandInit(1063246864).
LogTaskGraph: Started task graph with 5 named threads and 14 total threads with 3 sets of task threads.
LogStats: Stats thread started at 0.179347
LogD3D11RHI: Aftermath initialized
LogPluginManager: Mounting plugin Paper2D
LogPluginManager: Mounting plugin LightPropagationVolume
LogPluginManager: Mounting plugin CodeLiteSourceCodeAccess
LogPluginManager: Mounting plugin GitSourceControl
LogPluginManager: Mounting plugin KDevelopSourceCodeAccess
LogPluginManager: Mounting plugin NullSourceCodeAccess
LogPluginManager: Mounting plugin PerforceSourceControl
LogPluginManager: Mounting plugin SubversionSourceControl
LogPluginManager: Mounting plugin UObjectPlugin
LogPluginManager: Mounting plugin VisualStudioSourceCodeAccess
LogPluginManager: Mounting plugin XCodeSourceCodeAccess
LogPluginManager: Mounting plugin AssetManagerEditor
LogPluginManager: Mounting plugin AudioCapture
LogPluginManager: Mounting plugin FacialAnimation
LogPluginManager: Mounting plugin GameplayTagsEditor
LogPluginManager: Mounting plugin MobileLauncherProfileWizard
LogPluginManager: Mounting plugin PluginBrowser
LogPluginManager: Mounting plugin SpeedTreeImporter
LogPluginManager: Mounting plugin AlembicImporter
LogPluginManager: Mounting plugin CharacterAI
LogPluginManager: Mounting plugin HTML5Networking
LogPluginManager: Mounting plugin RawInput
LogPluginManager: Mounting plugin AndroidMedia
LogPluginManager: Mounting plugin AvfMedia
LogPluginManager: Mounting plugin MediaPlayerEditor
LogPluginManager: Mounting plugin WmfMedia
LogPluginManager: Mounting plugin TcpMessaging
LogPluginManager: Mounting plugin UdpMessaging
LogPluginManager: Mounting plugin LevelSequenceEditor
LogPluginManager: Mounting plugin MatineeToLevelSequence
LogPluginManager: Mounting plugin OnlineSubsystemGooglePlay
LogPluginManager: Mounting plugin OnlineSubsystemIOS
LogPluginManager: Mounting plugin OnlineSubsystem
LogPluginManager: Mounting plugin OnlineSubsystemNull
LogPluginManager: Mounting plugin OnlineSubsystemUtils
LogPluginManager: Mounting plugin AndroidDeviceProfileSelector
LogPluginManager: Mounting plugin AndroidMoviePlayer
LogPluginManager: Mounting plugin AndroidPermission
LogPluginManager: Mounting plugin AppleMoviePlayer
LogPluginManager: Mounting plugin ArchVisCharacter
LogPluginManager: Mounting plugin CableComponent
LogPluginManager: Mounting plugin CustomMeshComponent
LogPluginManager: Mounting plugin ExampleDeviceProfileSelector
LogPluginManager: Mounting plugin GoogleCloudMessaging
LogPluginManager: Mounting plugin ImmediatePhysics
LogPluginManager: Mounting plugin IOSDeviceProfileSelector
LogPluginManager: Mounting plugin LinuxDeviceProfileSelector
LogPluginManager: Mounting plugin LocationServicesBPLibrary
LogPluginManager: Mounting plugin MobilePatchingUtils
LogPluginManager: Mounting plugin OculusVR
LogPluginManager: Mounting plugin PhysXVehicles
LogPluginManager: Mounting plugin ProceduralMeshComponent
LogPluginManager: Mounting plugin RuntimePhysXCooking
LogPluginManager: Mounting plugin SteamVR
LogPluginManager: Mounting plugin WindowsMoviePlayer
LogInit: Using libcurl 7.47.1
LogInit:  - built for x86_64-pc-win32
LogInit:  - supports SSL with OpenSSL/1.0.2g
LogInit:  - supports HTTP deflate (compression) using libz 1.2.8
LogInit:  - other features:
LogInit:      CURL_VERSION_SSL
LogInit:      CURL_VERSION_LIBZ
LogInit:      CURL_VERSION_IPV6
LogInit:      CURL_VERSION_ASYNCHDNS
LogInit:      CURL_VERSION_LARGEFILE
LogInit:      CURL_VERSION_IDN
LogInit:  CurlRequestOptions (configurable via config and command line):
LogInit:  - bVerifyPeer = false  - Libcurl will NOT verify peer certificate
LogInit:  - bUseHttpProxy = false  - Libcurl will NOT use HTTP proxy
LogInit:  - bDontReuseConnections = false  - Libcurl will reuse connections
LogInit:  - CertBundlePath = nullptr  - Libcurl will use whatever was configured at build time.
LogInit: Build: ++UE4+Release-4.17-CL-3658906
LogInit: Engine Version: 4.17.2-3658906+++UE4+Release-4.17
LogInit: Compatible Engine Version: 4.17.0-3573198+++UE4+Release-4.17
LogInit: Net CL: 3573198
LogDevObjectVersion: Number of dev versions registered: 16
LogDevObjectVersion:   Dev-Blueprints (B0D832E4-1F89-4F0D-ACCF-7EB736FD4AA2): 10
LogDevObjectVersion:   Dev-Build (E1C64328-A22C-4D53-A36C-8E866417BD8C): 0
LogDevObjectVersion:   Dev-Core (375EC13C-06E4-48FB-B500-84F0262A717E): 2
LogDevObjectVersion:   Dev-Editor (E4B068ED-F494-42E9-A231-DA0B2E46BB41): 20
LogDevObjectVersion:   Dev-Framework (CFFC743F-43B0-4480-9391-14DF171D2073): 28
LogDevObjectVersion:   Dev-Mobile (B02B49B5-BB20-44E9-A304-32B752E40360): 0
LogDevObjectVersion:   Dev-Networking (A4E4105C-59A1-49B5-A7C5-40C4547EDFEE): 0
LogDevObjectVersion:   Dev-Online (39C831C9-5AE6-47DC-9A44-9C173E1C8E7C): 0
LogDevObjectVersion:   Dev-Physics (78F01B33-EBEA-4F98-B9B4-84EACCB95AA2): 0
LogDevObjectVersion:   Dev-Platform (6631380F-2D4D-43E0-8009-CF276956A95A): 0
LogDevObjectVersion:   Dev-Rendering (12F88B9F-8875-4AFC-A67C-D90C383ABD29): 19
LogDevObjectVersion:   Dev-Sequencer (7B5AE74C-D270-4C10-A958-57980B212A5A): 4
LogDevObjectVersion:   Dev-VR (D7296918-1DD6-4BDD-9DE2-64A83CC13884): 0
LogDevObjectVersion:   Dev-LoadTimes (C2A15278-BFE7-4AFE-6C17-90FF531DF755): 1
LogDevObjectVersion:   Private-Geometry (6EACA3D4-40EC-4CC1-B786-8BED09428FC5): 1
LogDevObjectVersion:   Dev-AnimPhys (29E575DD-E0A3-4627-9D10-D276232CDCEA): 7
LogInit: Compiled (64-bit): Sep 22 2017 13:47:16
LogInit: Compiled with Visual C++: 19.00.24215.01
LogInit: Build Configuration: Development
LogInit: Branch Name: ++UE4+Release-4.17
LogInit: Command line:  
LogInit: Base directory: C:/Program Files/Epic Games/UE_4.17/Engine/Binaries/Win64/
LogInit: Installed Engine Build: 1
LogInit: Presizing for max 8388607 objects, including 0 objects not considered by GC, pre-allocating 0 bytes for permanent pool.
LogInit: Object subsystem initialized
[2017.09.30-22.59.13:356][  0]LogInit: Selected Device Profile: [Windows]
[2017.09.30-22.59.13:356][  0]LogInit: Applying CVar settings loaded from the selected device profile: [Windows]
[2017.09.30-22.59.13:382][  0]LogInit: Computer: DESKTOP-8T06QBE
[2017.09.30-22.59.13:383][  0]LogInit: User: macke
[2017.09.30-22.59.13:383][  0]LogInit: CPU Page size=4096, Cores=4
[2017.09.30-22.59.13:383][  0]LogInit: High frequency timer resolution =2.338446 MHz
[2017.09.30-22.59.13:383][  0]LogMemory: Memory total: Physical=12.0GB (12GB approx)
[2017.09.30-22.59.13:383][  0]LogMemory: Platform Memory Stats for Windows
[2017.09.30-22.59.13:383][  0]LogMemory: Process Physical Memory: 277.34 MB used, 277.34 MB peak
[2017.09.30-22.59.13:383][  0]LogMemory: Process Virtual Memory: 274.21 MB used, 274.21 MB peak
[2017.09.30-22.59.13:383][  0]LogMemory: Physical Memory: 4790.43 MB used,  7450.56 MB free, 12240.98 MB total
[2017.09.30-22.59.13:383][  0]LogMemory: Virtual Memory: 668.78 MB used,  7450.56 MB free, 134217728.00 MB total
[2017.09.30-22.59.13:624][  0]LogInit: Using OS detected language (en-US).
[2017.09.30-22.59.13:624][  0]LogInit: Using OS detected locale (en-US).
[2017.09.30-22.59.13:628][  0]LogTextLocalizationManager: No specific localization for 'en-US' exists, so the 'en' localization will be used.
[2017.09.30-22.59.14:409][  0]LogD3D11RHI: D3D11 adapters:
[2017.09.30-22.59.14:449][  0]LogD3D11RHI:    0. 'NVIDIA GeForce GTX 660M' (Feature Level 11_0)
[2017.09.30-22.59.14:449][  0]LogD3D11RHI:       2018/0/6120 MB DedicatedVideo/DedicatedSystem/SharedSystem, Outputs:1, VendorId:0x10de
[2017.09.30-22.59.14:451][  0]LogD3D11RHI:    1. 'Microsoft Basic Render Driver' (Feature Level 11_0)
[2017.09.30-22.59.14:451][  0]LogD3D11RHI:       0/0/6120 MB DedicatedVideo/DedicatedSystem/SharedSystem, Outputs:0, VendorId:0x1414
[2017.09.30-22.59.14:451][  0]LogD3D11RHI: Chosen D3D11 Adapter: 0
[2017.09.30-22.59.14:456][  0]LogD3D11RHI: Creating new Direct3DDevice
[2017.09.30-22.59.14:456][  0]LogD3D11RHI:     GPU DeviceId: 0xfd4 (for the marketing name, search the web for "GPU Device Id")
[2017.09.30-22.59.14:456][  0]LogWindows: EnumDisplayDevices:
[2017.09.30-22.59.14:457][  0]LogWindows:    0. 'NVIDIA GeForce GTX 660M' (P:1 D:1)
[2017.09.30-22.59.14:457][  0]LogWindows:    1. 'NVIDIA GeForce GTX 660M' (P:0 D:0)
[2017.09.30-22.59.14:457][  0]LogWindows:    2. 'NVIDIA GeForce GTX 660M' (P:0 D:0)
[2017.09.30-22.59.14:457][  0]LogWindows:    3. 'NVIDIA GeForce GTX 660M' (P:0 D:0)
[2017.09.30-22.59.14:457][  0]LogWindows: DebugString: FoundDriverCount:4 
[2017.09.30-22.59.14:457][  0]LogD3D11RHI:     Adapter Name: NVIDIA GeForce GTX 660M
[2017.09.30-22.59.14:457][  0]LogD3D11RHI:   Driver Version: 384.94 (internal:22.21.13.8494, unified:384.94)
[2017.09.30-22.59.14:457][  0]LogD3D11RHI:      Driver Date: 7-18-2017
[2017.09.30-22.59.14:457][  0]LogRHI: Texture pool is 1361 MB (70% of 1945 MB)
[2017.09.30-22.59.14:482][  0]LogD3D11RHI: Async texture creation enabled
[2017.09.30-22.59.14:499][  0]LogD3D11RHI: GPU Timing Frequency: 1000.000000 (Debug: 2 2)
[2017.09.30-22.59.14:501][  0]LogShaderCompilers: Guid format shader working directory is 2 characters bigger than the processId version (../../../../../../Users/macke/Desktop/RChase/Intermediate/Shaders/WorkingDirectory/8128/).
[2017.09.30-22.59.14:501][  0]LogShaderCompilers: Cleaned the shader compiler working directory 'C:/Users/macke/AppData/Local/Temp/UnrealShaderWorkingDir/5FFCFC01453692DEEA5A7B9217187DEA/'.
[2017.09.30-22.59.14:501][  0]LogShaderCompilers: Display: Using Local Shader Compiler.
[2017.09.30-22.59.15:625][  0]LogTemp: Display: Loaded TP AllDesktopTargetPlatform
[2017.09.30-22.59.15:695][  0]LogTemp: Display: Loaded TP MacClientTargetPlatform
[2017.09.30-22.59.15:765][  0]LogTemp: Display: Loaded TP MacNoEditorTargetPlatform
[2017.09.30-22.59.15:842][  0]LogTemp: Display: Loaded TP MacServerTargetPlatform
[2017.09.30-22.59.15:912][  0]LogTemp: Display: Loaded TP MacTargetPlatform
[2017.09.30-22.59.15:981][  0]LogTemp: Display: Loaded TP WindowsClientTargetPlatform
[2017.09.30-22.59.16:051][  0]LogTemp: Display: Loaded TP WindowsNoEditorTargetPlatform
[2017.09.30-22.59.16:121][  0]LogTemp: Display: Loaded TP WindowsServerTargetPlatform
[2017.09.30-22.59.16:183][  0]LogTemp: Display: Loaded TP WindowsTargetPlatform
[2017.09.30-22.59.16:254][  0]LogTemp: Display: Loaded TP AndroidTargetPlatform
[2017.09.30-22.59.16:323][  0]LogTemp: Display: Loaded TP Android_ASTCTargetPlatform
[2017.09.30-22.59.16:411][  0]LogTemp: Display: Loaded TP Android_ATCTargetPlatform
[2017.09.30-22.59.16:482][  0]LogTemp: Display: Loaded TP Android_DXTTargetPlatform
[2017.09.30-22.59.16:554][  0]LogTemp: Display: Loaded TP Android_ETC1TargetPlatform
[2017.09.30-22.59.16:623][  0]LogTemp: Display: Loaded TP Android_ETC2TargetPlatform
[2017.09.30-22.59.16:761][  0]LogTemp: Display: Loaded TP Android_MultiTargetPlatform
[2017.09.30-22.59.16:761][  0]LogTemp: Display: Loaded TP Android_PVRTCTargetPlatform
[2017.09.30-22.59.16:817][  0]LogTemp: Display: Loaded TP HTML5TargetPlatform
[2017.09.30-22.59.16:943][  0]LogTemp: Display: Loaded TP IOSTargetPlatform
[2017.09.30-22.59.17:001][  0]LogTemp: Display: Loaded TP TVOSTargetPlatform
[2017.09.30-22.59.17:069][  0]LogTemp: Display: Loaded TP LinuxClientTargetPlatform
[2017.09.30-22.59.17:137][  0]LogTemp: Display: Loaded TP LinuxNoEditorTargetPlatform
[2017.09.30-22.59.17:204][  0]LogTemp: Display: Loaded TP LinuxServerTargetPlatform
[2017.09.30-22.59.17:274][  0]LogTemp: Display: Loaded TP LinuxTargetPlatform
[2017.09.30-22.59.17:274][  0]LogTargetPlatformManager: Display: Building Assets For Windows
[2017.09.30-22.59.17:980][  0]LogDerivedDataCache: Display: Max Cache Size: 512 MB
[2017.09.30-22.59.18:081][  0]LogDerivedDataCache: Loaded boot cache 0.10s 93MB C:/Users/macke/AppData/Local/UnrealEngine/4.17/DerivedDataCache/Boot.ddc.
[2017.09.30-22.59.18:081][  0]LogDerivedDataCache: Display: Loaded Boot cache: C:/Users/macke/AppData/Local/UnrealEngine/4.17/DerivedDataCache/Boot.ddc
[2017.09.30-22.59.18:081][  0]LogDerivedDataCache: FDerivedDataBackendGraph:  Pak pak cache file ../../../../../../Users/macke/Desktop/RChase/DerivedDataCache/DDC.ddp not found, will not use a pak cache.
[2017.09.30-22.59.18:081][  0]LogDerivedDataCache: Unable to find inner node Pak for hierarchical cache Hierarchy.
[2017.09.30-22.59.18:081][  0]LogDerivedDataCache: FDerivedDataBackendGraph:  CompressedPak pak cache file ../../../../../../Users/macke/Desktop/RChase/DerivedDataCache/Compressed.ddp not found, will not use a pak cache.
[2017.09.30-22.59.18:081][  0]LogDerivedDataCache: Unable to find inner node CompressedPak for hierarchical cache Hierarchy.
[2017.09.30-22.59.18:098][  0]LogDerivedDataCache: Display: Pak cache opened for reading ../../../Engine/DerivedDataCache/Compressed.ddp.
[2017.09.30-22.59.18:111][  0]LogDerivedDataCache: Using Local data cache path C:/Users/macke/AppData/Local/UnrealEngine/Common/DerivedDataCache: Writable
[2017.09.30-22.59.18:123][  0]LogMaterial: Verifying Global Shaders for PCD3D_SM5
[2017.09.30-22.59.18:123][  0]LogSlate: Using Freetype 2.6.0
[2017.09.30-22.59.18:124][  0]LogSlate: SlateFontCache - WITH_FREETYPE: 1, WITH_HARFBUZZ: 1
[2017.09.30-22.59.18:124][  0]LogSlate: SlateFontCache - WITH_FREETYPE: 1, WITH_HARFBUZZ: 1
[2017.09.30-22.59.18:448][  0]LogAssetRegistry: FAssetRegistry took 0.0269 seconds to start up
[2017.09.30-22.59.18:597][  0]LogInit: Selected Device Profile: [Windows]
[2017.09.30-22.59.18:773][  0]LogContentStreaming: Texture pool size is 0.00 MB
[2017.09.30-22.59.19:177][  0]LogSimplygon: Simplygon DLL not present - disabling.
[2017.09.30-22.59.19:233][  0]LogMeshReduction: Using SimplygonSwarm for distributed automatic mesh merging
[2017.09.30-22.59.19:233][  0]LogMeshReduction: Using QuadricMeshReduction for automatic static mesh reduction
[2017.09.30-22.59.19:233][  0]LogMeshReduction: No automatic skeletal mesh reduction module available
[2017.09.30-22.59.19:233][  0]LogMeshReduction: No automatic mesh merging module available
[2017.09.30-22.59.19:233][  0]LogMeshMerging: No automatic mesh merging module available
[2017.09.30-22.59.19:653][  0]LogNetVersion: RChase , NetCL: 3573198, EngineNetVer: 2, GameNetVer: 0 (Checksum: 3391548731)
[2017.09.30-22.59.19:913][  0]LogPackageLocalizationCache: Processed 5 localized package path(s) for 2 prioritized culture(s) in 0.048826 seconds
[2017.09.30-22.59.19:921][  0]LogUObjectArray: 35825 objects as part of root set at end of initial load.
[2017.09.30-22.59.19:921][  0]LogUObjectAllocator: 7529104 out of 0 bytes used by permanent object pool.
[2017.09.30-22.59.19:921][  0]LogUObjectArray: CloseDisregardForGC: 0/0 objects in disregard for GC pool
[2017.09.30-22.59.20:013][  0]LogInit: WinSock: version 1.1 (2.2), MaxSocks=32767, MaxUdp=65467
[2017.09.30-22.59.23:342][  0]LogTcpMessaging: Initializing TcpMessaging bridge
[2017.09.30-22.59.23:393][  0]LogUdpMessaging: Initializing bridge on interface 0.0.0.0:0 to multicast group 230.0.0.1:6666.
[2017.09.30-22.59.24:283][  0]LogMaterial: Uniform references updated for custom material expression Custom.
[2017.09.30-22.59.24:826][  0]SourceControl: Source control is disabled
[2017.09.30-22.59.24:826][  0]SourceControl: Source control is disabled
[2017.09.30-22.59.24:910][  0]SourceControl: Source control is disabled
[2017.09.30-22.59.25:014][  0]SourceControl: Source control is disabled
[2017.09.30-22.59.25:895][  0]LogAndroidPermission: UAndroidPermissionCallbackProxy::GetInstance
[2017.09.30-22.59.26:232][  0]LogOcInput: OculusInput pre-init called
[2017.09.30-22.59.26:577][  0]LogEngine: Initializing Engine...
[2017.09.30-22.59.26:579][  0]LogHMD: Failed to initialize OpenVR with code 110
[2017.09.30-22.59.26:825][  0]LogStats: UGameplayTagsManager::ConstructGameplayTagTree: Construct from data asset -  0.000 s
[2017.09.30-22.59.26:825][  0]LogStats: UGameplayTagsManager::ConstructGameplayTagTree: GameplayTagTreeChangedEvent.Broadcast -  0.000 s
[2017.09.30-22.59.26:999][  0]LogAIModule: Creating AISystem for world Untitled
[2017.09.30-22.59.27:007][  0]LogInit: XAudio2 using 'Speakers (VIA HD Audio(Win 10))' : 2 channels at 48 kHz using 32 bits per sample (channel mask 0x3)
[2017.09.30-22.59.27:041][  0]LogInit: FAudioDevice initialized.
[2017.09.30-22.59.27:221][  0]LogDerivedDataCache: Saved boot cache 0.18s 93MB C:/Users/macke/AppData/Local/UnrealEngine/4.17/DerivedDataCache/Boot.ddc.
[2017.09.30-22.59.27:250][  0]LogInit: Texture streaming: Enabled
[2017.09.30-22.59.27:417][  0]LogEngineSessionManager: EngineSessionManager initialized
[2017.09.30-22.59.27:717][  0]LogInit: Transaction tracking system initialized
[2017.09.30-22.59.28:157][  0]BlueprintLog: New page: Editor Load
[2017.09.30-22.59.29:455][  0]LocalizationService: Localization service is disabled
[2017.09.30-22.59.30:397][  0]LogConsoleResponse: Display: 
[2017.09.30-22.59.30:614][  0]LogCook: Display: Max memory allowance for cook 16384mb min free memory 0mb
[2017.09.30-22.59.30:614][  0]LogCook: Display: Mobile HDR setting 1
[2017.09.30-22.59.30:615][  0]LogGameplayTags: Display: UGameplayTagsManager::DoneAddingNativeTags. DelegateIsBound: 0
[2017.09.30-22.59.31:343][  0]LogFileCache: Scanning file cache for directory 'C:/Users/macke/Desktop/RChase/Content/' took 0.01s
[2017.09.30-22.59.32:122][  0]SourceControl: Source control is disabled
[2017.09.30-22.59.32:123][  0]Cmd: MAP LOAD FILE="../../../../../../Users/macke/Desktop/RChase/Content/VehicleBP/Maps/VehicleExampleMap.umap" TEMPLATE=0 SHOWPROGRESS=1 FEATURELEVEL=3
[2017.09.30-22.59.32:123][  0]LogEditorServer: Warning: Can't find file '../../../../../../Users/macke/Desktop/RChase/Content/VehicleBP/Maps/VehicleExampleMap.umap'
[2017.09.30-22.59.32:123][  0]Cmd: MAP CHECKDEP NOCLEARLOG
[2017.09.30-22.59.32:187][  0]MapCheck: Map check complete: 0 Error(s), 0 Warning(s), took 64.297ms to complete.
[2017.09.30-22.59.32:187][  0]LogFileHelpers: Loading map 'VehicleExampleMap' took 0.065
[2017.09.30-22.59.32:244][  0]LogWindowsTextInputMethodSystem: Display: IME system now deactivated.
[2017.09.30-22.59.32:383][  0]LogCollectionManager: Loaded 0 collections in 0.002360 seconds
[2017.09.30-22.59.32:495][  0]LogFileCache: Scanning file cache for directory 'C:/Users/macke/Desktop/RChase/Saved/Collections/' took 0.01s
[2017.09.30-22.59.32:495][  0]LogFileCache: Scanning file cache for directory 'C:/Users/macke/Desktop/RChase/Content/Developers/macke/Collections/' took 0.01s
[2017.09.30-22.59.32:495][  0]LogFileCache: Scanning file cache for directory 'C:/Users/macke/Desktop/RChase/Content/Collections/' took 0.01s
[2017.09.30-22.59.32:495][  0]LogCollectionManager: Rebuilt the GUID cache for 0 collections in 0.000001 seconds
[2017.09.30-22.59.32:505][  0]LogContentBrowser: Native class hierarchy populated in 0.0101 seconds. Added 2388 classes and 503 folders.
[2017.09.30-22.59.32:597][  0]LogContentBrowser: Native class hierarchy updated for 'WidgetCarousel' in 0.0007 seconds. Added 0 classes and 0 folders.
[2017.09.30-22.59.32:649][  0]LogContentBrowser: Native class hierarchy updated for 'AddContentDialog' in 0.0007 seconds. Added 0 classes and 0 folders.
[2017.09.30-22.59.32:709][  0]LogContentBrowser: Native class hierarchy updated for 'SceneOutliner' in 0.0007 seconds. Added 1 classes and 2 folders.
[2017.09.30-22.59.32:733][  0]LogSlate: Took 0.000280 seconds to synchronously load lazily loaded font '../../../Engine/Content/Slate/Fonts/Roboto-Regular.ttf' (155K)
[2017.09.30-22.59.32:736][  0]LogSlate: Took 0.000259 seconds to synchronously load lazily loaded font '../../../Engine/Content/Slate/Fonts/Roboto-Bold.ttf' (160K)
[2017.09.30-22.59.32:743][  0]LogSlate: Took 0.000222 seconds to synchronously load lazily loaded font '../../../Engine/Content/Editor/Slate/Fonts/FontAwesome.ttf' (139K)
[2017.09.30-22.59.32:882][  0]LogRenderer: Reallocating scene render targets to support 1116x628 Format 10 NumSamples 1 (Frame:1).
[2017.09.30-22.59.33:071][  0]LogContentBrowser: Native class hierarchy updated for 'HierarchicalLODOutliner' in 0.0008 seconds. Added 1 classes and 2 folders.
[2017.09.30-22.59.33:072][  0]LogLoad: (Engine Initialization) Total time: 21.82 seconds
[2017.09.30-22.59.33:072][  0]LogLoad: (Engine Initialization) Total Blueprint compile time: 0.00 seconds
[2017.09.30-22.59.33:072][  0]LogExternalProfiler: No external profilers were discovered.  External profiling features will not be available.
[2017.09.30-22.59.33:083][  0]LogRawInputWindows: Warning: Found device 0 devices
[2017.09.30-22.59.33:083][  0]LogRawInputWindows: Warning: Found device 0 devices
[2017.09.30-22.59.33:084][  0]LogRawInputWindows: Warning: Device was registered succesfully but not connected (Usage:4 UsagePage:1
[2017.09.30-22.59.33:084][  0]LogRawInputWindows: Warning: Found device 1 devices
[2017.09.30-22.59.33:084][  0]LogRawInputWindows: Warning: Device was registered succesfully but not connected (Usage:5 UsagePage:1
[2017.09.30-22.59.33:103][  0]LogContentStreaming: Texture pool size now 1000 MB
[2017.09.30-22.59.33:149][  0]LogSlate: Took 0.000610 seconds to synchronously load lazily loaded font '../../../Engine/Content/Slate/Fonts/Roboto-Light.ttf' (159K)
[2017.09.30-22.59.33:175][  1]LogAssetRegistry: Asset discovery search completed in 14.7482 seconds
[2017.09.30-22.59.33:176][  1]LogCollectionManager: Rebuilt the object cache for 0 collections in 0.000001 seconds (found 0 objects)
[2017.09.30-22.59.33:176][  1]LogCollectionManager: Fixed up redirectors for 0 collections in 0.000048 seconds (updated 0 objects)
[2017.09.30-22.59.49:896][720]LogSlate: Took 0.000233 seconds to synchronously load lazily loaded font '../../../Engine/Content/Slate/Fonts/Roboto-Light.ttf' (159K)
[2017.09.30-22.59.51:049][720]LogAIModule: Creating AISystem for world MacksDojo
[2017.09.30-22.59.51:136][720]Cmd: MAP LOAD FILE="../../../../../../Users/macke/Desktop/RChase/Content/Levels/MacksDojo.umap" TEMPLATE=0 SHOWPROGRESS=1 FEATURELEVEL=3
[2017.09.30-22.59.51:136][720]LightingResults: New page: Lighting Build
[2017.09.30-22.59.51:193][720]LogContentBrowser: Native class hierarchy updated for 'StatsViewer' in 0.0008 seconds. Added 5 classes and 0 folders.
[2017.09.30-22.59.51:194][720]LoadErrors: New page: Loading map: MacksDojo.umap
[2017.09.30-22.59.51:195][720]MapCheck: New page: Map Check
[2017.09.30-22.59.51:195][720]LightingResults: New page: Lighting Build
[2017.09.30-22.59.51:522][720]LogEditorServer: Finished looking for orphan Actors (0.000 secs)
[2017.09.30-22.59.51:694][720]Cmd: MAP CHECKDEP NOCLEARLOG
[2017.09.30-22.59.51:762][720]MapCheck: Map check complete: 0 Error(s), 0 Warning(s), took 68.692ms to complete.
[2017.09.30-22.59.51:764][720]LogFileHelpers: Loading map 'MacksDojo' took 0.629
[2017.09.30-22.59.51:765][720]LogSlate: Took 0.000189 seconds to synchronously load lazily loaded font '../../../Engine/Content/Slate/Fonts/Roboto-Regular.ttf' (155K)
[2017.09.30-23.00.15:230][658]LogSlate: Took 0.000264 seconds to synchronously load lazily loaded font '../../../Engine/Content/Editor/Slate/Fonts/Roboto-BoldCondensed.ttf' (158K)
[2017.09.30-23.05.23:161][250]LogEditorViewport: Clicking on Actor (LMB): T-RexChar_C (T-RexChar)
[2017.09.30-23.06.55:280][632]LogSlate: Took 0.000562 seconds to synchronously load lazily loaded font '../../../Engine/Content/Editor/Slate/Fonts/Roboto-Italic.ttf' (157K)
[2017.09.30-23.09.10:985][ 71]LogContentBrowser: Native class hierarchy updated for 'BlueprintGraph' in 0.0012 seconds. Added 113 classes and 0 folders.
[2017.09.30-23.09.21:668][543]BlueprintLog: New page: Compile TRexPawn
[2017.09.30-23.09.22:598][566]Cmd: OBJ SAVEPACKAGE PACKAGE="/Game/Vehicle/TRexPawn" FILE="../../../../../../Users/macke/Desktop/RChase/Content/Vehicle/TRexPawn.uasset" SILENT=true
[2017.09.30-23.09.22:626][566]LogSavePackage: Save=25.19ms
[2017.09.30-23.09.22:626][566]LogSavePackage: Moving '../../../../../../Users/macke/Desktop/RChase/Saved/TRexPawnC3E948074D84C5236CEB6A8D6BCFFA2B.tmp' to '../../../../../../Users/macke/Desktop/RChase/Content/Vehicle/TRexPawn.uasset'
[2017.09.30-23.09.22:630][566]LogSavePackage: Display: Finished SavePackage ../../../../../../Users/macke/Desktop/RChase/Content/Vehicle/TRexPawn.uasset
[2017.09.30-23.09.32:992][ 32]LogSlate: Warning: Prevented a slow task dialog from being summoned while a context menu was open
[2017.09.30-23.09.36:155][227]BlueprintLog: New page: Compile TRexPawn
[2017.09.30-23.09.37:205][250]Cmd: OBJ SAVEPACKAGE PACKAGE="/Game/Vehicle/TRexPawn" FILE="../../../../../../Users/macke/Desktop/RChase/Content/Vehicle/TRexPawn.uasset" SILENT=true
[2017.09.30-23.09.37:239][250]LogSavePackage: Save=23.21ms
[2017.09.30-23.09.37:239][250]LogSavePackage: Moving '../../../../../../Users/macke/Desktop/RChase/Saved/TRexPawnD84272F24C660C604BA036A5781146CC.tmp' to '../../../../../../Users/macke/Desktop/RChase/Content/Vehicle/TRexPawn.uasset'
[2017.09.30-23.09.37:244][250]LogSavePackage: Display: Finished SavePackage ../../../../../../Users/macke/Desktop/RChase/Content/Vehicle/TRexPawn.uasset
[2017.09.30-23.09.44:678][640]LogTemp: Repeating last play command: Selected Viewport
[2017.09.30-23.09.44:722][640]LogPlayLevel: PlayLevel: No blueprints needed recompiling
[2017.09.30-23.09.44:722][640]PIE: New page: PIE session: MacksDojo (Sep 30, 2017, 3:09:44 PM)
[2017.09.30-23.09.44:723][640]LogPlayLevel: Creating play world package: /Game/Levels/UEDPIE_0_MacksDojo
[2017.09.30-23.09.44:829][640]LogPlayLevel: PIE: StaticDuplicateObject took: (0.106823s)
[2017.09.30-23.09.44:830][640]LogAIModule: Creating AISystem for world MacksDojo
[2017.09.30-23.09.44:830][640]LogPlayLevel: PIE: World Init took: (0.000816s)
[2017.09.30-23.09.44:830][640]LogPlayLevel: PIE: Created PIE world by copying editor world from /Game/Levels/MacksDojo.MacksDojo to /Game/Levels/UEDPIE_0_MacksDojo.MacksDojo (0.107949s)
[2017.09.30-23.09.44:851][640]LogInit: XAudio2 using 'Speakers (VIA HD Audio(Win 10))' : 2 channels at 48 kHz using 32 bits per sample (channel mask 0x3)
[2017.09.30-23.09.44:862][640]LogInit: FAudioDevice initialized.
[2017.09.30-23.09.44:922][640]LogLoad: Game class is 'VehicleGameMode_C'
[2017.09.30-23.09.44:985][640]LogWorld: Bringing World /Game/Levels/UEDPIE_0_MacksDojo.MacksDojo up for play (max tick rate 0) at 2017.09.30-19.09.44
[2017.09.30-23.09.44:987][640]LogWorld: Bringing up level for play took: 0.055028
[2017.09.30-23.09.45:049][640]LogContentBrowser: Native class hierarchy updated for 'MovieSceneCapture' in 0.0008 seconds. Added 11 classes and 0 folders.
[2017.09.30-23.09.45:051][640]PIE: Play in editor start time for /Game/Levels/UEDPIE_0_MacksDojo 0.058
[2017.09.30-23.10.36:145][497]LogSlate: Took 0.000291 seconds to synchronously load lazily loaded font '../../../Engine/Content/Slate/Fonts/Roboto-Light.ttf' (159K)
[2017.09.30-23.11.47:381][948]LogEditorActor: Deleted Actor: TRexPawn_C
[2017.09.30-23.11.47:402][948]LogEditorActor: Deleted 1 Actors (0.024 secs)
[2017.09.30-23.12.23:737][519]Cmd: OBJ SAVEPACKAGE PACKAGE="/Game/Levels/MacksDojo" FILE="../../../../../../Users/macke/Desktop/RChase/Saved/Autosaves/Game/Levels/MacksDojo_Auto1.umap" SILENT=true AUTOSAVING=true KEEPDIRTY=false
[2017.09.30-23.12.26:134][519]LogSavePackage: Save=2379.38ms
[2017.09.30-23.12.26:134][519]LogSavePackage: Moving '../../../../../../Users/macke/Desktop/RChase/Saved/MacksDojo_Auto1E9CE7CD4471580B590536095BABB9B1F.tmp' to '../../../../../../Users/macke/Desktop/RChase/Saved/Autosaves/Game/Levels/MacksDojo_Auto1.umap'
[2017.09.30-23.12.26:136][519]LogSavePackage: Display: Finished SavePackage ../../../../../../Users/macke/Desktop/RChase/Saved/Autosaves/Game/Levels/MacksDojo_Auto1.umap
[2017.09.30-23.12.26:139][519]LogFileHelpers: Editor autosave (incl. sublevels) for '/Game/Levels/MacksDojo' took 2.434
[2017.09.30-23.12.26:139][519]LogFileHelpers: Editor autosave (incl. sublevels) for all levels took 2.434
[2017.09.30-23.27.20:075][227]LogFileHelpers: Editor autosave (incl. sublevels) for '/Game/Levels/MacksDojo' took 0.019
[2017.09.30-23.27.20:077][227]OBJ SavePackage: Generating thumbnails for [1] asset(s) in package [/Game/Vehicle/T-RexChar] ([1] browsable assets)...
[2017.09.30-23.27.20:139][227]OBJ SavePackage:     Rendered thumbnail for [Blueprint /Game/Vehicle/T-RexChar.T-RexChar]
[2017.09.30-23.27.20:139][227]OBJ SavePackage: Finished generating thumbnails for package [/Game/Vehicle/T-RexChar]
[2017.09.30-23.27.20:139][227]Cmd: OBJ SAVEPACKAGE PACKAGE="/Game/Vehicle/T-RexChar" FILE="../../../../../../Users/macke/Desktop/RChase/Saved/Autosaves/Game/Vehicle/T-RexChar_Auto2.uasset" SILENT=false AUTOSAVING=true
[2017.09.30-23.27.20:193][227]LogSavePackage: Save=42.33ms
[2017.09.30-23.27.20:193][227]LogSavePackage: Moving '../../../../../../Users/macke/Desktop/RChase/Saved/T-RexChar_Auto2AB5796CA451146BEB329599A677C76E2.tmp' to '../../../../../../Users/macke/Desktop/RChase/Saved/Autosaves/Game/Vehicle/T-RexChar_Auto2.uasset'
[2017.09.30-23.27.20:195][227]LogSavePackage: Display: Finished SavePackage ../../../../../../Users/macke/Desktop/RChase/Saved/Autosaves/Game/Vehicle/T-RexChar_Auto2.uasset
[2017.09.30-23.27.20:195][227]LogFileHelpers: Auto-saving content packages took 0.120
[2017.09.30-23.34.56:275][998]LogEditorViewport: Clicking on Actor (LMB): Sedan_C (Sedan)
[2017.09.30-23.36.10:864][874]LogRenderer: Reallocating scene render targets to support 1116x900 Format 10 NumSamples 1 (Frame:1).
[2017.09.30-23.36.55:140][706]LogPackageName: SearchForPackageOnDisk took   0.000s, but failed to resolve /Game/VehicleBP/Sedan/Sedan_Child.
[2017.09.30-23.36.58:985][768]LogActorComponent: UnregisterComponent: (/Engine/Transient.EditorFloorComp) Not registered. Aborting.
[2017.09.30-23.36.59:118][768]LogActorComponent: UnregisterComponent: (/Engine/Transient.EditorFloorComp) Not registered. Aborting.
[2017.09.30-23.37.36:674][515]LogFileHelpers: Editor autosave (incl. sublevels) for '/Game/Levels/MacksDojo' took 0.017
[2017.09.30-23.37.36:676][515]OBJ SavePackage: Generating thumbnails for [0] asset(s) in package [/Game/VehicleBP/Blueprints/VehicleGameMode] ([1] browsable assets)...
[2017.09.30-23.37.36:676][515]OBJ SavePackage: Finished generating thumbnails for package [/Game/VehicleBP/Blueprints/VehicleGameMode]
[2017.09.30-23.37.36:703][515]LogSavePackage: Save=16.77ms
[2017.09.30-23.37.36:703][515]LogSavePackage: Moving '../../../../../../Users/macke/Desktop/RChase/Saved/VehicleGameMode_Auto3BF49F0614C1109E37163039E8A227705.tmp' to '../../../../../../Users/macke/Desktop/RChase/Saved/Autosaves/Game/VehicleBP/Blueprints/VehicleGameMode_Auto3.uasset'
[2017.09.30-23.37.36:704][515]LogSavePackage: Display: Finished SavePackage ../../../../../../Users/macke/Desktop/RChase/Saved/Autosaves/Game/VehicleBP/Blueprints/VehicleGameMode_Auto3.uasset
[2017.09.30-23.37.36:704][515]LogFileHelpers: Auto-saving content packages took 0.030
[2017.09.30-23.42.40:788][647]BlueprintLog: New page: Compile VehicleGameMode
[2017.09.30-23.42.41:587][667]Cmd: OBJ SAVEPACKAGE PACKAGE="/Game/VehicleBP/Blueprints/VehicleGameMode" FILE="../../../../../../Users/macke/Desktop/RChase/Content/VehicleBP/Blueprints/VehicleGameMode.uasset" SILENT=true
[2017.09.30-23.42.41:621][667]LogSavePackage: Save=22.62ms
[2017.09.30-23.42.41:621][667]LogSavePackage: Moving '../../../../../../Users/macke/Desktop/RChase/Saved/VehicleGameModeC607E0674049483AAD1F0C889CBC56F4.tmp' to '../../../../../../Users/macke/Desktop/RChase/Content/VehicleBP/Blueprints/VehicleGameMode.uasset'
[2017.09.30-23.42.41:624][667]LogSavePackage: Display: Finished SavePackage ../../../../../../Users/macke/Desktop/RChase/Content/VehicleBP/Blueprints/VehicleGameMode.uasset
[2017.09.30-23.43.00:006][669]Cmd: OBJ SAVEPACKAGE PACKAGE="/Game/VehicleBP/Blueprints/VehicleGameMode" FILE="../../../../../../Users/macke/Desktop/RChase/Content/VehicleBP/Blueprints/VehicleGameMode.uasset" SILENT=true
[2017.09.30-23.43.00:032][669]LogSavePackage: Save=19.97ms
[2017.09.30-23.43.00:032][669]LogSavePackage: Moving '../../../../../../Users/macke/Desktop/RChase/Saved/VehicleGameMode1B8FB3B841E98FA18C16EBBE6B3696B2.tmp' to '../../../../../../Users/macke/Desktop/RChase/Content/VehicleBP/Blueprints/VehicleGameMode.uasset'
[2017.09.30-23.43.00:037][669]LogSavePackage: Display: Finished SavePackage ../../../../../../Users/macke/Desktop/RChase/Content/VehicleBP/Blueprints/VehicleGameMode.uasset
[2017.09.30-23.43.01:131][727]Cmd: OBJ SAVEPACKAGE PACKAGE="/Game/VehicleBP/Blueprints/VehicleGameMode" FILE="../../../../../../Users/macke/Desktop/RChase/Content/VehicleBP/Blueprints/VehicleGameMode.uasset" SILENT=true
[2017.09.30-23.43.01:157][727]LogSavePackage: Save=20.58ms
[2017.09.30-23.43.01:157][727]LogSavePackage: Moving '../../../../../../Users/macke/Desktop/RChase/Saved/VehicleGameModeB17EA7754A2BF1C5D4F14DAD910AC2DB.tmp' to '../../../../../../Users/macke/Desktop/RChase/Content/VehicleBP/Blueprints/VehicleGameMode.uasset'
[2017.09.30-23.43.01:159][727]LogSavePackage: Display: Finished SavePackage ../../../../../../Users/macke/Desktop/RChase/Content/VehicleBP/Blueprints/VehicleGameMode.uasset
[2017.09.30-23.50.40:637][630]LogFileHelpers: Editor autosave (incl. sublevels) for '/Game/Levels/MacksDojo' took 0.020
[2017.09.30-23.50.40:638][630]OBJ SavePackage: Generating thumbnails for [0] asset(s) in package [/Game/VehicleBP/Blueprints/VehicleGameMode] ([1] browsable assets)...
[2017.09.30-23.50.40:638][630]OBJ SavePackage: Finished generating thumbnails for package [/Game/VehicleBP/Blueprints/VehicleGameMode]
[2017.09.30-23.50.40:672][630]LogSavePackage: Save=21.79ms
[2017.09.30-23.50.40:672][630]LogSavePackage: Moving '../../../../../../Users/macke/Desktop/RChase/Saved/VehicleGameMode_Auto4F35474F041EC20D279A0E5B074C3AD06.tmp' to '../../../../../../Users/macke/Desktop/RChase/Saved/Autosaves/Game/VehicleBP/Blueprints/VehicleGameMode_Auto4.uasset'
[2017.09.30-23.50.40:673][630]LogSavePackage: Display: Finished SavePackage ../../../../../../Users/macke/Desktop/RChase/Saved/Autosaves/Game/VehicleBP/Blueprints/VehicleGameMode_Auto4.uasset
[2017.09.30-23.50.40:673][630]LogFileHelpers: Auto-saving content packages took 0.036
[2017.09.30-23.58.05:163][417]BlueprintLog: New page: Compile VehicleGameMode
[2017.09.30-23.58.05:171][417]LogBlueprint: Error: [Compiler VehicleGameMode] Event Dispatcher pin is not connected  Bind Event to OnDestroyed
[2017.09.30-23.58.05:335][417]LogBlueprint: Warning: [Compiler VehicleGameMode] [3534.08] Compile of VehicleGameMode failed. 1 Fatal Issue(s) 0 Warning(s) [in 171 ms] (/Game/VehicleBP/Blueprints/VehicleGameMode.VehicleGameMode)
[2017.09.30-23.58.08:639][592]BlueprintLog: New page: Compile VehicleGameMode
[2017.09.30-23.58.09:489][630]Cmd: OBJ SAVEPACKAGE PACKAGE="/Game/VehicleBP/Blueprints/VehicleGameMode" FILE="../../../../../../Users/macke/Desktop/RChase/Content/VehicleBP/Blueprints/VehicleGameMode.uasset" SILENT=true
[2017.09.30-23.58.09:524][630]LogSavePackage: Save=20.95ms
[2017.09.30-23.58.09:524][630]LogSavePackage: Moving '../../../../../../Users/macke/Desktop/RChase/Saved/VehicleGameMode7FB56675453402A730D5D39A50B7429C.tmp' to '../../../../../../Users/macke/Desktop/RChase/Content/VehicleBP/Blueprints/VehicleGameMode.uasset'
[2017.09.30-23.58.09:527][630]LogSavePackage: Display: Finished SavePackage ../../../../../../Users/macke/Desktop/RChase/Content/VehicleBP/Blueprints/VehicleGameMode.uasset
[2017.10.01-00.00.13:311][728]Cmd: OBJ SAVEPACKAGE PACKAGE="/Game/Levels/MacksDojo" FILE="../../../../../../Users/macke/Desktop/RChase/Content/Levels/MacksDojo.umap" SILENT=true AUTOSAVING=false KEEPDIRTY=false
[2017.10.01-00.00.15:562][728]LogSavePackage: Save=2221.61ms
[2017.10.01-00.00.15:562][728]LogSavePackage: Moving '../../../../../../Users/macke/Desktop/RChase/Saved/MacksDojo124375FA48DA9B12AA781FBA8D45B571.tmp' to '../../../../../../Users/macke/Desktop/RChase/Content/Levels/MacksDojo.umap'
[2017.10.01-00.00.15:570][728]LogSavePackage: Display: Finished SavePackage ../../../../../../Users/macke/Desktop/RChase/Content/Levels/MacksDojo.umap
[2017.10.01-00.00.15:612][728]LogFileHelpers: Saving map 'MacksDojo' took 2.383
[2017.10.01-00.00.15:616][728]Cmd: OBJ SAVEPACKAGE PACKAGE="/Game/Vehicle/T-RexChar" FILE="../../../../../../Users/macke/Desktop/RChase/Content/Vehicle/T-RexChar.uasset" SILENT=true
[2017.10.01-00.00.15:657][728]LogSavePackage: Save=29.15ms
[2017.10.01-00.00.15:657][728]LogSavePackage: Moving '../../../../../../Users/macke/Desktop/RChase/Saved/T-RexCharEB6FFAE24480627A0B34EF8937F64A4B.tmp' to '../../../../../../Users/macke/Desktop/RChase/Content/Vehicle/T-RexChar.uasset'
[2017.10.01-00.00.15:660][728]LogSavePackage: Display: Finished SavePackage ../../../../../../Users/macke/Desktop/RChase/Content/Vehicle/T-RexChar.uasset
[2017.10.01-00.00.15:741][728]LogWindowsTextInputMethodSystem: Display: IME system now deactivated.
[2017.10.01-00.00.15:995][729]Cmd: QUIT_EDITOR
[2017.10.01-00.00.16:523][729]LogExit: Preparing to exit.
[2017.10.01-00.00.17:567][729]LogActorComponent: UnregisterComponent: (None.None) Not registered. Aborting.
[2017.10.01-00.00.17:567][729]LogActorComponent: UnregisterComponent: (None.None) Not registered. Aborting.
[2017.10.01-00.00.17:568][729]LogActorComponent: UnregisterComponent: (None.None) Not registered. Aborting.
[2017.10.01-00.00.17:600][729]LogDirectoryWatcher: A directory notification for 'C:/Users/macke/Desktop/RChase/Content/' was aborted.
[2017.10.01-00.00.17:814][729]LogExit: Editor shut down
[2017.10.01-00.00.17:849][729]LogExit: Transaction tracking system shut down
[2017.10.01-00.00.18:079][729]LogDirectoryWatcher: A directory notification for '../../../Engine/Content/' was aborted.
[2017.10.01-00.00.18:079][729]LogDirectoryWatcher: A directory notification for '../../../../../../Users/macke/Desktop/RChase/Content/' was aborted.
[2017.10.01-00.00.18:079][729]LogDirectoryWatcher: A directory notification for '../../../Engine/Plugins/2D/Paper2D/Content/' was aborted.
[2017.10.01-00.00.18:079][729]LogDirectoryWatcher: A directory notification for '../../../Engine/Plugins/Runtime/Oculus/OculusVR/Content/' was aborted.
[2017.10.01-00.00.18:080][729]LogDirectoryWatcher: A directory notification for '../../../Engine/Plugins/Runtime/Steam/SteamVR/Content/' was aborted.
[2017.10.01-00.00.18:342][729]LogExit: Object subsystem successfully closed.
[2017.10.01-00.00.18:372][729]LogD3D11RHI: Shutdown
[2017.10.01-00.00.18:372][729]LogD3D11RHI: CleanupD3DDevice
[2017.10.01-00.00.18:493][729]LogD3D11RHI: ~FD3D11DynamicRHI
[2017.10.01-00.00.18:520][729]LogModuleManager: Shutting down and abandoning module MovieSceneCapture (538)
[2017.10.01-00.00.18:520][729]LogModuleManager: Shutting down and abandoning module BlueprintGraph (536)
[2017.10.01-00.00.18:520][729]LogModuleManager: Shutting down and abandoning module BlueprintProfiler (534)
[2017.10.01-00.00.18:520][729]LogModuleManager: Shutting down and abandoning module StatsViewer (532)
[2017.10.01-00.00.18:520][729]LogModuleManager: Shutting down and abandoning module HierarchicalLODOutliner (530)
[2017.10.01-00.00.18:520][729]LogModuleManager: Shutting down and abandoning module SceneOutliner (528)
[2017.10.01-00.00.18:520][729]LogModuleManager: Shutting down and abandoning module AddContentDialog (526)
[2017.10.01-00.00.18:520][729]LogDirectoryWatcher: A directory notification for 'C:/Program Files/Epic Games/UE_4.17/FeaturePacks/' was aborted.
[2017.10.01-00.00.18:526][729]LogModuleManager: Shutting down and abandoning module WidgetCarousel (525)
[2017.10.01-00.00.18:526][729]LogModuleManager: Shutting down and abandoning module EditorWidgets (522)
[2017.10.01-00.00.18:526][729]LogModuleManager: Shutting down and abandoning module CollectionManager (520)
[2017.10.01-00.00.18:526][729]LogDirectoryWatcher: A directory notification for 'C:/Users/macke/Desktop/RChase/Content/Collections/' was aborted.
[2017.10.01-00.00.18:526][729]LogDirectoryWatcher: A directory notification for 'C:/Users/macke/Desktop/RChase/Content/Developers/macke/Collections/' was aborted.
[2017.10.01-00.00.18:526][729]LogDirectoryWatcher: A directory notification for 'C:/Users/macke/Desktop/RChase/Saved/Collections/' was aborted.
[2017.10.01-00.00.18:527][729]LogModuleManager: Shutting down and abandoning module FoliageEdit (518)
[2017.10.01-00.00.18:527][729]LogModuleManager: Shutting down and abandoning module LandscapeEditor (516)
[2017.10.01-00.00.18:527][729]LogModuleManager: Shutting down and abandoning module MeshPaintMode (514)
[2017.10.01-00.00.18:527][729]LogModuleManager: Shutting down and abandoning module SceneDepthPickerMode (512)
[2017.10.01-00.00.18:527][729]LogModuleManager: Shutting down and abandoning module ActorPickerMode (510)
[2017.10.01-00.00.18:527][729]LogModuleManager: Shutting down and abandoning module GeometryMode (508)
[2017.10.01-00.00.18:527][729]LogModuleManager: Shutting down and abandoning module TextureAlignMode (506)
[2017.10.01-00.00.18:527][729]LogModuleManager: Shutting down and abandoning module BspMode (504)
[2017.10.01-00.00.18:527][729]LogModuleManager: Shutting down and abandoning module PIEPreviewDeviceProfileSelector (502)
[2017.10.01-00.00.18:527][729]LogModuleManager: Shutting down and abandoning module HardwareSurvey (500)
[2017.10.01-00.00.18:527][729]LogModuleManager: Shutting down and abandoning module SequenceRecorderSections (498)
[2017.10.01-00.00.18:527][729]LogModuleManager: Shutting down and abandoning module AutomationWorker (496)
[2017.10.01-00.00.18:527][729]LogModuleManager: Shutting down and abandoning module MatineeToLevelSequence (494)
[2017.10.01-00.00.18:527][729]LogModuleManager: Shutting down and abandoning module LevelSequenceEditor (492)
[2017.10.01-00.00.18:527][729]LogModuleManager: Shutting down and abandoning module PlacementMode (491)
[2017.10.01-00.00.18:527][729]LogModuleManager: Shutting down and abandoning module WmfMediaFactory (488)
[2017.10.01-00.00.18:527][729]LogModuleManager: Shutting down and abandoning module WmfMediaEditor (486)
[2017.10.01-00.00.18:527][729]LogModuleManager: Shutting down and abandoning module AvfMediaFactory (484)
[2017.10.01-00.00.18:527][729]LogModuleManager: Shutting down and abandoning module AvfMediaEditor (482)
[2017.10.01-00.00.18:527][729]LogModuleManager: Shutting down and abandoning module AndroidMediaFactory (480)
[2017.10.01-00.00.18:527][729]LogModuleManager: Shutting down and abandoning module Media (479)
[2017.10.01-00.00.18:527][729]LogModuleManager: Shutting down and abandoning module AndroidMediaEditor (476)
[2017.10.01-00.00.18:527][729]LogModuleManager: Shutting down and abandoning module CharacterAI (474)
[2017.10.01-00.00.18:527][729]LogModuleManager: Shutting down and abandoning module AudioCapture (472)
[2017.10.01-00.00.18:527][729]LogModuleManager: Shutting down and abandoning module SequenceRecorder (471)
[2017.10.01-00.00.18:527][729]LogModuleManager: Shutting down and abandoning module SmartSnapping (468)
[2017.10.01-00.00.18:527][729]LogModuleManager: Shutting down and abandoning module SessionServices (466)
[2017.10.01-00.00.18:528][729]LogModuleManager: Shutting down and abandoning module ViewportSnapping (464)
[2017.10.01-00.00.18:528][729]LogModuleManager: Shutting down and abandoning module ViewportInteraction (462)
[2017.10.01-00.00.18:528][729]LogModuleManager: Shutting down and abandoning module ClothPainter (460)
[2017.10.01-00.00.18:528][729]LogModuleManager: Shutting down and abandoning module LogVisualizer (458)
[2017.10.01-00.00.18:528][729]LogModuleManager: Shutting down and abandoning module IntroTutorials (456)
[2017.10.01-00.00.18:528][729]LogModuleManager: Shutting down and abandoning module GameProjectGeneration (455)
[2017.10.01-00.00.18:528][729]LogModuleManager: Shutting down and abandoning module IOSPlatformEditor (452)
[2017.10.01-00.00.18:528][729]LogModuleManager: Shutting down and abandoning module HTML5PlatformEditor (450)
[2017.10.01-00.00.18:528][729]LogModuleManager: Shutting down and abandoning module AndroidPlatformEditor (448)
[2017.10.01-00.00.18:528][729]LogModuleManager: Shutting down and abandoning module AndroidDeviceDetection (447)
[2017.10.01-00.00.19:120][729]LogModuleManager: Shutting down and abandoning module WindowsPlatformEditor (444)
[2017.10.01-00.00.19:120][729]LogModuleManager: Shutting down and abandoning module IOSRuntimeSettings (442)
[2017.10.01-00.00.19:121][729]LogModuleManager: Shutting down and abandoning module AndroidRuntimeSettings (440)
[2017.10.01-00.00.19:121][729]LogModuleManager: Shutting down and abandoning module InputBindingEditor (438)
[2017.10.01-00.00.19:121][729]LogModuleManager: Shutting down and abandoning module MergeActors (436)
[2017.10.01-00.00.19:121][729]LogModuleManager: Shutting down and abandoning module SizeMap (434)
[2017.10.01-00.00.19:121][729]LogModuleManager: Shutting down and abandoning module TreeMap (432)
[2017.10.01-00.00.19:121][729]LogModuleManager: Shutting down and abandoning module ReferenceViewer (430)
[2017.10.01-00.00.19:121][729]LogModuleManager: Shutting down and abandoning module LocalizationDashboard (428)
[2017.10.01-00.00.19:121][729]LogModuleManager: Shutting down and abandoning module LocalizationService (427)
[2017.10.01-00.00.19:121][729]LogModuleManager: Shutting down and abandoning module HardwareTargeting (424)
[2017.10.01-00.00.19:121][729]LogModuleManager: Shutting down and abandoning module DeviceProfileEditor (422)
[2017.10.01-00.00.19:121][729]LogModuleManager: Shutting down and abandoning module UndoHistory (420)
[2017.10.01-00.00.19:122][729]LogModuleManager: Shutting down and abandoning module XmlParser (418)
[2017.10.01-00.00.19:122][729]LogModuleManager: Shutting down and abandoning module Blutility (416)
[2017.10.01-00.00.19:122][729]LogModuleManager: Shutting down and abandoning module ProjectSettingsViewer (414)
[2017.10.01-00.00.19:122][729]LogModuleManager: Shutting down and abandoning module ProjectTargetPlatformEditor (413)
[2017.10.01-00.00.19:122][729]LogModuleManager: Shutting down and abandoning module EditorSettingsViewer (410)
[2017.10.01-00.00.19:123][729]LogModuleManager: Shutting down and abandoning module SettingsEditor (408)
[2017.10.01-00.00.19:123][729]LogModuleManager: Shutting down and abandoning module ProjectLauncher (406)
[2017.10.01-00.00.19:123][729]LogModuleManager: Shutting down and abandoning module SessionFrontend (404)
[2017.10.01-00.00.19:123][729]LogModuleManager: Shutting down and abandoning module ProfilerClient (402)
[2017.10.01-00.00.19:123][729]LogModuleManager: Shutting down and abandoning module DeviceManager (400)
[2017.10.01-00.00.19:123][729]LogModuleManager: Shutting down and abandoning module TargetDeviceServices (399)
[2017.10.01-00.00.19:179][729]LogModuleManager: Shutting down and abandoning module AutomationController (396)
[2017.10.01-00.00.19:179][729]LogModuleManager: Shutting down and abandoning module AutomationWindow (394)
[2017.10.01-00.00.19:179][729]LogModuleManager: Shutting down and abandoning module Layers (392)
[2017.10.01-00.00.19:179][729]LogModuleManager: Shutting down and abandoning module ComponentVisualizers (390)
[2017.10.01-00.00.19:179][729]LogModuleManager: Shutting down and abandoning module DetailCustomizations (388)
[2017.10.01-00.00.19:179][729]LogModuleManager: Shutting down and abandoning module PackagesDialog (386)
[2017.10.01-00.00.19:180][729]LogModuleManager: Shutting down and abandoning module Persona (384)
[2017.10.01-00.00.19:180][729]LogModuleManager: Shutting down and abandoning module AdvancedPreviewScene (383)
[2017.10.01-00.00.19:180][729]LogModuleManager: Shutting down and abandoning module AnimGraph (381)
[2017.10.01-00.00.19:180][729]LogModuleManager: Shutting down and abandoning module Kismet (378)
[2017.10.01-00.00.19:205][729]LogModuleManager: Shutting down and abandoning module ClassViewer (376)
[2017.10.01-00.00.19:209][729]LogModuleManager: Shutting down and abandoning module Toolbox (374)
[2017.10.01-00.00.19:209][729]LogModuleManager: Shutting down and abandoning module ModuleUI (372)
[2017.10.01-00.00.19:209][729]LogModuleManager: Shutting down and abandoning module MovieSceneTools (370)
[2017.10.01-00.00.19:209][729]LogModuleManager: Shutting down and abandoning module OutputLog (368)
[2017.10.01-00.00.19:209][729]LogModuleManager: Shutting down and abandoning module GammaUI (366)
[2017.10.01-00.00.19:209][729]LogModuleManager: Shutting down and abandoning module Documentation (364)
[2017.10.01-00.00.19:210][729]LogModuleManager: Shutting down and abandoning module MovieSceneTracks (362)
[2017.10.01-00.00.19:210][729]LogModuleManager: Shutting down and abandoning module MovieScene (360)
[2017.10.01-00.00.19:210][729]LogModuleManager: Shutting down and abandoning module Niagara (358)
[2017.10.01-00.00.19:210][729]LogModuleManager: Shutting down and abandoning module NiagaraEditor (357)
[2017.10.01-00.00.19:210][729]LogModuleManager: Shutting down and abandoning module StreamingPauseRendering (354)
[2017.10.01-00.00.19:210][729]LogModuleManager: Shutting down and abandoning module LauncherPlatform (352)
[2017.10.01-00.00.19:210][729]LogModuleManager: Shutting down and abandoning module AnalyticsET (350)
[2017.10.01-00.00.19:210][729]LogModuleManager: Shutting down and abandoning module PortalServices (348)
[2017.10.01-00.00.19:210][729]LogModuleManager: Shutting down and abandoning module PortalRpc (346)
[2017.10.01-00.00.19:210][729]LogModuleManager: Shutting down and abandoning module MessagingRpc (344)
[2017.10.01-00.00.19:211][729]LogModuleManager: Shutting down and abandoning module AIModule (342)
[2017.10.01-00.00.19:211][729]LogModuleManager: Shutting down and abandoning module GameplayDebugger (341)
[2017.10.01-00.00.19:211][729]LogModuleManager: Shutting down and abandoning module AITestSuite (339)
[2017.10.01-00.00.19:211][729]LogModuleManager: Shutting down and abandoning module ProfilerService (336)
[2017.10.01-00.00.19:327][729]LogModuleManager: Shutting down and abandoning module TaskGraph (334)
[2017.10.01-00.00.19:327][729]LogModuleManager: Shutting down and abandoning module SteamVRController (332)
[2017.10.01-00.00.19:327][729]LogModuleManager: Shutting down and abandoning module ProceduralMeshComponentEditor (330)
[2017.10.01-00.00.19:328][729]LogModuleManager: Shutting down and abandoning module ProceduralMeshComponent (328)
[2017.10.01-00.00.19:328][729]LogModuleManager: Shutting down and abandoning module OculusInput (326)
[2017.10.01-00.00.19:328][729]LogModuleManager: Shutting down and abandoning module MobilePatchingUtils (324)
[2017.10.01-00.00.19:328][729]LogModuleManager: Shutting down and abandoning module CustomMeshComponent (322)
[2017.10.01-00.00.19:328][729]LogModuleManager: Shutting down and abandoning module CableComponent (320)
[2017.10.01-00.00.19:328][729]LogModuleManager: Shutting down and abandoning module ArchVisCharacter (318)
[2017.10.01-00.00.19:328][729]LogModuleManager: Shutting down and abandoning module AndroidPermission (316)
[2017.10.01-00.00.19:328][729]LogModuleManager: Shutting down and abandoning module MediaPlayerEditor (312)
[2017.10.01-00.00.19:328][729]LogModuleManager: Shutting down and abandoning module RawInput (310)
[2017.10.01-00.00.19:329][729]LogModuleManager: Shutting down and abandoning module HTML5Networking (308)
[2017.10.01-00.00.19:329][729]LogModuleManager: Shutting down and abandoning module AlembicImporter (306)
[2017.10.01-00.00.19:329][729]LogModuleManager: Shutting down and abandoning module AlembicLibrary (305)
[2017.10.01-00.00.19:329][729]LogModuleManager: Shutting down and abandoning module GeometryCache (304)
[2017.10.01-00.00.19:329][729]LogModuleManager: Shutting down and abandoning module GeometryCacheEd (303)
[2017.10.01-00.00.19:329][729]LogModuleManager: Shutting down and abandoning module SpeedTreeImporter (298)
[2017.10.01-00.00.19:329][729]LogModuleManager: Shutting down and abandoning module PluginBrowser (296)
[2017.10.01-00.00.19:329][729]LogModuleManager: Shutting down and abandoning module MobileLauncherProfileWizard (294)
[2017.10.01-00.00.19:329][729]LogModuleManager: Shutting down and abandoning module VisualStudioSourceCodeAccess (292)
[2017.10.01-00.00.19:329][729]LogModuleManager: Shutting down and abandoning module DesktopPlatform (291)
[2017.10.01-00.00.19:329][729]LogModuleManager: Shutting down and abandoning module UObjectPlugin (288)
[2017.10.01-00.00.19:329][729]LogModuleManager: Shutting down and abandoning module SubversionSourceControl (286)
[2017.10.01-00.00.19:329][729]LogModuleManager: Shutting down and abandoning module PerforceSourceControl (284)
[2017.10.01-00.00.19:329][729]LogModuleManager: Shutting down and abandoning module GitSourceControl (282)
[2017.10.01-00.00.19:329][729]LogModuleManager: Shutting down and abandoning module SourceControl (281)
[2017.10.01-00.00.19:329][729]LogModuleManager: Shutting down and abandoning module LightPropagationVolumeEditor (278)
[2017.10.01-00.00.19:329][729]LogModuleManager: Shutting down and abandoning module PaperTiledImporter (276)
[2017.10.01-00.00.19:329][729]LogModuleManager: Shutting down and abandoning module PaperSpriteSheetImporter (274)
[2017.10.01-00.00.19:329][729]LogModuleManager: Shutting down and abandoning module Paper2DEditor (272)
[2017.10.01-00.00.19:329][729]LogModuleManager: Shutting down and abandoning module MeshPaint (271)
[2017.10.01-00.00.19:329][729]LogModuleManager: Shutting down and abandoning module LevelEditor (269)
[2017.10.01-00.00.19:331][729]LogModuleManager: Shutting down and abandoning module PixelInspectorModule (268)
[2017.10.01-00.00.19:331][729]LogModuleManager: Shutting down and abandoning module MainFrame (266)
[2017.10.01-00.00.19:331][729]LogModuleManager: Shutting down and abandoning module HotReload (265)
[2017.10.01-00.00.19:332][729]LogModuleManager: Shutting down and abandoning module RuntimePhysXCooking (260)
[2017.10.01-00.00.19:332][729]LogModuleManager: Shutting down and abandoning module PhysXVehiclesEditor (258)
[2017.10.01-00.00.19:332][729]LogModuleManager: Shutting down and abandoning module PhysXVehicles (256)
[2017.10.01-00.00.19:332][729]LogModuleManager: Shutting down and abandoning module OculusEditor (254)
[2017.10.01-00.00.19:332][729]LogModuleManager: Shutting down and abandoning module LocationServicesBPLibrary (252)
[2017.10.01-00.00.19:332][729]LogModuleManager: Shutting down and abandoning module ImmediatePhysicsEditor (250)
[2017.10.01-00.00.19:332][729]LogModuleManager: Shutting down and abandoning module ImmediatePhysics (248)
[2017.10.01-00.00.19:332][729]LogModuleManager: Shutting down and abandoning module UdpMessaging (246)
[2017.10.01-00.00.19:434][729]LogModuleManager: Shutting down and abandoning module TcpMessaging (244)
[2017.10.01-00.00.19:535][729]LogModuleManager: Shutting down and abandoning module GameplayTagsEditor (242)
[2017.10.01-00.00.19:535][729]LogModuleManager: Shutting down and abandoning module FacialAnimationEditor (240)
[2017.10.01-00.00.19:535][729]LogModuleManager: Shutting down and abandoning module FacialAnimation (238)
[2017.10.01-00.00.19:535][729]LogModuleManager: Shutting down and abandoning module AssetManagerEditor (236)
[2017.10.01-00.00.19:535][729]LogModuleManager: Shutting down and abandoning module GraphEditor (235)
[2017.10.01-00.00.19:535][729]LogModuleManager: Shutting down and abandoning module ContentBrowser (233)
[2017.10.01-00.00.19:540][729]LogModuleManager: Shutting down and abandoning module LightPropagationVolumeRuntime (230)
[2017.10.01-00.00.19:540][729]LogModuleManager: Shutting down and abandoning module Paper2D (228)
[2017.10.01-00.00.19:540][729]LogModuleManager: Shutting down and abandoning module WindowsMoviePlayer (226)
[2017.10.01-00.00.19:540][729]LogModuleManager: Shutting down and abandoning module WmfMedia (224)
[2017.10.01-00.00.19:541][729]LogModuleManager: Shutting down and abandoning module PacketHandler (222)
[2017.10.01-00.00.19:541][729]LogModuleManager: Shutting down and abandoning module ClothingSystemEditor (220)
[2017.10.01-00.00.19:541][729]LogModuleManager: Shutting down and abandoning module ClothingSystemRuntime (218)
[2017.10.01-00.00.19:541][729]LogModuleManager: Shutting down and abandoning module Overlay (216)
[2017.10.01-00.00.19:541][729]LogModuleManager: Shutting down and abandoning module OverlayEditor (215)
[2017.10.01-00.00.19:541][729]LogModuleManager: Shutting down and abandoning module MediaAssets (212)
[2017.10.01-00.00.19:541][729]LogModuleManager: Shutting down and abandoning module VREditor (210)
[2017.10.01-00.00.19:541][729]LogModuleManager: Shutting down and abandoning module StringTableEditor (208)
[2017.10.01-00.00.19:541][729]LogModuleManager: Shutting down and abandoning module GameplayTasksEditor (206)
[2017.10.01-00.00.19:541][729]LogModuleManager: Shutting down and abandoning module BehaviorTreeEditor (204)
[2017.10.01-00.00.19:541][729]LogModuleManager: Shutting down and abandoning module FunctionalTesting (202)
[2017.10.01-00.00.19:541][729]LogModuleManager: Shutting down and abandoning module CollisionAnalyzer (200)
[2017.10.01-00.00.19:541][729]LogModuleManager: Shutting down and abandoning module WorkspaceMenuStructure (199)
[2017.10.01-00.00.19:542][729]LogModuleManager: Shutting down and abandoning module UMG (196)
[2017.10.01-00.00.19:542][729]LogModuleManager: Shutting down and abandoning module UMGEditor (195)
[2017.10.01-00.00.19:542][729]LogModuleManager: Shutting down and abandoning module Sequencer (194)
[2017.10.01-00.00.19:542][729]LogModuleManager: Shutting down and abandoning module MessageLog (191)
[2017.10.01-00.00.19:542][729]LogModuleManager: Shutting down and abandoning module SlateReflector (186)
[2017.10.01-00.00.19:542][729]LogModuleManager: Shutting down and abandoning module Slate (184)
[2017.10.01-00.00.19:542][729]LogModuleManager: Shutting down and abandoning module EditorStyle (182)
[2017.10.01-00.00.19:551][729]LogModuleManager: Shutting down and abandoning module MRMesh (180)
[2017.10.01-00.00.19:551][729]LogModuleManager: Shutting down and abandoning module SourceCodeAccess (178)
[2017.10.01-00.00.19:551][729]LogModuleManager: Shutting down and abandoning module HeadMountedDisplay (176)
[2017.10.01-00.00.19:551][729]LogModuleManager: Shutting down and abandoning module XAudio2 (174)
[2017.10.01-00.00.19:551][729]LogModuleManager: Shutting down and abandoning module Networking (172)
[2017.10.01-00.00.19:551][729]LogModuleManager: Shutting down and abandoning module Core (168)
[2017.10.01-00.00.19:551][729]LogModuleManager: Shutting down and abandoning module KismetCompiler (164)
[2017.10.01-00.00.19:551][729]LogModuleManager: Shutting down and abandoning module LevelSequence (162)
[2017.10.01-00.00.19:552][729]LogModuleManager: Shutting down and abandoning module MeshUtilities (160)
[2017.10.01-00.00.19:552][729]LogModuleManager: Shutting down and abandoning module MeshMergeUtilities (159)
[2017.10.01-00.00.19:552][729]LogModuleManager: Shutting down and abandoning module MeshReductionInterface (158)
[2017.10.01-00.00.19:552][729]LogModuleManager: Shutting down and abandoning module SimplygonSwarm (157)
[2017.10.01-00.00.19:552][729]LogModuleManager: Shutting down and abandoning module SimplygonMeshReduction (155)
[2017.10.01-00.00.19:552][729]LogModuleManager: Shutting down and abandoning module QuadricMeshReduction (153)
[2017.10.01-00.00.19:552][729]LogModuleManager: Shutting down and abandoning module MaterialBaking (149)
[2017.10.01-00.00.19:552][729]LogModuleManager: Shutting down and abandoning module DirectoryWatcher (146)
[2017.10.01-00.00.19:568][729]LogModuleManager: Shutting down and abandoning module DerivedDataCache (144)
[2017.10.01-00.00.19:628][729]LogDerivedDataCache: Shutdown
[2017.10.01-00.00.19:628][729]LogModuleManager: Shutting down and abandoning module TargetPlatform (142)
[2017.10.01-00.00.19:628][729]LogModuleManager: Shutting down and abandoning module VulkanShaderFormat (141)
[2017.10.01-00.00.19:628][729]LogModuleManager: Shutting down and abandoning module ShaderFormatVectorVM (139)
[2017.10.01-00.00.19:629][729]LogModuleManager: Shutting down and abandoning module ShaderFormatOpenGL (137)
[2017.10.01-00.00.19:629][729]LogModuleManager: Shutting down and abandoning module ShaderFormatD3D (135)
[2017.10.01-00.00.19:629][729]LogModuleManager: Shutting down and abandoning module MetalShaderFormat (133)
[2017.10.01-00.00.19:629][729]LogModuleManager: Shutting down and abandoning module TextureFormatUncompressed (131)
[2017.10.01-00.00.19:629][729]LogModuleManager: Shutting down and abandoning module TextureFormatPVR (129)
[2017.10.01-00.00.19:629][729]LogModuleManager: Shutting down and abandoning module TextureFormatDXT (127)
[2017.10.01-00.00.19:629][729]LogModuleManager: Shutting down and abandoning module TextureFormatIntelISPCTexComp (125)
[2017.10.01-00.00.19:630][729]LogModuleManager: Shutting down and abandoning module TextureFormatASTC (123)
[2017.10.01-00.00.19:630][729]LogModuleManager: Shutting down and abandoning module ImageWrapper (122)
[2017.10.01-00.00.19:630][729]LogModuleManager: Shutting down and abandoning module TextureFormatAndroid (119)
[2017.10.01-00.00.19:630][729]LogModuleManager: Shutting down and abandoning module AudioFormatOpus (117)
[2017.10.01-00.00.19:630][729]LogModuleManager: Shutting down and abandoning module AudioFormatOgg (115)
[2017.10.01-00.00.19:630][729]LogModuleManager: Shutting down and abandoning module AudioFormatADPCM (113)
[2017.10.01-00.00.19:630][729]LogModuleManager: Shutting down and abandoning module LinuxTargetPlatform (111)
[2017.10.01-00.00.19:630][729]LogModuleManager: Shutting down and abandoning module LinuxServerTargetPlatform (109)
[2017.10.01-00.00.19:630][729]LogModuleManager: Shutting down and abandoning module LinuxNoEditorTargetPlatform (107)
[2017.10.01-00.00.19:630][729]LogModuleManager: Shutting down and abandoning module LinuxClientTargetPlatform (105)
[2017.10.01-00.00.19:631][729]LogModuleManager: Shutting down and abandoning module TVOSTargetPlatform (103)
[2017.10.01-00.00.19:631][729]LogModuleManager: Shutting down and abandoning module Messaging (101)
[2017.10.01-00.00.19:631][729]LogModuleManager: Shutting down and abandoning module IOSTargetPlatform (99)
[2017.10.01-00.00.19:631][729]LogModuleManager: Shutting down and abandoning module HTML5TargetPlatform (97)
[2017.10.01-00.00.19:631][729]LogModuleManager: Shutting down and abandoning module Android_PVRTCTargetPlatform (95)
[2017.10.01-00.00.19:631][729]LogModuleManager: Shutting down and abandoning module Android_MultiTargetPlatform (93)
[2017.10.01-00.00.19:631][729]LogModuleManager: Shutting down and abandoning module Android_ETC2TargetPlatform (91)
[2017.10.01-00.00.19:631][729]LogModuleManager: Shutting down and abandoning module Android_ETC1TargetPlatform (89)
[2017.10.01-00.00.19:631][729]LogModuleManager: Shutting down and abandoning module Android_DXTTargetPlatform (87)
[2017.10.01-00.00.19:631][729]LogModuleManager: Shutting down and abandoning module Android_ATCTargetPlatform (85)
[2017.10.01-00.00.19:631][729]LogModuleManager: Shutting down and abandoning module Android_ASTCTargetPlatform (83)
[2017.10.01-00.00.19:631][729]LogModuleManager: Shutting down and abandoning module AndroidTargetPlatform (81)
[2017.10.01-00.00.19:631][729]LogModuleManager: Shutting down and abandoning module WindowsTargetPlatform (79)
[2017.10.01-00.00.19:632][729]LogModuleManager: Shutting down and abandoning module WindowsServerTargetPlatform (77)
[2017.10.01-00.00.19:632][729]LogModuleManager: Shutting down and abandoning module WindowsNoEditorTargetPlatform (75)
[2017.10.01-00.00.19:632][729]LogModuleManager: Shutting down and abandoning module WindowsClientTargetPlatform (73)
[2017.10.01-00.00.19:632][729]LogModuleManager: Shutting down and abandoning module MacTargetPlatform (71)
[2017.10.01-00.00.19:632][729]LogModuleManager: Shutting down and abandoning module MacServerTargetPlatform (69)
[2017.10.01-00.00.19:632][729]LogModuleManager: Shutting down and abandoning module MacNoEditorTargetPlatform (67)
[2017.10.01-00.00.19:632][729]LogModuleManager: Shutting down and abandoning module MacClientTargetPlatform (65)
[2017.10.01-00.00.19:632][729]LogModuleManager: Shutting down and abandoning module AllDesktopTargetPlatform (63)
[2017.10.01-00.00.19:632][729]LogModuleManager: Shutting down and abandoning module InputCore (60)
[2017.10.01-00.00.19:632][729]LogModuleManager: Shutting down and abandoning module Settings (58)
[2017.10.01-00.00.19:633][729]LogModuleManager: Shutting down and abandoning module PhysXCooking (56)
[2017.10.01-00.00.19:633][729]LogModuleManager: Shutting down and abandoning module SteamVR (54)
[2017.10.01-00.00.19:633][729]LogModuleManager: Shutting down and abandoning module OculusHMD (52)
[2017.10.01-00.00.19:633][729]LogModuleManager: Shutting down and abandoning module ExampleDeviceProfileSelector (50)
[2017.10.01-00.00.19:633][729]LogModuleManager: Shutting down and abandoning module OnlineBlueprintSupport (48)
[2017.10.01-00.00.19:633][729]LogModuleManager: Shutting down and abandoning module OnlineSubsystem (44)
[2017.10.01-00.00.19:633][729]LogOnline: Display: Unloading online subsystem: NULL
[2017.10.01-00.00.19:633][729]LogModuleManager: Shutting down and abandoning module XMPP (43)
[2017.10.01-00.00.19:634][729]LogModuleManager: Shutting down and abandoning module HTTP (41)
[2017.10.01-00.00.19:634][729]LogHttp: Display: Http module shutting down, but needs to wait on 1 outstanding Http requests:
[2017.10.01-00.00.19:634][729]LogHttp: Display: 	verb=[POST] url=[https://datarouter.ol.epicgames.com/datarouter/api/v1/public/data?SessionID=%7B7531A666-439A-233B-901E-9BA069635ED2%7D&AppID=UEEditor.Rocket.Release&AppVersion=4.17.2-3658906%2B%2B%2BUE4%2BRelease-4.17&UserID=cb42996a466a7830b4b4bba9a39953b1%7Ca45cb0bade924b2da3e8fb00469209ee%7C88cba7cd-fb76-4a80-af68-2b5d398ba68b&AppEnvironment=datacollector-binary&UploadType=eteventstream] status=Processing
[2017.10.01-00.00.19:648][729]LogModuleManager: Shutting down and abandoning module SSL (40)
[2017.10.01-00.00.19:653][729]LogModuleManager: Shutting down and abandoning module AnimationModifiers (36)
[2017.10.01-00.00.19:653][729]LogModuleManager: Shutting down and abandoning module PropertyEditor (35)
[2017.10.01-00.00.19:654][729]LogModuleManager: Shutting down and abandoning module AudioEditor (32)
[2017.10.01-00.00.19:654][729]LogModuleManager: Shutting down and abandoning module TextureCompressor (30)
[2017.10.01-00.00.19:654][729]LogModuleManager: Shutting down and abandoning module ShaderCore (28)
[2017.10.01-00.00.19:654][729]LogModuleManager: Shutting down and abandoning module Landscape (26)
[2017.10.01-00.00.19:654][729]LogModuleManager: Shutting down and abandoning module SlateRHIRenderer (24)
[2017.10.01-00.00.19:663][729]LogModuleManager: Shutting down and abandoning module OpenGLDrv (22)
[2017.10.01-00.00.19:663][729]LogModuleManager: Shutting down and abandoning module D3D11RHI (20)
[2017.10.01-00.00.19:663][729]LogModuleManager: Shutting down and abandoning module AnimGraphRuntime (18)
[2017.10.01-00.00.19:663][729]LogModuleManager: Shutting down and abandoning module Renderer (16)
[2017.10.01-00.00.19:663][729]LogModuleManager: Shutting down and abandoning module Engine (14)
[2017.10.01-00.00.19:663][729]LogModuleManager: Shutting down and abandoning module CoreUObject (12)
[2017.10.01-00.00.19:663][729]LogModuleManager: Shutting down and abandoning module NetworkFile (10)
[2017.10.01-00.00.19:664][729]LogModuleManager: Shutting down and abandoning module CookedIterativeFile (8)
[2017.10.01-00.00.19:664][729]LogModuleManager: Shutting down and abandoning module StreamingFile (6)
[2017.10.01-00.00.19:664][729]LogModuleManager: Shutting down and abandoning module SandboxFile (4)
[2017.10.01-00.00.19:664][729]LogModuleManager: Shutting down and abandoning module PakFile (2)
[2017.10.01-00.00.19:671][729]LogExit: Exiting.
[2017.10.01-00.00.19:720][729]Log file closed, 09/30/17 20:00:19
